#
# A fatal error has been detected by the Java Runtime Environment:
#
#  SIGSEGV (0xb) at pc=0x0000000116fbe027, pid=18074, tid=0x0000000000012a0b
#
# JRE version: Java(TM) SE Runtime Environment (8.0_171-b11) (build 1.8.0_171-b11)
# Java VM: Java HotSpot(TM) 64-Bit Server VM (25.171-b11 mixed mode bsd-amd64 compressed oops)
# Problematic frame:
# C  [libawt_lwawt.dylib+0x1c027]  OGLSD_SetScratchSurface+0x49
#
# Failed to write core dump. Core dumps have been disabled. To enable core dumping, try "ulimit -c unlimited" before starting Java again
#
# If you would like to submit a bug report, please visit:
#   http://bugreport.java.com/bugreport/crash.jsp
# The crash happened outside the Java Virtual Machine in native code.
# See problematic frame for where to report the bug.
#

---------------  T H R E A D  ---------------

Current thread (0x00007fcb5226e800):  JavaThread "Java2D Queue Flusher" daemon [_thread_in_native, id=76299, stack(0x00007000c5442000,0x00007000e4842000)]

siginfo: si_signo: 11 (SIGSEGV), si_code: 1 (SEGV_MAPERR), si_addr: 0x0000000000000002

Registers:
RAX=0x00000000ffffffff, RBX=0x0000000000000002, RCX=0x0000000000000047, RDX=0x0000000116fdfb14
RSP=0x00007000e48417d0, RBP=0x00007000e48417f0, RSI=0x00007fcb4f63db80, RDI=0x00007fcb5226e9f8
R8 =0x0000000000affb5f, R9 =0xffffffff00000000, R10=0x00000001186481b8, R11=0x00000000d801abdd
R12=0x0000000000000000, R13=0x00007000e4841900, R14=0x00007fcb5226e9f8, R15=0x00007fcb5226e800
RIP=0x0000000116fbe027, EFLAGS=0x0000000000010202, ERR=0x0000000000000004
  TRAPNO=0x000000000000000e

Top of Stack: (sp=0x00007000e48417d0)
0x00007000e48417d0:   00007fcb4f63db80 0000000000000000
0x00007000e48417e0:   00007fcb52291c10 00007fcb5226e800
0x00007000e48417f0:   00007000e4841870 0000000116fdf5f2
0x00007000e4841800:   0000000000000064 0000000000000000
0x00007000e4841810:   0000000000000064 00007fcb50b540e8
0x00007000e4841820:   00007000e4841880 0000000109f50fd8
0x00007000e4841830:   00007fcb00000005 00007fcb52291c20
0x00007000e4841840:   0000000000000001 00007fcb5226e9f8
0x00007000e4841850:   0000000114aa3aa0 0000000000000000
0x00007000e4841860:   00007000e4841980 00007fcb5226e800
0x00007000e4841870:   00007000e48418c0 000000011864822a
0x00007000e4841880:   00000006c00d5ed0 0000000117cb14e8
0x00007000e4841890:   00000006c00d5f58 0000000117dcf5e6
0x00007000e48418a0:   00000006c00d5f58 00000006c66a5460
0x00007000e48418b0:   00007000e48418b0 000000017225a88f
0x00007000e48418c0:   00000006c00d5ed0 000000011829bfd0
0x00007000e48418d0:   00007000e4841958 00000001177a62bd
0x00007000e48418e0:   00007000e4841958 00000001177a62bd
0x00007000e48418f0:   0000000000000064 00000001177a62bd
0x00007000e4841900:   00000006c00d5ed0 0000000000000001
0x00007000e4841910:   00000006c00d5f58 00007000e4841908
0x00007000e4841920:   0000000114aa72c9 00007000e4841980
0x00007000e4841930:   0000000114aa76f8 0000000170e9e518
0x00007000e4841940:   0000000114aa73d0 00007000e4841900
0x00007000e4841950:   00007000e4841980 00007000e48419f0
0x00007000e4841960:   000000011779e7a7 0000000000000000
0x00007000e4841970:   0000000000000000 deaddeaf00000000
0x00007000e4841980:   00000006c00d5f58 00000006c00d5f58
0x00007000e4841990:   0000700000001fa0 000000000000000a
0x00007000e48419a0:   00007fcb5226e800 0000000000000001
0x00007000e48419b0:   000000011779e71f 0000000114aa73d0
0x00007000e48419c0:   00007000e4841a88 00007000e4841d20 

Instructions: (pc=0x0000000116fbe027)
0x0000000116fbe007:   c0 e9 82 00 00 00 48 8b 5e 10 48 85 db 75 0e bf
0x0000000116fbe017:   01 00 00 00 48 8d 15 a8 96 03 00 eb d6 49 89 fe
0x0000000116fbe027:   4c 8b 3b 30 c0 e8 ff bc 02 00 49 8b 3f 49 89 c4
0x0000000116fbe037:   48 8b 35 02 29 06 00 30 c0 e8 4d be 02 00 48 85 

Register to memory mapping:

RAX=0x00000000ffffffff is an unknown value
RBX=0x0000000000000002 is an unknown value
RCX=0x0000000000000047 is an unknown value
RDX=0x0000000116fdfb14: Java_sun_java2d_opengl_OGLRenderQueue_flushBuffer+0xb5c in /Library/Java/JavaVirtualMachines/jdk1.8.0_171.jdk/Contents/Home/jre/lib/libawt_lwawt.dylib at 0x0000000116fa2000
RSP=0x00007000e48417d0 is pointing into the stack for thread: 0x00007fcb5226e800
RBP=0x00007000e48417f0 is pointing into the stack for thread: 0x00007fcb5226e800
RSI=0x00007fcb4f63db80 is an unknown value
RDI=0x00007fcb5226e9f8 is an unknown value
R8 =0x0000000000affb5f is an unknown value
R9 =0xffffffff00000000 is an unknown value
R10=0x00000001186481b8 is at entry_point+56 in (nmethod*)0x0000000118648010
R11=0x00000000d801abdd is an unknown value
R12=0x0000000000000000 is an unknown value
R13=0x00007000e4841900 is pointing into the stack for thread: 0x00007fcb5226e800
R14=0x00007fcb5226e9f8 is an unknown value
R15=0x00007fcb5226e800 is a thread


Stack: [0x00007000c5442000,0x00007000e4842000],  sp=0x00007000e48417d0,  free space=511997k
Native frames: (J=compiled Java code, j=interpreted, Vv=VM code, C=native code)
C  [libawt_lwawt.dylib+0x1c027]  OGLSD_SetScratchSurface+0x49
C  [libawt_lwawt.dylib+0x3d5f2]  Java_sun_java2d_opengl_OGLRenderQueue_flushBuffer+0x63a
J 4219  sun.java2d.opengl.OGLRenderQueue.flushBuffer(JI)V (0 bytes) @ 0x000000011864822a [0x0000000118648180+0xaa]
J 9254 C2 sun.java2d.opengl.OGLRenderQueue.access$100(Lsun/java2d/opengl/OGLRenderQueue;)V (5 bytes) @ 0x000000011829bfd0 [0x000000011829bfa0+0x30]
j  sun.java2d.opengl.OGLRenderQueue$QueueFlusher.run()V+81
v  ~StubRoutines::call_stub
V  [libjvm.dylib+0x2ef1f6]  JavaCalls::call_helper(JavaValue*, methodHandle*, JavaCallArguments*, Thread*)+0x6ae
V  [libjvm.dylib+0x2ef99a]  JavaCalls::call_virtual(JavaValue*, KlassHandle, Symbol*, Symbol*, JavaCallArguments*, Thread*)+0x164
V  [libjvm.dylib+0x2efb46]  JavaCalls::call_virtual(JavaValue*, Handle, KlassHandle, Symbol*, Symbol*, Thread*)+0x4a
V  [libjvm.dylib+0x34a46d]  thread_entry(JavaThread*, Thread*)+0x7c
V  [libjvm.dylib+0x56eb0f]  JavaThread::thread_main_inner()+0x9b
V  [libjvm.dylib+0x57020a]  JavaThread::run()+0x1c2
V  [libjvm.dylib+0x48d4a6]  java_start(Thread*)+0xf6
C  [libsystem_pthread.dylib+0x3339]  _pthread_body+0x7e
C  [libsystem_pthread.dylib+0x62a7]  _pthread_start+0x46
C  [libsystem_pthread.dylib+0x2445]  thread_start+0xd
C  0x0000000000000000

Java frames: (J=compiled Java code, j=interpreted, Vv=VM code)
J 4219  sun.java2d.opengl.OGLRenderQueue.flushBuffer(JI)V (0 bytes) @ 0x00000001186481b8 [0x0000000118648180+0x38]
J 9254 C2 sun.java2d.opengl.OGLRenderQueue.access$100(Lsun/java2d/opengl/OGLRenderQueue;)V (5 bytes) @ 0x000000011829bfd0 [0x000000011829bfa0+0x30]
j  sun.java2d.opengl.OGLRenderQueue$QueueFlusher.run()V+81
v  ~StubRoutines::call_stub

---------------  P R O C E S S  ---------------

Java Threads: ( => current thread )
  0x00007fcb587f1000 JavaThread "Image Fetcher 0" daemon [_thread_blocked, id=279187, stack(0x00007002c3bfd000,0x00007002e2ffd000)]
  0x00007fcb5826f800 JavaThread "IPC Sync Events Thread" [_thread_blocked, id=205999, stack(0x0000704220721000,0x000070423fb21000)]
  0x00007fcb539c8000 JavaThread "IPC Sync Events Thread" [_thread_blocked, id=248959, stack(0x0000704184312000,0x00007041a3712000)]
  0x00007fcb56ad8000 JavaThread "pool-35-thread-2" [_thread_blocked, id=408599, stack(0x000070427e32a000,0x000070429d72a000)]
  0x00007fcb5d003000 JavaThread "pool-35-thread-1" [_thread_blocked, id=408327, stack(0x000070425ef27000,0x000070427e327000)]
  0x00007fcb51caf800 JavaThread "Browser Events Thread" [_thread_blocked, id=407811, stack(0x000070423fb24000,0x000070425ef24000)]
  0x00007fcb4fb29800 JavaThread "Memory Writer SocketInfo{cid=2, bid=2, channelType=Render}" [_thread_blocked, id=407043, stack(0x000070420131e000,0x000070422071e000)]
  0x00007fcb51bf6000 JavaThread "Socket Connection Checker SocketInfo{cid=2, bid=2, channelType=Render}" [_thread_in_native, id=406791, stack(0x0000700268000000,0x0000700287400000)]
  0x00007fcb5e101000 JavaThread "IPC Memory Reader Thread" [_thread_in_native, id=269571, stack(0x0000700163b11000,0x0000700163b91000)]
  0x00007fcb5d002000 JavaThread "IPC Async Events Thread" [_thread_blocked, id=406019, stack(0x00007041e1f1b000,0x000070420131b000)]
  0x00007fcb5d200000 JavaThread "Memory Writer SocketInfo{cid=2, bid=2, channelType=Browser}" [_thread_blocked, id=423427, stack(0x00007041c2b18000,0x00007041e1f18000)]
  0x00007fcb5223f000 JavaThread "Socket Connection Checker SocketInfo{cid=2, bid=2, channelType=Browser}" [_thread_in_native, id=423683, stack(0x00007041a3715000,0x00007041c2b15000)]
  0x00007fcb5e0f9000 JavaThread "IPC Memory Reader Thread" [_thread_in_native, id=424451, stack(0x0000700162988000,0x0000700162a08000)]
  0x00007fcb579b1800 JavaThread "Thread-52" [_thread_blocked, id=138551, stack(0x0000700342518000,0x0000700361918000)]
  0x00007fcb58968000 JavaThread "pool-8-thread-2" [_thread_blocked, id=402947, stack(0x0000704145b0c000,0x0000704164f0c000)]
  0x00007fcb52876800 JavaThread "pool-8-thread-1" [_thread_blocked, id=402715, stack(0x0000704126709000,0x0000704145b09000)]
  0x00007fcb524e2000 JavaThread "Browser Events Thread" [_thread_blocked, id=428555, stack(0x0000704107306000,0x0000704126706000)]
  0x00007fcb51cee000 JavaThread "Memory Writer SocketInfo{cid=1, bid=1, channelType=Render}" [_thread_blocked, id=401667, stack(0x00007040a96fd000,0x00007040c8afd000)]
  0x00007fcb588df800 JavaThread "Socket Connection Checker SocketInfo{cid=1, bid=1, channelType=Render}" [_thread_in_native, id=401411, stack(0x000070408a2fa000,0x00007040a96fa000)]
  0x00007fcb58ade800 JavaThread "IPC Memory Reader Thread" [_thread_in_native, id=400947, stack(0x00007000c53bf000,0x00007000c543f000)]
  0x00007fcb56ff2800 JavaThread "IPC Async Events Thread" [_thread_blocked, id=432903, stack(0x000070406aef7000,0x000070408a2f7000)]
  0x00007fcb51054800 JavaThread "Memory Writer SocketInfo{cid=1, bid=1, channelType=Browser}" [_thread_blocked, id=400131, stack(0x000070404baf4000,0x000070406aef4000)]
  0x00007fcb51f53800 JavaThread "Socket Connection Checker SocketInfo{cid=1, bid=1, channelType=Browser}" [_thread_in_native, id=399875, stack(0x000070402c6f1000,0x000070404baf1000)]
  0x00007fcb5896d000 JavaThread "IPC Memory Reader Thread" [_thread_in_native, id=398851, stack(0x00007000c51b3000,0x00007000c5233000)]
  0x00007fcb50614800 JavaThread "pool-3-thread-2" [_thread_blocked, id=140035, stack(0x0000700323115000,0x0000700342515000)]
  0x00007fcb4fb80000 JavaThread "pool-3-thread-1" [_thread_blocked, id=139535, stack(0x0000700303d12000,0x0000700323112000)]
  0x00007fcb51cc7800 JavaThread "TimerQueue" daemon [_thread_blocked, id=169495, stack(0x00007002e4809000,0x0000700303c09000)]
  0x00007fcb51c39800 JavaThread "Browser Events Thread" [_thread_blocked, id=131587, stack(0x00007002a47fa000,0x00007002c3bfa000)]
  0x00007fcb504ef000 JavaThread "Memory Writer SocketInfo{cid=0, bid=0, channelType=Render}" [_thread_blocked, id=174083, stack(0x0000700246bf1000,0x0000700265ff1000)]
  0x00007fcb5057d800 JavaThread "Socket Connection Checker SocketInfo{cid=0, bid=0, channelType=Render}" [_thread_in_native, id=131075, stack(0x00007002277ee000,0x0000700246bee000)]
  0x00007fcb5057b800 JavaThread "IPC Memory Reader Thread" [_thread_in_native, id=108299, stack(0x000070022776b000,0x00007002277eb000)]
  0x00007fcb51c6c800 JavaThread "IPC Async Events Thread" [_thread_blocked, id=109579, stack(0x0000700208368000,0x0000700227768000)]
  0x00007fcb5051d800 JavaThread "Memory Writer SocketInfo{cid=0, bid=0, channelType=Browser}" [_thread_blocked, id=119043, stack(0x00007001e8ee2000,0x00007002082e2000)]
  0x00007fcb50514000 JavaThread "Socket Connection Checker SocketInfo{cid=0, bid=0, channelType=Browser}" [_thread_in_native, id=119299, stack(0x00007001c9adf000,0x00007001e8edf000)]
  0x00007fcb524a7800 JavaThread "IPC Memory Reader Thread" [_thread_in_native, id=119811, stack(0x00007001c99d9000,0x00007001c9a59000)]
  0x00007fcb5249f000 JavaThread "IPC Async Events Thread" [_thread_blocked, id=94467, stack(0x00007001a8cc7000,0x00007001c80c7000)]
  0x00007fcb4fb0d000 JavaThread "Memory Writer SocketInfo{cid=0, bid=-1, channelType=Main}" [_thread_blocked, id=92931, stack(0x00007001890c1000,0x00007001a84c1000)]
  0x00007fcb4f883800 JavaThread "Socket Connection Checker SocketInfo{cid=0, bid=-1, channelType=Main}" [_thread_in_native, id=92419, stack(0x0000700169cbe000,0x00007001890be000)]
  0x00007fcb4fb07000 JavaThread "IPC Memory Reader Thread" [_thread_in_native, id=91651, stack(0x0000700169bb8000,0x0000700169c38000)]
  0x00007fcb4f95b800 JavaThread "IPC Process Thread" daemon [_thread_in_native, id=57347, stack(0x0000700142479000,0x0000700161879000)]
  0x00007fcb4f9ad000 JavaThread "IPC Server Thread" daemon [_thread_in_native, id=57091, stack(0x0000700123076000,0x0000700142476000)]
  0x00007fcb51ada800 JavaThread "DestroyJavaVM" [_thread_blocked, id=9475, stack(0x0000700008a71000,0x0000700027e71000)]
  0x00007fcb522a9000 JavaThread "AWT-EventQueue-0" [_thread_in_native, id=55363, stack(0x0000700103c48000,0x0000700123048000)]
  0x00007fcb5028e800 JavaThread "Java2D Disposer" daemon [_thread_blocked, id=73235, stack(0x00007000e4845000,0x0000700103c45000)]
=>0x00007fcb5226e800 JavaThread "Java2D Queue Flusher" daemon [_thread_in_native, id=76299, stack(0x00007000c5442000,0x00007000e4842000)]
  0x00007fcb518c6000 JavaThread "AWT-Shutdown" [_thread_blocked, id=37415, stack(0x00007000a5caa000,0x00007000c50aa000)]
  0x00007fcb5016f000 JavaThread "AppKit Thread" daemon [_thread_in_native, id=775, stack(0x00007ffee6a23000,0x00007ffee7223000)]
  0x00007fcb52025000 JavaThread "Service Thread" daemon [_thread_blocked, id=16131, stack(0x00007000867a4000,0x00007000a5ba4000)]
  0x00007fcb52022000 JavaThread "C1 CompilerThread3" daemon [_thread_blocked, id=15875, stack(0x00007000866a1000,0x00007000867a1000)]
  0x00007fcb52009800 JavaThread "C2 CompilerThread2" daemon [_thread_blocked, id=15363, stack(0x000070008659e000,0x000070008669e000)]
  0x00007fcb5181a000 JavaThread "C2 CompilerThread1" daemon [_thread_blocked, id=14851, stack(0x000070008649b000,0x000070008659b000)]
  0x00007fcb51821000 JavaThread "C2 CompilerThread0" daemon [_thread_blocked, id=14339, stack(0x0000700086398000,0x0000700086498000)]
  0x00007fcb4f811000 JavaThread "Signal Dispatcher" daemon [_thread_blocked, id=14083, stack(0x0000700066f95000,0x0000700086395000)]
  0x00007fcb51808000 JavaThread "Finalizer" daemon [_thread_blocked, id=12547, stack(0x0000700047b92000,0x0000700066f92000)]
  0x00007fcb51805800 JavaThread "Reference Handler" daemon [_thread_blocked, id=12035, stack(0x000070002878f000,0x0000700047b8f000)]

Other Threads:
  0x00007fcb4f806000 VMThread [stack: 0x000070002868c000,0x000070002878c000] [id=11779]
  0x00007fcb51822000 WatcherThread [stack: 0x00007000a5ba7000,0x00007000a5ca7000] [id=16387]

VM state:not at safepoint (normal execution)

VM Mutex/Monitor currently owned by a thread: None

Heap:
 PSYoungGen      total 1363456K, used 5198K [0x000000076ab00000, 0x00000007c0000000, 0x00000007c0000000)
  eden space 1330176K, 0% used [0x000000076ab00000,0x000000076b013840,0x00000007bbe00000)
  from space 33280K, 0% used [0x00000007bbe00000,0x00000007bbe00000,0x00000007bde80000)
  to   space 34304K, 0% used [0x00000007bde80000,0x00000007bde80000,0x00000007c0000000)
 ParOldGen       total 555520K, used 162891K [0x00000006c0000000, 0x00000006e1e80000, 0x000000076ab00000)
  object space 555520K, 29% used [0x00000006c0000000,0x00000006c9f12f38,0x00000006e1e80000)
 Metaspace       used 40654K, capacity 41707K, committed 71896K, reserved 1107968K
  class space    used 5115K, capacity 5399K, committed 14296K, reserved 1048576K

Card table byte_map: [0x000000010af6e000,0x000000010b76f000] byte_map_base: 0x000000010796e000

Marking Bits: (ParMarkBitMap*) 0x000000010a4f76e0
 Begin Bits: [0x000000010bcc5000, 0x000000010fcc5000)
 End Bits:   [0x000000010fcc5000, 0x0000000113cc5000)

Polling page: 0x0000000108a50000

CodeCache: size=245760Kb used=76248Kb max_used=76273Kb free=169511Kb
 bounds [0x000000011779e000, 0x000000011c28e000, 0x000000012679e000]
 total_blobs=12256 nmethods=11497 adapters=670
 compilation: enabled

Compilation events (10 events):
Event: 7174.486 Thread 0x00007fcb52022000 18713       3       java.util.concurrent.atomic.AtomicInteger::<init> (5 bytes)
Event: 7174.486 Thread 0x00007fcb52022000 nmethod 18713 0x000000011c0e2e90 code [0x000000011c0e3000, 0x000000011c0e3210]
Event: 7190.393 Thread 0x00007fcb52009800 18714       4       java.nio.charset.Charset::lookup (44 bytes)
Event: 7190.397 Thread 0x00007fcb52009800 nmethod 18714 0x0000000117b53150 code [0x0000000117b53300, 0x0000000117b537c0]
Event: 7191.484 Thread 0x00007fcb5181a000 18715   !   4       java.awt.Component::getLocationOnScreen (19 bytes)
Event: 7191.490 Thread 0x00007fcb5181a000 nmethod 18715 0x0000000117cd32d0 code [0x0000000117cd34a0, 0x0000000117cd3c18]
Event: 7191.621 Thread 0x00007fcb52022000 18716       1       jdk.internal.org.objectweb.asm.MethodWriter::visitEnd (1 bytes)
Event: 7191.621 Thread 0x00007fcb52022000 nmethod 18716 0x00000001199f8950 code [0x00000001199f8aa0, 0x00000001199f8bb0]
Event: 7191.622 Thread 0x00007fcb51821000 18717       4       parser.ESL::jj_3R_38 (268 bytes)
Event: 7191.663 Thread 0x00007fcb51821000 nmethod 18717 0x000000011c27a710 code [0x000000011c27ad40, 0x000000011c27e3b8]

GC Heap History (10 events):
Event: 7163.018 GC heap before
{Heap before GC invocations=940 (full 10):
 PSYoungGen      total 1368576K, used 1364636K [0x000000076ab00000, 0x00000007c0000000, 0x00000007c0000000)
  eden space 1340928K, 100% used [0x000000076ab00000,0x00000007bc880000,0x00000007bc880000)
  from space 27648K, 85% used [0x00000007bc880000,0x00000007bdfa7088,0x00000007be380000)
  to   space 28160K, 0% used [0x00000007be480000,0x00000007be480000,0x00000007c0000000)
 ParOldGen       total 509440K, used 476682K [0x00000006c0000000, 0x00000006df180000, 0x000000076ab00000)
  object space 509440K, 93% used [0x00000006c0000000,0x00000006dd182b18,0x00000006df180000)
 Metaspace       used 88209K, capacity 91971K, committed 92288K, reserved 1128448K
  class space    used 12873K, capacity 14207K, committed 14208K, reserved 1048576K
Event: 7163.029 GC heap after
Heap after GC invocations=940 (full 10):
 PSYoungGen      total 1368576K, used 22803K [0x000000076ab00000, 0x00000007c0000000, 0x00000007c0000000)
  eden space 1340416K, 0% used [0x000000076ab00000,0x000000076ab00000,0x00000007bc800000)
  from space 28160K, 80% used [0x00000007be480000,0x00000007bfac4f28,0x00000007c0000000)
  to   space 28672K, 0% used [0x00000007bc800000,0x00000007bc800000,0x00000007be400000)
 ParOldGen       total 509440K, used 476706K [0x00000006c0000000, 0x00000006df180000, 0x000000076ab00000)
  object space 509440K, 93% used [0x00000006c0000000,0x00000006dd188b18,0x00000006df180000)
 Metaspace       used 88209K, capacity 91971K, committed 92288K, reserved 1128448K
  class space    used 12873K, capacity 14207K, committed 14208K, reserved 1048576K
}
Event: 7165.186 GC heap before
{Heap before GC invocations=941 (full 10):
 PSYoungGen      total 1368576K, used 1363219K [0x000000076ab00000, 0x00000007c0000000, 0x00000007c0000000)
  eden space 1340416K, 100% used [0x000000076ab00000,0x00000007bc800000,0x00000007bc800000)
  from space 28160K, 80% used [0x00000007be480000,0x00000007bfac4f28,0x00000007c0000000)
  to   space 28672K, 0% used [0x00000007bc800000,0x00000007bc800000,0x00000007be400000)
 ParOldGen       total 509440K, used 476706K [0x00000006c0000000, 0x00000006df180000, 0x000000076ab00000)
  object space 509440K, 93% used [0x00000006c0000000,0x00000006dd188b18,0x00000006df180000)
 Metaspace       used 88209K, capacity 91971K, committed 92288K, reserved 1128448K
  class space    used 12873K, capacity 14207K, committed 14208K, reserved 1048576K
Event: 7165.197 GC heap after
Heap after GC invocations=941 (full 10):
 PSYoungGen      total 1369088K, used 22739K [0x000000076ab00000, 0x00000007c0000000, 0x00000007c0000000)
  eden space 1340416K, 0% used [0x000000076ab00000,0x000000076ab00000,0x00000007bc800000)
  from space 28672K, 79% used [0x00000007bc800000,0x00000007bde34f28,0x00000007be400000)
  to   space 28672K, 0% used [0x00000007be400000,0x00000007be400000,0x00000007c0000000)
 ParOldGen       total 509440K, used 476706K [0x00000006c0000000, 0x00000006df180000, 0x000000076ab00000)
  object space 509440K, 93% used [0x00000006c0000000,0x00000006dd188b18,0x00000006df180000)
 Metaspace       used 88209K, capacity 91971K, committed 92288K, reserved 1128448K
  class space    used 12873K, capacity 14207K, committed 14208K, reserved 1048576K
}
Event: 7167.406 GC heap before
{Heap before GC invocations=942 (full 10):
 PSYoungGen      total 1369088K, used 1363155K [0x000000076ab00000, 0x00000007c0000000, 0x00000007c0000000)
  eden space 1340416K, 100% used [0x000000076ab00000,0x00000007bc800000,0x00000007bc800000)
  from space 28672K, 79% used [0x00000007bc800000,0x00000007bde34f28,0x00000007be400000)
  to   space 28672K, 0% used [0x00000007be400000,0x00000007be400000,0x00000007c0000000)
 ParOldGen       total 509440K, used 476706K [0x00000006c0000000, 0x00000006df180000, 0x000000076ab00000)
  object space 509440K, 93% used [0x00000006c0000000,0x00000006dd188b68,0x00000006df180000)
 Metaspace       used 88223K, capacity 91971K, committed 92288K, reserved 1128448K
  class space    used 12874K, capacity 14207K, committed 14208K, reserved 1048576K
Event: 7167.419 GC heap after
Heap after GC invocations=942 (full 10):
 PSYoungGen      total 1358848K, used 28649K [0x000000076ab00000, 0x00000007c0000000, 0x00000007c0000000)
  eden space 1330176K, 0% used [0x000000076ab00000,0x000000076ab00000,0x00000007bbe00000)
  from space 28672K, 99% used [0x00000007be400000,0x00000007bfffa690,0x00000007c0000000)
  to   space 33792K, 0% used [0x00000007bbe00000,0x00000007bbe00000,0x00000007bdf00000)
 ParOldGen       total 509440K, used 484841K [0x00000006c0000000, 0x00000006df180000, 0x000000076ab00000)
  object space 509440K, 95% used [0x00000006c0000000,0x00000006dd97a6b8,0x00000006df180000)
 Metaspace       used 88223K, capacity 91971K, committed 92288K, reserved 1128448K
  class space    used 12874K, capacity 14207K, committed 14208K, reserved 1048576K
}
Event: 7191.822 GC heap before
{Heap before GC invocations=943 (full 10):
 PSYoungGen      total 1358848K, used 209018K [0x000000076ab00000, 0x00000007c0000000, 0x00000007c0000000)
  eden space 1330176K, 13% used [0x000000076ab00000,0x0000000775b241a8,0x00000007bbe00000)
  from space 28672K, 99% used [0x00000007be400000,0x00000007bfffa690,0x00000007c0000000)
  to   space 33792K, 0% used [0x00000007bbe00000,0x00000007bbe00000,0x00000007bdf00000)
 ParOldGen       total 509440K, used 484841K [0x00000006c0000000, 0x00000006df180000, 0x000000076ab00000)
  object space 509440K, 95% used [0x00000006c0000000,0x00000006dd97a6b8,0x00000006df180000)
 Metaspace       used 88484K, capacity 92257K, committed 92376K, reserved 1128448K
  class space    used 12925K, capacity 14280K, committed 14296K, reserved 1048576K
Event: 7191.833 GC heap after
Heap after GC invocations=943 (full 10):
 PSYoungGen      total 1363456K, used 33223K [0x000000076ab00000, 0x00000007c0000000, 0x00000007c0000000)
  eden space 1330176K, 0% used [0x000000076ab00000,0x000000076ab00000,0x00000007bbe00000)
  from space 33280K, 99% used [0x00000007bbe00000,0x00000007bde71e48,0x00000007bde80000)
  to   space 34304K, 0% used [0x00000007bde80000,0x00000007bde80000,0x00000007c0000000)
 ParOldGen       total 509440K, used 500307K [0x00000006c0000000, 0x00000006df180000, 0x000000076ab00000)
  object space 509440K, 98% used [0x00000006c0000000,0x00000006de894d48,0x00000006df180000)
 Metaspace       used 88484K, capacity 92257K, committed 92376K, reserved 1128448K
  class space    used 12925K, capacity 14280K, committed 14296K, reserved 1048576K
}
Event: 7191.833 GC heap before
{Heap before GC invocations=944 (full 11):
 PSYoungGen      total 1363456K, used 33223K [0x000000076ab00000, 0x00000007c0000000, 0x00000007c0000000)
  eden space 1330176K, 0% used [0x000000076ab00000,0x000000076ab00000,0x00000007bbe00000)
  from space 33280K, 99% used [0x00000007bbe00000,0x00000007bde71e48,0x00000007bde80000)
  to   space 34304K, 0% used [0x00000007bde80000,0x00000007bde80000,0x00000007c0000000)
 ParOldGen       total 509440K, used 500307K [0x00000006c0000000, 0x00000006df180000, 0x000000076ab00000)
  object space 509440K, 98% used [0x00000006c0000000,0x00000006de894d48,0x00000006df180000)
 Metaspace       used 88484K, capacity 92257K, committed 92376K, reserved 1128448K
  class space    used 12925K, capacity 14280K, committed 14296K, reserved 1048576K
Event: 7192.071 GC heap after
Heap after GC invocations=944 (full 11):
 PSYoungGen      total 1363456K, used 0K [0x000000076ab00000, 0x00000007c0000000, 0x00000007c0000000)
  eden space 1330176K, 0% used [0x000000076ab00000,0x000000076ab00000,0x00000007bbe00000)
  from space 33280K, 0% used [0x00000007bbe00000,0x00000007bbe00000,0x00000007bde80000)
  to   space 34304K, 0% used [0x00000007bde80000,0x00000007bde80000,0x00000007c0000000)
 ParOldGen       total 555520K, used 162891K [0x00000006c0000000, 0x00000006e1e80000, 0x000000076ab00000)
  object space 555520K, 29% used [0x00000006c0000000,0x00000006c9f12f38,0x00000006e1e80000)
 Metaspace       used 40620K, capacity 41643K, committed 71896K, reserved 1107968K
  class space    used 5107K, capacity 5399K, committed 14296K, reserved 1048576K
}

Deoptimization events (10 events):
Event: 6981.504 Thread 0x00007fcb51ca8800 Uncommon trap: reason=unstable_if action=reinterpret pc=0x000000011bf4a2f8 method=esl.Supply$8$1.handleTime(Lesl/lib/ESLVal;)V @ 153
Event: 6982.185 Thread 0x00007fcb5d800800 Uncommon trap: reason=unstable_if action=reinterpret pc=0x000000011bf4448c method=esl.Supply$6$1.handle(Lesl/lib/ESLVal;)Lesl/lib/ESLVal; @ 275
Event: 7031.037 Thread 0x00007fcb57e86800 Uncommon trap: reason=unstable_if action=reinterpret pc=0x000000011bf6a8b4 method=esl.Supply$8$1$3.apply([Lesl/lib/ESLVal;)Lesl/lib/ESLVal; @ 10
Event: 7031.336 Thread 0x00007fcb5d200800 Uncommon trap: reason=unstable_if action=reinterpret pc=0x000000011915bac4 method=esl.Supply$8$1.handleTime(Lesl/lib/ESLVal;)V @ 153
Event: 7031.493 Thread 0x00007fcb56a91000 Uncommon trap: reason=unstable_if action=reinterpret pc=0x0000000119edda50 method=esl.Supply$8$1$6.apply(Lesl/lib/ESLVal;)Lesl/lib/ESLVal; @ 16
Event: 7031.503 Thread 0x00007fcb5dc54000 Uncommon trap: reason=unstable_if action=reinterpret pc=0x000000011a70e5e4 method=esl.Supply$8$1$6.apply(Lesl/lib/ESLVal;)Lesl/lib/ESLVal; @ 16
Event: 7159.501 Thread 0x00007fcb5d24e800 Uncommon trap: reason=unstable_if action=reinterpret pc=0x00000001197675b4 method=esl.Supply$8$1$3.apply([Lesl/lib/ESLVal;)Lesl/lib/ESLVal; @ 10
Event: 7159.746 Thread 0x00007fcb5d048000 Uncommon trap: reason=unstable_if action=reinterpret pc=0x000000011bacae04 method=esl.Supply$8$1.handleTime(Lesl/lib/ESLVal;)V @ 153
Event: 7192.073 Thread 0x00007fcb5226e800 Uncommon trap: reason=class_check action=maybe_recompile pc=0x000000011b2f1dd4 method=sun.java2d.opengl.OGLRenderQueue$QueueFlusher.run()V @ 95
Event: 7192.076 Thread 0x00007fcb5028e800 Uncommon trap: reason=unstable_if action=reinterpret pc=0x0000000118589e98 method=sun.java2d.Disposer.clearDeferredRecords()V @ 3

Classes redefined (0 events):
No events

Internal exceptions (10 events):
Event: 6979.763 Thread 0x00007fcb52018000 Exception <a 'java/io/FileNotFoundException'> (0x0000000799a09638) thrown at [/Users/java_re/workspace/8-2-build-macosx-x86_64/jdk8u171/10807/hotspot/src/share/vm/prims/jni.cpp, line 709]
Event: 6979.763 Thread 0x00007fcb52018000 Exception <a 'java/io/FileNotFoundException'> (0x0000000799a0b000) thrown at [/Users/java_re/workspace/8-2-build-macosx-x86_64/jdk8u171/10807/hotspot/src/share/vm/prims/jni.cpp, line 709]
Event: 7030.664 Thread 0x00007fcb522a9000 Exception <a 'java/io/FileNotFoundException'> (0x0000000786b9f300) thrown at [/Users/java_re/workspace/8-2-build-macosx-x86_64/jdk8u171/10807/hotspot/src/share/vm/prims/jni.cpp, line 709]
Event: 7030.664 Thread 0x00007fcb522a9000 Exception <a 'java/io/FileNotFoundException'> (0x0000000786ba0eb0) thrown at [/Users/java_re/workspace/8-2-build-macosx-x86_64/jdk8u171/10807/hotspot/src/share/vm/prims/jni.cpp, line 709]
Event: 7030.809 Thread 0x00007fcb4f94a000 Exception <a 'java/io/FileNotFoundException'> (0x0000000787b797b8) thrown at [/Users/java_re/workspace/8-2-build-macosx-x86_64/jdk8u171/10807/hotspot/src/share/vm/prims/jni.cpp, line 709]
Event: 7030.809 Thread 0x00007fcb4f94a000 Exception <a 'java/io/FileNotFoundException'> (0x0000000787b7b1f8) thrown at [/Users/java_re/workspace/8-2-build-macosx-x86_64/jdk8u171/10807/hotspot/src/share/vm/prims/jni.cpp, line 709]
Event: 7159.194 Thread 0x00007fcb522a9000 Exception <a 'java/io/FileNotFoundException'> (0x000000078f597458) thrown at [/Users/java_re/workspace/8-2-build-macosx-x86_64/jdk8u171/10807/hotspot/src/share/vm/prims/jni.cpp, line 709]
Event: 7159.194 Thread 0x00007fcb522a9000 Exception <a 'java/io/FileNotFoundException'> (0x000000078f599008) thrown at [/Users/java_re/workspace/8-2-build-macosx-x86_64/jdk8u171/10807/hotspot/src/share/vm/prims/jni.cpp, line 709]
Event: 7159.312 Thread 0x00007fcb56a91000 Exception <a 'java/io/FileNotFoundException'> (0x0000000790618c68) thrown at [/Users/java_re/workspace/8-2-build-macosx-x86_64/jdk8u171/10807/hotspot/src/share/vm/prims/jni.cpp, line 709]
Event: 7159.312 Thread 0x00007fcb56a91000 Exception <a 'java/io/FileNotFoundException'> (0x000000079061a658) thrown at [/Users/java_re/workspace/8-2-build-macosx-x86_64/jdk8u171/10807/hotspot/src/share/vm/prims/jni.cpp, line 709]

Events (10 events):
Event: 7192.074 Executing VM operation: RevokeBias done
Event: 7192.075 Executing VM operation: RevokeBias
Event: 7192.075 Executing VM operation: RevokeBias done
Event: 7192.075 Executing VM operation: RevokeBias
Event: 7192.075 Executing VM operation: RevokeBias done
Event: 7192.075 Executing VM operation: RevokeBias
Event: 7192.076 Executing VM operation: RevokeBias done
Event: 7192.076 Thread 0x00007fcb5028e800 Uncommon trap: trap_request=0xffffff65 fr.pc=0x0000000118589e98
Event: 7192.076 Thread 0x00007fcb5028e800 DEOPT PACKING pc=0x0000000118589e98 sp=0x0000700103c448a0
Event: 7192.076 Thread 0x00007fcb5028e800 DEOPT UNPACKING pc=0x00000001177e373a sp=0x0000700103c44848 mode 2


Dynamic libraries:
0x00000000261ad000 	/System/Library/Frameworks/Cocoa.framework/Versions/A/Cocoa
0x00000000261ad000 	/System/Library/Frameworks/Security.framework/Versions/A/Security
0x00000000261ad000 	/System/Library/Frameworks/ApplicationServices.framework/Versions/A/ApplicationServices
0x00000000261ad000 	/usr/lib/libz.1.dylib
0x00000000261ad000 	/usr/lib/libSystem.B.dylib
0x00000000261ad000 	/usr/lib/libobjc.A.dylib
0x00000000261ad000 	/System/Library/Frameworks/CoreFoundation.framework/Versions/A/CoreFoundation
0x00000000261ad000 	/System/Library/Frameworks/Foundation.framework/Versions/C/Foundation
0x00000000261ad000 	/System/Library/Frameworks/AppKit.framework/Versions/C/AppKit
0x00000000261ad000 	/System/Library/Frameworks/CoreData.framework/Versions/A/CoreData
0x00000000261ad000 	/System/Library/PrivateFrameworks/RemoteViewServices.framework/Versions/A/RemoteViewServices
0x00000000261ad000 	/System/Library/PrivateFrameworks/UIFoundation.framework/Versions/A/UIFoundation
0x00000000261ad000 	/System/Library/PrivateFrameworks/XCTTargetBootstrap.framework/Versions/A/XCTTargetBootstrap
0x00000000261ad000 	/System/Library/PrivateFrameworks/IconServices.framework/Versions/A/IconServices
0x00000000261ad000 	/System/Library/Frameworks/Metal.framework/Versions/A/Metal
0x00000000261ad000 	/System/Library/PrivateFrameworks/DesktopServicesPriv.framework/Versions/A/DesktopServicesPriv
0x00000000261ad000 	/usr/lib/libenergytrace.dylib
0x00000000261ad000 	/System/Library/PrivateFrameworks/SkyLight.framework/Versions/A/SkyLight
0x00000000261ad000 	/System/Library/Frameworks/CoreGraphics.framework/Versions/A/CoreGraphics
0x00000000261ad000 	/System/Library/Frameworks/Accelerate.framework/Versions/A/Accelerate
0x00000000261ad000 	/System/Library/Frameworks/IOSurface.framework/Versions/A/IOSurface
0x00000000261ad000 	/System/Library/PrivateFrameworks/DFRFoundation.framework/Versions/A/DFRFoundation
0x00000000261ad000 	/System/Library/Frameworks/AudioToolbox.framework/Versions/A/AudioToolbox
0x00000000261ad000 	/System/Library/Frameworks/AudioUnit.framework/Versions/A/AudioUnit
0x00000000261ad000 	/System/Library/PrivateFrameworks/DataDetectorsCore.framework/Versions/A/DataDetectorsCore
0x00000000261ad000 	/System/Library/Frameworks/Carbon.framework/Versions/A/Frameworks/HIToolbox.framework/Versions/A/HIToolbox
0x00000000261ad000 	/usr/lib/libicucore.A.dylib
0x00000000261ad000 	/System/Library/Frameworks/QuartzCore.framework/Versions/A/QuartzCore
0x00000000261ad000 	/System/Library/Frameworks/Carbon.framework/Versions/A/Frameworks/SpeechRecognition.framework/Versions/A/SpeechRecognition
0x00000000261ad000 	/usr/lib/libauto.dylib
0x00000000261ad000 	/usr/lib/libxml2.2.dylib
0x00000000261ad000 	/System/Library/PrivateFrameworks/CoreUI.framework/Versions/A/CoreUI
0x00000000261ad000 	/System/Library/Frameworks/CoreAudio.framework/Versions/A/CoreAudio
0x00000000261ad000 	/System/Library/Frameworks/DiskArbitration.framework/Versions/A/DiskArbitration
0x00000000261ad000 	/usr/lib/liblangid.dylib
0x00000000261ad000 	/System/Library/PrivateFrameworks/MultitouchSupport.framework/Versions/A/MultitouchSupport
0x00000000261ad000 	/System/Library/Frameworks/IOKit.framework/Versions/A/IOKit
0x00000000261ad000 	/usr/lib/libDiagnosticMessagesClient.dylib
0x00000000261ad000 	/System/Library/Frameworks/CoreServices.framework/Versions/A/CoreServices
0x00000000261ad000 	/System/Library/PrivateFrameworks/PerformanceAnalysis.framework/Versions/A/PerformanceAnalysis
0x00000000261ad000 	/System/Library/Frameworks/OpenGL.framework/Versions/A/OpenGL
0x00000000261ad000 	/System/Library/Frameworks/ColorSync.framework/Versions/A/ColorSync
0x00000000261ad000 	/System/Library/Frameworks/CoreImage.framework/Versions/A/CoreImage
0x00000000261ad000 	/System/Library/Frameworks/CoreText.framework/Versions/A/CoreText
0x00000000261ad000 	/System/Library/Frameworks/ImageIO.framework/Versions/A/ImageIO
0x00000000261ad000 	/System/Library/PrivateFrameworks/Backup.framework/Versions/A/Backup
0x00000000261ad000 	/usr/lib/libarchive.2.dylib
0x00000000261ad000 	/System/Library/Frameworks/CFNetwork.framework/Versions/A/CFNetwork
0x00000000261ad000 	/System/Library/Frameworks/SystemConfiguration.framework/Versions/A/SystemConfiguration
0x00000000261ad000 	/usr/lib/libCRFSuite.dylib
0x00000000261ad000 	/usr/lib/libc++.1.dylib
0x00000000261ad000 	/usr/lib/libc++abi.dylib
0x00000000261ad000 	/usr/lib/system/libcache.dylib
0x00000000261ad000 	/usr/lib/system/libcommonCrypto.dylib
0x00000000261ad000 	/usr/lib/system/libcompiler_rt.dylib
0x00000000261ad000 	/usr/lib/system/libcopyfile.dylib
0x00000000261ad000 	/usr/lib/system/libcorecrypto.dylib
0x00000000261ad000 	/usr/lib/system/libdispatch.dylib
0x00000000261ad000 	/usr/lib/system/libdyld.dylib
0x00000000261ad000 	/usr/lib/system/libkeymgr.dylib
0x00000000261ad000 	/usr/lib/system/liblaunch.dylib
0x00000000261ad000 	/usr/lib/system/libmacho.dylib
0x00000000261ad000 	/usr/lib/system/libquarantine.dylib
0x00000000261ad000 	/usr/lib/system/libremovefile.dylib
0x00000000261ad000 	/usr/lib/system/libsystem_asl.dylib
0x00000000261ad000 	/usr/lib/system/libsystem_blocks.dylib
0x00000000261ad000 	/usr/lib/system/libsystem_c.dylib
0x00000000261ad000 	/usr/lib/system/libsystem_configuration.dylib
0x00000000261ad000 	/usr/lib/system/libsystem_coreservices.dylib
0x00000000261ad000 	/usr/lib/system/libsystem_darwin.dylib
0x00000000261ad000 	/usr/lib/system/libsystem_dnssd.dylib
0x00000000261ad000 	/usr/lib/system/libsystem_info.dylib
0x00000000261ad000 	/usr/lib/system/libsystem_m.dylib
0x00000000261ad000 	/usr/lib/system/libsystem_malloc.dylib
0x00000000261ad000 	/usr/lib/system/libsystem_networkextension.dylib
0x00000000261ad000 	/usr/lib/system/libsystem_notify.dylib
0x00000000261ad000 	/usr/lib/system/libsystem_sandbox.dylib
0x00000000261ad000 	/usr/lib/system/libsystem_secinit.dylib
0x00000000261ad000 	/usr/lib/system/libsystem_kernel.dylib
0x00000000261ad000 	/usr/lib/system/libsystem_platform.dylib
0x00000000261ad000 	/usr/lib/system/libsystem_pthread.dylib
0x00000000261ad000 	/usr/lib/system/libsystem_symptoms.dylib
0x00000000261ad000 	/usr/lib/system/libsystem_trace.dylib
0x00000000261ad000 	/usr/lib/system/libunwind.dylib
0x00000000261ad000 	/usr/lib/system/libxpc.dylib
0x00000000261ad000 	/usr/lib/libbsm.0.dylib
0x00000000261ad000 	/usr/lib/system/libkxld.dylib
0x00000000261ad000 	/System/Library/PrivateFrameworks/AppleFSCompression.framework/Versions/A/AppleFSCompression
0x00000000261ad000 	/usr/lib/libOpenScriptingUtil.dylib
0x00000000261ad000 	/usr/lib/libcoretls.dylib
0x00000000261ad000 	/usr/lib/libcoretls_cfhelpers.dylib
0x00000000261ad000 	/usr/lib/libpam.2.dylib
0x00000000261ad000 	/usr/lib/libsqlite3.dylib
0x00000000261ad000 	/usr/lib/libxar.1.dylib
0x00000000261ad000 	/usr/lib/libbz2.1.0.dylib
0x00000000261ad000 	/usr/lib/liblzma.5.dylib
0x00000000261ad000 	/usr/lib/libnetwork.dylib
0x00000000261ad000 	/usr/lib/libapple_nghttp2.dylib
0x00000000261ad000 	/usr/lib/libpcap.A.dylib
0x00000000261ad000 	/System/Library/Frameworks/CoreServices.framework/Versions/A/Frameworks/FSEvents.framework/Versions/A/FSEvents
0x00000000261ad000 	/System/Library/Frameworks/CoreServices.framework/Versions/A/Frameworks/CarbonCore.framework/Versions/A/CarbonCore
0x00000000261ad000 	/System/Library/Frameworks/CoreServices.framework/Versions/A/Frameworks/Metadata.framework/Versions/A/Metadata
0x00000000261ad000 	/System/Library/Frameworks/CoreServices.framework/Versions/A/Frameworks/OSServices.framework/Versions/A/OSServices
0x00000000261ad000 	/System/Library/Frameworks/CoreServices.framework/Versions/A/Frameworks/SearchKit.framework/Versions/A/SearchKit
0x00000000261ad000 	/System/Library/Frameworks/CoreServices.framework/Versions/A/Frameworks/AE.framework/Versions/A/AE
0x00000000261ad000 	/System/Library/Frameworks/CoreServices.framework/Versions/A/Frameworks/LaunchServices.framework/Versions/A/LaunchServices
0x00000000261ad000 	/System/Library/Frameworks/CoreServices.framework/Versions/A/Frameworks/DictionaryServices.framework/Versions/A/DictionaryServices
0x00000000261ad000 	/System/Library/Frameworks/CoreServices.framework/Versions/A/Frameworks/SharedFileList.framework/Versions/A/SharedFileList
0x00000000261ad000 	/System/Library/Frameworks/NetFS.framework/Versions/A/NetFS
0x00000000261ad000 	/System/Library/PrivateFrameworks/NetAuth.framework/Versions/A/NetAuth
0x00000000261ad000 	/System/Library/PrivateFrameworks/login.framework/Versions/A/Frameworks/loginsupport.framework/Versions/A/loginsupport
0x00000000261ad000 	/System/Library/PrivateFrameworks/TCC.framework/Versions/A/TCC
0x00000000261ad000 	/System/Library/PrivateFrameworks/CoreNLP.framework/Versions/A/CoreNLP
0x00000000261ad000 	/System/Library/PrivateFrameworks/MetadataUtilities.framework/Versions/A/MetadataUtilities
0x00000000261ad000 	/usr/lib/libmecabra.dylib
0x00000000261ad000 	/System/Library/Frameworks/ApplicationServices.framework/Versions/A/Frameworks/ATS.framework/Versions/A/ATS
0x00000000261ad000 	/System/Library/Frameworks/ApplicationServices.framework/Versions/A/Frameworks/ColorSyncLegacy.framework/Versions/A/ColorSyncLegacy
0x00000000261ad000 	/System/Library/Frameworks/ApplicationServices.framework/Versions/A/Frameworks/HIServices.framework/Versions/A/HIServices
0x00000000261ad000 	/System/Library/Frameworks/ApplicationServices.framework/Versions/A/Frameworks/LangAnalysis.framework/Versions/A/LangAnalysis
0x00000000261ad000 	/System/Library/Frameworks/ApplicationServices.framework/Versions/A/Frameworks/PrintCore.framework/Versions/A/PrintCore
0x00000000261ad000 	/System/Library/Frameworks/ApplicationServices.framework/Versions/A/Frameworks/QD.framework/Versions/A/QD
0x00000000261ad000 	/System/Library/Frameworks/ApplicationServices.framework/Versions/A/Frameworks/SpeechSynthesis.framework/Versions/A/SpeechSynthesis
0x00000000261ad000 	/usr/lib/libcompression.dylib
0x00000000261ad000 	/System/Library/Frameworks/CoreDisplay.framework/Versions/A/CoreDisplay
0x00000000261ad000 	/System/Library/Frameworks/MetalPerformanceShaders.framework/Versions/A/MetalPerformanceShaders
0x00000000261ad000 	/System/Library/Frameworks/Accelerate.framework/Versions/A/Frameworks/vImage.framework/Versions/A/vImage
0x00000000261ad000 	/System/Library/Frameworks/Accelerate.framework/Versions/A/Frameworks/vecLib.framework/Versions/A/vecLib
0x00000000261ad000 	/System/Library/Frameworks/Accelerate.framework/Versions/A/Frameworks/vecLib.framework/Versions/A/libvMisc.dylib
0x00000000261ad000 	/System/Library/Frameworks/Accelerate.framework/Versions/A/Frameworks/vecLib.framework/Versions/A/libvDSP.dylib
0x00000000261ad000 	/System/Library/Frameworks/Accelerate.framework/Versions/A/Frameworks/vecLib.framework/Versions/A/libBLAS.dylib
0x00000000261ad000 	/System/Library/Frameworks/Accelerate.framework/Versions/A/Frameworks/vecLib.framework/Versions/A/libLAPACK.dylib
0x00000000261ad000 	/System/Library/Frameworks/Accelerate.framework/Versions/A/Frameworks/vecLib.framework/Versions/A/libLinearAlgebra.dylib
0x00000000261ad000 	/System/Library/Frameworks/Accelerate.framework/Versions/A/Frameworks/vecLib.framework/Versions/A/libSparseBLAS.dylib
0x00000000261ad000 	/System/Library/Frameworks/Accelerate.framework/Versions/A/Frameworks/vecLib.framework/Versions/A/libQuadrature.dylib
0x00000000261ad000 	/System/Library/Frameworks/Accelerate.framework/Versions/A/Frameworks/vecLib.framework/Versions/A/libBNNS.dylib
0x00000000261ad000 	/System/Library/Frameworks/Accelerate.framework/Versions/A/Frameworks/vecLib.framework/Versions/A/libSparse.dylib
0x00000000261ad000 	/System/Library/PrivateFrameworks/GPUWrangler.framework/Versions/A/GPUWrangler
0x00000000261ad000 	/System/Library/PrivateFrameworks/IOAccelerator.framework/Versions/A/IOAccelerator
0x00000000261ad000 	/System/Library/PrivateFrameworks/IOPresentment.framework/Versions/A/IOPresentment
0x00000000261ad000 	/System/Library/PrivateFrameworks/DSExternalDisplay.framework/Versions/A/DSExternalDisplay
0x00000000261ad000 	/System/Library/Frameworks/OpenGL.framework/Versions/A/Libraries/libCoreFSCache.dylib
0x00000000261ad000 	/System/Library/Frameworks/MetalPerformanceShaders.framework/Frameworks/MPSCore.framework/Versions/A/MPSCore
0x00000000261ad000 	/System/Library/Frameworks/MetalPerformanceShaders.framework/Frameworks/MPSImage.framework/Versions/A/MPSImage
0x00000000261ad000 	/System/Library/Frameworks/MetalPerformanceShaders.framework/Frameworks/MPSNeuralNetwork.framework/Versions/A/MPSNeuralNetwork
0x00000000261ad000 	/System/Library/Frameworks/MetalPerformanceShaders.framework/Frameworks/MPSMatrix.framework/Versions/A/MPSMatrix
0x00000000261ad000 	/System/Library/Frameworks/MetalPerformanceShaders.framework/Frameworks/MPSRayIntersector.framework/Versions/A/MPSRayIntersector
0x00000000261ad000 	/System/Library/PrivateFrameworks/MetalTools.framework/Versions/A/MetalTools
0x00000000261ad000 	/System/Library/PrivateFrameworks/AggregateDictionary.framework/Versions/A/AggregateDictionary
0x00000000261ad000 	/usr/lib/libMobileGestalt.dylib
0x00000000261ad000 	/System/Library/Frameworks/CoreVideo.framework/Versions/A/CoreVideo
0x00000000261ad000 	/System/Library/PrivateFrameworks/GraphVisualizer.framework/Versions/A/GraphVisualizer
0x00000000261ad000 	/System/Library/PrivateFrameworks/FaceCore.framework/Versions/A/FaceCore
0x00000000261ad000 	/System/Library/Frameworks/OpenCL.framework/Versions/A/OpenCL
0x00000000261ad000 	/usr/lib/libFosl_dynamic.dylib
0x00000000261ad000 	/System/Library/PrivateFrameworks/OTSVG.framework/Versions/A/OTSVG
0x00000000261ad000 	/System/Library/Frameworks/ApplicationServices.framework/Versions/A/Frameworks/ATS.framework/Versions/A/Resources/libFontParser.dylib
0x00000000261ad000 	/System/Library/Frameworks/ApplicationServices.framework/Versions/A/Frameworks/ATS.framework/Versions/A/Resources/libFontRegistry.dylib
0x00000000261ad000 	/System/Library/Frameworks/ImageIO.framework/Versions/A/Resources/libJPEG.dylib
0x00000000261ad000 	/System/Library/Frameworks/ImageIO.framework/Versions/A/Resources/libTIFF.dylib
0x00000000261ad000 	/System/Library/Frameworks/ImageIO.framework/Versions/A/Resources/libPng.dylib
0x00000000261ad000 	/System/Library/Frameworks/ImageIO.framework/Versions/A/Resources/libGIF.dylib
0x00000000261ad000 	/System/Library/Frameworks/ImageIO.framework/Versions/A/Resources/libJP2.dylib
0x00000000261ad000 	/System/Library/Frameworks/ImageIO.framework/Versions/A/Resources/libRadiance.dylib
0x00000000261ad000 	/System/Library/PrivateFrameworks/AppleJPEG.framework/Versions/A/AppleJPEG
0x00000000261ad000 	/System/Library/Frameworks/OpenGL.framework/Versions/A/Libraries/libGFXShared.dylib
0x00000000261ad000 	/System/Library/Frameworks/OpenGL.framework/Versions/A/Libraries/libGLU.dylib
0x00000000261ad000 	/System/Library/Frameworks/OpenGL.framework/Versions/A/Libraries/libGL.dylib
0x00000000261ad000 	/System/Library/Frameworks/OpenGL.framework/Versions/A/Libraries/libGLImage.dylib
0x00000000261ad000 	/System/Library/Frameworks/OpenGL.framework/Versions/A/Libraries/libCVMSPluginSupport.dylib
0x00000000261ad000 	/System/Library/Frameworks/OpenGL.framework/Versions/A/Libraries/libCoreVMClient.dylib
0x00000000261ad000 	/usr/lib/libcups.2.dylib
0x00000000261ad000 	/System/Library/Frameworks/Kerberos.framework/Versions/A/Kerberos
0x00000000261ad000 	/System/Library/Frameworks/GSS.framework/Versions/A/GSS
0x00000000261ad000 	/usr/lib/libresolv.9.dylib
0x00000000261ad000 	/usr/lib/libiconv.2.dylib
0x00000000261ad000 	/System/Library/PrivateFrameworks/Heimdal.framework/Versions/A/Heimdal
0x00000000261ad000 	/usr/lib/libheimdal-asn1.dylib
0x00000000261ad000 	/System/Library/Frameworks/OpenDirectory.framework/Versions/A/OpenDirectory
0x00000000261ad000 	/System/Library/PrivateFrameworks/CommonAuth.framework/Versions/A/CommonAuth
0x00000000261ad000 	/System/Library/Frameworks/OpenDirectory.framework/Versions/A/Frameworks/CFOpenDirectory.framework/Versions/A/CFOpenDirectory
0x00000000261ad000 	/System/Library/Frameworks/SecurityFoundation.framework/Versions/A/SecurityFoundation
0x00000000261ad000 	/System/Library/PrivateFrameworks/APFS.framework/Versions/A/APFS
0x00000000261ad000 	/usr/lib/libutil.dylib
0x00000000261ad000 	/usr/lib/libcharset.1.dylib
0x00000000261ad000 	/System/Library/PrivateFrameworks/AppleSauce.framework/Versions/A/AppleSauce
0x00000000261ad000 	/System/Library/PrivateFrameworks/AssertionServices.framework/Versions/A/AssertionServices
0x00000000261ad000 	/System/Library/PrivateFrameworks/BaseBoard.framework/Versions/A/BaseBoard
0x00000000261ad000 	/usr/lib/libmecab.1.0.0.dylib
0x00000000261ad000 	/usr/lib/libgermantok.dylib
0x00000000261ad000 	/usr/lib/libThaiTokenizer.dylib
0x00000000261ad000 	/usr/lib/libChineseTokenizer.dylib
0x00000000261ad000 	/System/Library/PrivateFrameworks/LanguageModeling.framework/Versions/A/LanguageModeling
0x00000000261ad000 	/System/Library/PrivateFrameworks/CoreEmoji.framework/Versions/A/CoreEmoji
0x00000000261ad000 	/System/Library/PrivateFrameworks/Lexicon.framework/Versions/A/Lexicon
0x00000000261ad000 	/System/Library/PrivateFrameworks/LinguisticData.framework/Versions/A/LinguisticData
0x00000000261ad000 	/usr/lib/libcmph.dylib
0x00000000261ad000 	/System/Library/Frameworks/ServiceManagement.framework/Versions/A/ServiceManagement
0x00000000261ad000 	/System/Library/PrivateFrameworks/BackgroundTaskManagement.framework/Versions/A/BackgroundTaskManagement
0x00000000261ad000 	/usr/lib/libxslt.1.dylib
0x00000000261ad000 	/System/Library/Frameworks/Carbon.framework/Versions/A/Frameworks/Ink.framework/Versions/A/Ink
0x00000000261ad000 	/System/Library/PrivateFrameworks/TextureIO.framework/Versions/A/TextureIO
0x00000000261ad000 	/usr/lib/libate.dylib
0x00000000261ad000 	/System/Library/PrivateFrameworks/CrashReporterSupport.framework/Versions/A/CrashReporterSupport
0x00000000261ad000 	/System/Library/PrivateFrameworks/Sharing.framework/Versions/A/Sharing
0x00000000261ad000 	/System/Library/PrivateFrameworks/AuthKit.framework/Versions/A/AuthKit
0x00000000261ad000 	/System/Library/PrivateFrameworks/Apple80211.framework/Versions/A/Apple80211
0x00000000261ad000 	/System/Library/PrivateFrameworks/CoreUtils.framework/Versions/A/CoreUtils
0x00000000261ad000 	/System/Library/Frameworks/CoreWLAN.framework/Versions/A/CoreWLAN
0x00000000261ad000 	/System/Library/Frameworks/IOBluetooth.framework/Versions/A/IOBluetooth
0x00000000261ad000 	/System/Library/PrivateFrameworks/ProtocolBuffer.framework/Versions/A/ProtocolBuffer
0x00000000261ad000 	/System/Library/PrivateFrameworks/MobileKeyBag.framework/Versions/A/MobileKeyBag
0x00000000261ad000 	/System/Library/PrivateFrameworks/CorePhoneNumbers.framework/Versions/A/CorePhoneNumbers
0x00000000261ad000 	/System/Library/PrivateFrameworks/AppleIDAuthSupport.framework/Versions/A/AppleIDAuthSupport
0x00000000261ad000 	/System/Library/PrivateFrameworks/KeychainCircle.framework/Versions/A/KeychainCircle
0x00000000261ad000 	/System/Library/PrivateFrameworks/ROCKit.framework/Versions/A/ROCKit
0x00000000261ad000 	/System/Library/PrivateFrameworks/CoreWiFi.framework/Versions/A/CoreWiFi
0x00000000261ad000 	/System/Library/Frameworks/CoreBluetooth.framework/Versions/A/CoreBluetooth
0x00000000261ad000 	/System/Library/PrivateFrameworks/DebugSymbols.framework/Versions/A/DebugSymbols
0x00000000261ad000 	/System/Library/PrivateFrameworks/CoreSymbolication.framework/Versions/A/CoreSymbolication
0x00000000261ad000 	/System/Library/PrivateFrameworks/Symbolication.framework/Versions/A/Symbolication
0x00000000261ad000 	/System/Library/PrivateFrameworks/SpeechRecognitionCore.framework/Versions/A/SpeechRecognitionCore
0x0000000109c00000 	/Library/Java/JavaVirtualMachines/jdk1.8.0_171.jdk/Contents/Home/jre/lib/server/libjvm.dylib
0x00000000261ad000 	/usr/lib/libstdc++.6.dylib
0x0000000108a0c000 	/Library/Java/JavaVirtualMachines/jdk1.8.0_171.jdk/Contents/Home/jre/lib/libverify.dylib
0x0000000108a1a000 	/Library/Java/JavaVirtualMachines/jdk1.8.0_171.jdk/Contents/Home/jre/lib/libjava.dylib
0x0000000108a9a000 	/Library/Java/JavaVirtualMachines/jdk1.8.0_171.jdk/Contents/Home/jre/lib/libzip.dylib
0x0000000116e2c000 	/Library/Java/JavaVirtualMachines/jdk1.8.0_171.jdk/Contents/Home/jre/lib/libawt.dylib
0x0000000116ed6000 	/Library/Java/JavaVirtualMachines/jdk1.8.0_171.jdk/Contents/Home/jre/lib/./libmlib_image.dylib
0x00000000261ad000 	/System/Library/Frameworks/JavaVM.framework/Versions/A/Frameworks/JavaNativeFoundation.framework/Versions/A/JavaNativeFoundation
0x00000000261ad000 	/System/Library/Frameworks/JavaVM.framework/Versions/A/Frameworks/JavaRuntimeSupport.framework/Versions/A/JavaRuntimeSupport
0x00000000261ad000 	/System/Library/Frameworks/JavaVM.framework/Versions/A/JavaVM
0x00000000261ad000 	/System/Library/PrivateFrameworks/JavaLaunching.framework/Versions/A/JavaLaunching
0x00000000261ad000 	/System/Library/Frameworks/Carbon.framework/Versions/A/Carbon
0x00000000261ad000 	/System/Library/Frameworks/Carbon.framework/Versions/A/Frameworks/CommonPanels.framework/Versions/A/CommonPanels
0x00000000261ad000 	/System/Library/Frameworks/Carbon.framework/Versions/A/Frameworks/Help.framework/Versions/A/Help
0x00000000261ad000 	/System/Library/Frameworks/Carbon.framework/Versions/A/Frameworks/ImageCapture.framework/Versions/A/ImageCapture
0x00000000261ad000 	/System/Library/Frameworks/Carbon.framework/Versions/A/Frameworks/OpenScripting.framework/Versions/A/OpenScripting
0x00000000261ad000 	/System/Library/Frameworks/Carbon.framework/Versions/A/Frameworks/Print.framework/Versions/A/Print
0x00000000261ad000 	/System/Library/Frameworks/Carbon.framework/Versions/A/Frameworks/SecurityHI.framework/Versions/A/SecurityHI
0x0000000116fa2000 	/Library/Java/JavaVirtualMachines/jdk1.8.0_171.jdk/Contents/Home/jre/lib/libawt_lwawt.dylib
0x000000011705c000 	/Library/Java/JavaVirtualMachines/jdk1.8.0_171.jdk/Contents/Home/jre/lib/./libosxapp.dylib
0x00000000261ad000 	/System/Library/Frameworks/ExceptionHandling.framework/Versions/A/ExceptionHandling
0x00000000261ad000 	/System/Library/PrivateFrameworks/CoreServicesInternal.framework/Versions/A/CoreServicesInternal
0x00000000261ad000 	/System/Library/CoreServices/RawCamera.bundle/Contents/MacOS/RawCamera
0x00000000261ad000 	/System/Library/PrivateFrameworks/MobileAsset.framework/Versions/A/MobileAsset
0x00000000261ad000 	/System/Library/PrivateFrameworks/StreamingZip.framework/Versions/A/StreamingZip
0x00000000261ad000 	/System/Library/Frameworks/MediaToolbox.framework/Versions/A/MediaToolbox
0x00000000261ad000 	/System/Library/PrivateFrameworks/CoreAVCHD.framework/Versions/A/CoreAVCHD
0x00000000261ad000 	/System/Library/Frameworks/MediaAccessibility.framework/Versions/A/MediaAccessibility
0x00000000261ad000 	/System/Library/PrivateFrameworks/Mangrove.framework/Versions/A/Mangrove
0x00000000261ad000 	/System/Library/Frameworks/CoreMedia.framework/Versions/A/CoreMedia
0x00000000261ad000 	/System/Library/Frameworks/VideoToolbox.framework/Versions/A/VideoToolbox
0x00000000261ad000 	/System/Library/PrivateFrameworks/CoreAUC.framework/Versions/A/CoreAUC
0x00000000261ad000 	/usr/lib/libspindump.dylib
0x00000000261ad000 	/System/Library/PrivateFrameworks/AppleVA.framework/Versions/A/AppleVA
0x00000000261ad000 	/System/Library/Frameworks/Accelerate.framework/Versions/A/Frameworks/vImage.framework/Versions/A/Libraries/libCGInterfaces.dylib
0x00000000261ad000 	/System/Library/PrivateFrameworks/FamilyControls.framework/Versions/A/FamilyControls
0x00000000261ad000 	/System/Library/PrivateFrameworks/CommerceKit.framework/Versions/A/Frameworks/CommerceCore.framework/Versions/A/CommerceCore
0x00000000261ad000 	/System/Library/PrivateFrameworks/SystemAdministration.framework/Versions/A/SystemAdministration
0x00000000261ad000 	/System/Library/PrivateFrameworks/AppContainer.framework/Versions/A/AppContainer
0x00000000261ad000 	/System/Library/PrivateFrameworks/AppSandbox.framework/Versions/A/AppSandbox
0x00000000261ad000 	/System/Library/PrivateFrameworks/SecCodeWrapper.framework/Versions/A/SecCodeWrapper
0x00000000261ad000 	/usr/lib/libsandbox.1.dylib
0x00000000261ad000 	/usr/lib/libMatch.1.dylib
0x00000000261ad000 	/System/Library/PrivateFrameworks/DiskManagement.framework/Versions/A/DiskManagement
0x00000000261ad000 	/System/Library/Frameworks/DirectoryService.framework/Versions/A/DirectoryService
0x00000000261ad000 	/System/Library/PrivateFrameworks/DiskImages.framework/Versions/A/DiskImages
0x00000000261ad000 	/System/Library/PrivateFrameworks/LoginUIKit.framework/Versions/A/Frameworks/LoginUICore.framework/Versions/A/LoginUICore
0x00000000261ad000 	/usr/lib/libCoreStorage.dylib
0x00000000261ad000 	/usr/lib/libcsfde.dylib
0x00000000261ad000 	/usr/lib/libodfde.dylib
0x00000000261ad000 	/System/Library/PrivateFrameworks/MediaKit.framework/Versions/A/MediaKit
0x00000000261ad000 	/System/Library/Frameworks/DiscRecording.framework/Versions/A/DiscRecording
0x00000000261ad000 	/System/Library/PrivateFrameworks/EFILogin.framework/Versions/A/EFILogin
0x00000000261ad000 	/System/Library/PrivateFrameworks/ProtectedCloudStorage.framework/Versions/A/ProtectedCloudStorage
0x00000000261ad000 	/usr/lib/libcurl.4.dylib
0x00000000261ad000 	/usr/lib/libcrypto.42.dylib
0x00000000261ad000 	/usr/lib/libssl.44.dylib
0x00000000261ad000 	/System/Library/Frameworks/LDAP.framework/Versions/A/LDAP
0x00000000261ad000 	/System/Library/PrivateFrameworks/TrustEvaluationAgent.framework/Versions/A/TrustEvaluationAgent
0x00000000261ad000 	/usr/lib/libsasl2.2.dylib
0x00000000261ad000 	/System/Library/PrivateFrameworks/CoreDaemon.framework/Versions/B/CoreDaemon
0x00000000261ad000 	/System/Library/PrivateFrameworks/AppleSRP.framework/Versions/A/AppleSRP
0x00000000261ad000 	/System/Library/PrivateFrameworks/ViewBridge.framework/Versions/A/ViewBridge
0x00000000261ad000 	/System/Library/Frameworks/ApplicationServices.framework/Versions/A/Frameworks/ATS.framework/Versions/A/Resources/libTrueTypeScaler.dylib
0x0000000117636000 	/Library/Java/JavaVirtualMachines/jdk1.8.0_171.jdk/Contents/Home/jre/lib/libfontmanager.dylib
0x00000000261ad000 	/System/Library/Extensions/AppleIntelKBLGraphicsMTLDriver.bundle/Contents/MacOS/AppleIntelKBLGraphicsMTLDriver
0x0000000129bbe000 	/Library/Java/JavaVirtualMachines/jdk1.8.0_171.jdk/Contents/Home/jre/lib/libosxui.dylib
0x00000000261ad000 	/System/Library/Extensions/AMDMTLBronzeDriver.bundle/Contents/MacOS/AMDMTLBronzeDriver
0x00000000261ad000 	/System/Library/PrivateFrameworks/IOAccelMemoryInfo.framework/Versions/A/IOAccelMemoryInfo
0x00000000261ad000 	/System/Library/PrivateFrameworks/GPUCompiler.framework/Versions/3902/Libraries/libmetal_timestamp.dylib
0x00000000261ad000 	/System/Library/Frameworks/OpenGL.framework/Versions/A/Resources/GLEngine.bundle/GLEngine
0x00000000261ad000 	/System/Library/Frameworks/OpenGL.framework/Versions/A/Libraries/libGLProgrammability.dylib
0x00000000261ad000 	/System/Library/Extensions/AppleIntelKBLGraphicsGLDriver.bundle/Contents/MacOS/AppleIntelKBLGraphicsGLDriver
0x00000000261ad000 	/System/Library/PrivateFrameworks/GPUSupport.framework/Versions/A/Libraries/libGPUSupportMercury.dylib
0x000000012a9db000 	/System/Library/Extensions/AMDRadeonX4000GLDriver.bundle/Contents/MacOS/AMDRadeonX4000GLDriver
0x00000000261ad000 	/System/Library/Extensions/AMDRadeonX4000GLDriver.bundle/Contents/MacOS/ATIRadeonX4000SCLib.dylib
0x00000000261ad000 	/System/Library/Frameworks/OpenGL.framework/Versions/A/Resources/GLRendererFloat.bundle/GLRendererFloat
0x00000000261ad000 	/System/Library/Frameworks/OpenCL.framework/Versions/A/Libraries/libcldcpuengine.dylib
0x00000000261ad000 	/usr/lib/libcrypto.35.dylib
0x000000012ace2000 	/Library/Java/JavaVirtualMachines/jdk1.8.0_171.jdk/Contents/Home/jre/lib/libnet.dylib
0x000000012ac48000 	/Library/Java/JavaVirtualMachines/jdk1.8.0_171.jdk/Contents/Home/jre/lib/libnio.dylib
0x00000000261ad000 	/System/Library/PrivateFrameworks/CloudDocs.framework/Versions/A/CloudDocs
0x00000000261ad000 	/System/Library/PrivateFrameworks/FileProvider.framework/Versions/A/FileProvider
0x00000000261ad000 	/System/Library/PrivateFrameworks/SpotlightIndex.framework/Versions/A/SpotlightIndex
0x00000000261ad000 	/System/Library/PrivateFrameworks/SymptomDiagnosticReporter.framework/Versions/A/SymptomDiagnosticReporter
0x00000000261ad000 	/System/Library/PrivateFrameworks/GenerationalStorage.framework/Versions/A/GenerationalStorage
0x00000000261ad000 	/System/Library/PrivateFrameworks/ChunkingLibrary.framework/Versions/A/ChunkingLibrary
0x00000000261ad000 	/System/Library/PrivateFrameworks/PowerLog.framework/Versions/A/PowerLog
0x00000000261ad000 	/System/Library/PrivateFrameworks/CoreAnalytics.framework/Versions/A/CoreAnalytics
0x000000015a2d3000 	/private/var/folders/_z/v8f7cf8s2kx4481c6qgls0pjbzd1rx/T/browsercore-60.0.3112.113.6.19.1/data/Temp/libbrowsercore-common64-f55492a8-f239-4f08-aed2-54c9f4a41f06.dylib
0x000000015a2e3000 	/var/folders/_z/v8f7cf8s2kx4481c6qgls0pjbzd1rx/T/browsercore-60.0.3112.113.6.19.1/browsercore.app/Contents/Frameworks/BrowserCore.framework/Libraries/libbrowsercore.dylib
0x00000000261ad000 	/System/Library/Frameworks/Quartz.framework/Versions/A/Quartz
0x00000000261ad000 	/System/Library/Frameworks/AVFoundation.framework/Versions/A/AVFoundation
0x00000000261ad000 	/System/Library/Frameworks/AddressBook.framework/Versions/A/AddressBook
0x00000000261ad000 	/System/Library/Frameworks/ImageCaptureCore.framework/Versions/A/ImageCaptureCore
0x00000000261ad000 	/System/Library/Frameworks/SecurityInterface.framework/Versions/A/SecurityInterface
0x00000000261ad000 	/System/Library/Frameworks/CoreMIDI.framework/Versions/A/CoreMIDI
0x00000000261ad000 	/System/Library/Frameworks/GameController.framework/Versions/A/GameController
0x00000000261ad000 	/System/Library/Frameworks/Quartz.framework/Versions/A/Frameworks/QuartzComposer.framework/Versions/A/QuartzComposer
0x00000000261ad000 	/System/Library/Frameworks/Quartz.framework/Versions/A/Frameworks/PDFKit.framework/Versions/A/PDFKit
0x00000000261ad000 	/System/Library/Frameworks/Quartz.framework/Versions/A/Frameworks/QuartzFilters.framework/Versions/A/QuartzFilters
0x00000000261ad000 	/System/Library/Frameworks/Quartz.framework/Versions/A/Frameworks/ImageKit.framework/Versions/A/ImageKit
0x00000000261ad000 	/System/Library/Frameworks/Quartz.framework/Versions/A/Frameworks/QuickLookUI.framework/Versions/A/QuickLookUI
0x00000000261ad000 	/System/Library/Frameworks/JavaScriptCore.framework/Versions/A/JavaScriptCore
0x00000000261ad000 	/System/Library/Frameworks/QTKit.framework/Versions/A/QTKit
0x00000000261ad000 	/System/Library/PrivateFrameworks/AppleSystemInfo.framework/Versions/A/AppleSystemInfo
0x00000000261ad000 	/System/Library/PrivateFrameworks/CoreMediaAuthoring.framework/Versions/A/CoreMediaAuthoring
0x00000000261ad000 	/System/Library/Frameworks/CoreMediaIO.framework/Versions/A/CoreMediaIO
0x00000000261ad000 	/System/Library/Frameworks/AVFoundation.framework/Versions/A/Frameworks/AVFAudio.framework/Versions/A/AVFAudio
0x00000000261ad000 	/System/Library/PrivateFrameworks/InternationalSupport.framework/Versions/A/InternationalSupport
0x00000000261ad000 	/System/Library/PrivateFrameworks/RemoteServiceDiscovery.framework/Versions/A/RemoteServiceDiscovery
0x00000000261ad000 	/System/Library/PrivateFrameworks/RemoteXPC.framework/Versions/A/RemoteXPC
0x00000000261ad000 	/System/Library/PrivateFrameworks/CorePDF.framework/Versions/A/CorePDF
0x00000000261ad000 	/System/Library/Frameworks/QuickLook.framework/Versions/A/QuickLook
0x00000000261ad000 	/System/Library/PrivateFrameworks/DisplayServices.framework/Versions/A/DisplayServices
0x00000000261ad000 	/System/Library/PrivateFrameworks/QuickLookThumbnailing.framework/Versions/A/QuickLookThumbnailing
0x00000000261ad000 	/System/Library/PrivateFrameworks/CoreBrightness.framework/Versions/A/CoreBrightness
0x00000000261ad000 	/System/Library/PrivateFrameworks/BezelServices.framework/Versions/A/BezelServices
0x00000000261ad000 	/System/Library/Frameworks/SafariServices.framework/Versions/A/SafariServices
0x00000000261ad000 	/System/Library/PrivateFrameworks/QuickLookNonBaseSystem.framework/Versions/A/QuickLookNonBaseSystem
0x00000000261ad000 	/System/Library/PrivateFrameworks/MarkupUI.framework/Versions/A/MarkupUI
0x00000000261ad000 	/System/Library/PrivateFrameworks/AnnotationKit.framework/Versions/A/AnnotationKit
0x00000000261ad000 	/System/Library/PrivateFrameworks/PencilKit.framework/Versions/A/PencilKit
0x00000000261ad000 	/System/Library/PrivateFrameworks/CoreHandwriting.framework/Versions/A/CoreHandwriting
0x00000000261ad000 	/System/Library/Frameworks/MetalKit.framework/Versions/A/MetalKit
0x00000000261ad000 	/System/Library/Frameworks/CoreML.framework/Versions/A/CoreML
0x00000000261ad000 	/System/Library/PrivateFrameworks/Espresso.framework/Versions/A/Espresso
0x00000000261ad000 	/System/Library/PrivateFrameworks/Montreal.framework/Versions/A/Montreal
0x00000000261ad000 	/System/Library/PrivateFrameworks/ContactsPersistence.framework/Versions/A/ContactsPersistence
0x00000000261ad000 	/System/Library/PrivateFrameworks/AddressBookCore.framework/Versions/A/AddressBookCore
0x00000000261ad000 	/System/Library/PrivateFrameworks/CalendarAgentLink.framework/Versions/A/CalendarAgentLink
0x00000000261ad000 	/System/Library/PrivateFrameworks/ContactsFoundation.framework/Versions/A/ContactsFoundation
0x00000000261ad000 	/System/Library/PrivateFrameworks/IntlPreferences.framework/Versions/A/IntlPreferences
0x00000000261ad000 	/System/Library/PrivateFrameworks/ToneKit.framework/Versions/A/ToneKit
0x00000000261ad000 	/System/Library/PrivateFrameworks/ToneLibrary.framework/Versions/A/ToneLibrary
0x00000000261ad000 	/System/Library/PrivateFrameworks/vCard.framework/Versions/A/vCard
0x00000000261ad000 	/System/Library/Frameworks/Accounts.framework/Versions/A/Accounts
0x00000000261ad000 	/System/Library/PrivateFrameworks/PhoneNumbers.framework/Versions/A/PhoneNumbers
0x00000000261ad000 	/System/Library/PrivateFrameworks/login.framework/Versions/A/login
0x00000000261ad000 	/System/Library/PrivateFrameworks/ApplePushService.framework/Versions/A/ApplePushService
0x00000000261ad000 	/System/Library/Frameworks/Contacts.framework/Versions/A/Contacts
0x00000000261ad000 	/System/Library/PrivateFrameworks/CommonUtilities.framework/Versions/A/CommonUtilities
0x00000000261ad000 	/System/Library/PrivateFrameworks/Bom.framework/Versions/A/Bom
0x00000000261ad000 	/System/Library/PrivateFrameworks/AppleLDAP.framework/Versions/A/AppleLDAP
0x00000000261ad000 	/usr/lib/libexpat.1.dylib
0x000000016a513000 	/System/Library/Extensions/AppleHDA.kext/Contents/PlugIns/AppleHDAHALPlugIn.bundle/Contents/MacOS/AppleHDAHALPlugIn
0x000000016a5ab000 	/System/Library/Frameworks/CoreMediaIO.framework/Resources/VDC.plugin/Contents/MacOS/VDC
0x000000016a527000 	/usr/lib/libobjc-trampolines.dylib
0x000000016b10f000 	/Library/Java/JavaVirtualMachines/jdk1.8.0_171.jdk/Contents/Home/jre/lib/libdcpr.dylib

VM Arguments:
jvm_args: -Xms500m -Xss500m -Dfile.encoding=UTF-8 
java_command: edb.frame.EDBFrame esl /Users/clarkt1/Dropbox/Aston_Files/Research/ESL
java_class_path (initial): /Library/Java/JavaVirtualMachines/jdk1.8.0_171.jdk/Contents/Home/jre/lib/resources.jar:/Library/Java/JavaVirtualMachines/jdk1.8.0_171.jdk/Contents/Home/jre/lib/rt.jar:/Library/Java/JavaVirtualMachines/jdk1.8.0_171.jdk/Contents/Home/jre/lib/jsse.jar:/Library/Java/JavaVirtualMachines/jdk1.8.0_171.jdk/Contents/Home/jre/lib/jce.jar:/Library/Java/JavaVirtualMachines/jdk1.8.0_171.jdk/Contents/Home/jre/lib/charsets.jar:/Library/Java/JavaVirtualMachines/jdk1.8.0_171.jdk/Contents/Home/jre/lib/jfr.jar:/Library/Java/JavaVirtualMachines/jdk1.8.0_171.jdk/Contents/Home/jre/lib/ext/sunec.jar:/Library/Java/JavaVirtualMachines/jdk1.8.0_171.jdk/Contents/Home/jre/lib/ext/nashorn.jar:/Library/Java/JavaVirtualMachines/jdk1.8.0_171.jdk/Contents/Home/jre/lib/ext/cldrdata.jar:/Library/Java/JavaVirtualMachines/jdk1.8.0_171.jdk/Contents/Home/jre/lib/ext/jfxrt.jar:/Library/Java/JavaVirtualMachines/jdk1.8.0_171.jdk/Contents/Home/jre/lib/ext/dnsns.jar:/Library/Java/JavaVirtualMachines/jdk1.8.0_171.jdk/Contents/Home/jre/lib/ext/localedata.jar:/Library/Java/JavaVirtualMachines/jdk1.8.0_171.jdk/Contents/Home/jre/lib/ext/sunjce_provider.jar:/Library/Java/JavaVirtualMachines/jdk1.8.0_171.jdk/Contents/Home/jre/lib/ext/sunpkcs11.jar:/Library/Java/JavaVirtualMachines/jdk1.8.0_171.jdk/Contents/Home/jre/lib/ext/jaccess.jar:/Library/Java/JavaVirtualMachines/jdk1.8.0_171.jdk/Contents/Home/jre/lib/ext/zipfs.jar:/System/Library/Java/Extensions/MRJToolkit.jar:/Users/clarkt1/Dropbox/Aston_Files/workspace/esl/bin:/Users/clarkt1/Dropbox/Aston_Files/workspace/esl/lib/licence.jar:/Users/clarkt1/Dropbox/Aston_Files/workspace/esl/lib/jfreesvg-3.2.jar:/Users/clarkt1/Dropbox/Aston_Files/workspace/esl/lib/jfreechart-1.0.19/lib/jcommon-1.0.23.jar:/Users/clarkt1/Dropbox/Aston_Files/workspace/esl/lib/jfreechart-1.0.19/lib/jfreesvg-2.0.jar:/Users/clarkt1/Dropbox/Aston_Files/workspace/esl/lib/jfreechart-1.0.19/lib/junit-4.11.jar:/Users/clarkt1/Dropbox/Aston_Files/workspace/esl/lib/jfreechart-1.0
Launcher Type: SUN_STANDARD

Environment Variables:
PATH=/usr/bin:/bin:/usr/sbin:/sbin
SHELL=/bin/bash

Signal Handlers:
SIGSEGV: [libjvm.dylib+0x5b512d], sa_mask[0]=11111111011111110111111111111111, sa_flags=SA_ONSTACK|SA_RESTART|SA_SIGINFO
SIGBUS: [libjvm.dylib+0x5b512d], sa_mask[0]=11111111011111110111111111111111, sa_flags=SA_RESTART|SA_SIGINFO
SIGFPE: [libjvm.dylib+0x48aa90], sa_mask[0]=11111111011111110111111111111111, sa_flags=SA_RESTART|SA_SIGINFO
SIGPIPE: [libjvm.dylib+0x48aa90], sa_mask[0]=11111111011111110111111111111111, sa_flags=SA_RESTART|SA_SIGINFO
SIGXFSZ: [libjvm.dylib+0x48aa90], sa_mask[0]=11111111011111110111111111111111, sa_flags=SA_RESTART|SA_SIGINFO
SIGILL: [libjvm.dylib+0x48aa90], sa_mask[0]=11111111011111110111111111111111, sa_flags=SA_RESTART|SA_SIGINFO
SIGUSR1: SIG_DFL, sa_mask[0]=00000000000000000000000000000000, sa_flags=none
SIGUSR2: [libjvm.dylib+0x48a5ae], sa_mask[0]=00100000000000000000000000000000, sa_flags=SA_RESTART|SA_SIGINFO
SIGHUP: [libjvm.dylib+0x488b79], sa_mask[0]=11111111011111110111111111111111, sa_flags=SA_RESTART|SA_SIGINFO
SIGINT: [libjvm.dylib+0x488b79], sa_mask[0]=11111111011111110111111111111111, sa_flags=SA_RESTART|SA_SIGINFO
SIGTERM: [libjvm.dylib+0x488b79], sa_mask[0]=11111111011111110111111111111111, sa_flags=SA_RESTART|SA_SIGINFO
SIGQUIT: [libjvm.dylib+0x488b79], sa_mask[0]=11111111011111110111111111111111, sa_flags=SA_RESTART|SA_SIGINFO


---------------  S Y S T E M  ---------------

OS:Bsduname:Darwin 18.2.0 Darwin Kernel Version 18.2.0: Fri Oct  5 19:41:49 PDT 2018; root:xnu-4903.221.2~2/RELEASE_X86_64 x86_64
rlimit: STACK 8192k, CORE 0k, NPROC 1418, NOFILE 10240, AS infinity
load average:2.45 2.31 2.03

CPU:total 8 (initial active 8) (4 cores per cpu, 2 threads per core) family 6 model 158 stepping 9, cmov, cx8, fxsr, mmx, sse, sse2, sse3, ssse3, sse4.1, sse4.2, popcnt, avx, avx2, aes, clmul, erms, rtm, 3dnowpref, lzcnt, ht, tsc, tscinvbit, bmi1, bmi2, adx

Memory: 4k page, physical 16777216k(107792k free)

/proc/meminfo:


vm_info: Java HotSpot(TM) 64-Bit Server VM (25.171-b11) for bsd-amd64 JRE (1.8.0_171-b11), built on Mar 28 2018 12:50:57 by "java_re" with gcc 4.2.1 (Based on Apple Inc. build 5658) (LLVM build 2336.11.00)

time: Thu Nov 29 16:47:34 2018
elapsed time: 7192 seconds (0d 1h 59m 52s)

