#
# A fatal error has been detected by the Java Runtime Environment:
#
#  Internal Error (safepoint.cpp:712), pid=1810, tid=775
#  fatal error: Illegal threadstate encountered: 4
#
# JRE version: Java(TM) SE Runtime Environment (8.0_65-b17) (build 1.8.0_65-b17)
# Java VM: Java HotSpot(TM) 64-Bit Server VM (25.65-b01 mixed mode bsd-amd64 compressed oops)
# Failed to write core dump. Core dumps have been disabled. To enable core dumping, try "ulimit -c unlimited" before starting Java again
#
# If you would like to submit a bug report, please visit:
#   http://bugreport.java.com/bugreport/crash.jsp
# The crash happened outside the Java Virtual Machine in native code.
# See problematic frame for where to report the bug.
#

---------------  T H R E A D  ---------------

Current thread (0x00007f8ed2086000):  JavaThread "AppKit Thread" daemon [_thread_in_native, id=775, stack(0x00007fff5ea02000,0x00007fff5f202000)]

Stack: [0x00007fff5ea02000,0x00007fff5f202000],  sp=0x00007fff5f1fc8f0,  free space=8170k
Native frames: (J=compiled Java code, j=interpreted, Vv=VM code, C=native code)
V  [libjvm.dylib+0x5a6522]  VMError::report_and_die()+0x3f8
V  [libjvm.dylib+0x1e6857]  report_vm_error(char const*, int, char const*, char const*)+0x54
V  [libjvm.dylib+0x4d93a1]  SafepointSynchronize::block(JavaThread*)+0x1a9
V  [libjvm.dylib+0x5601f6]  JavaThread::check_safepoint_and_suspend_for_native_trans(JavaThread*)+0xe8
V  [libjvm.dylib+0x16936a]  ThreadStateTransition::trans_from_native(JavaThreadState)+0x96
V  [libjvm.dylib+0x31c0ee]  jni_GetArrayLength+0x30
C  [libjxbrowser-common64-7f491ed7-5bd4-43d6-a818-66090bcb7c16.dylib+0x3b60]  +[StartIPCTask runTask:]+0x71
C  [Foundation+0x7152a]  __NSThreadPerformPerform+0x146
C  [CoreFoundation+0xa7321]  __CFRUNLOOP_IS_CALLING_OUT_TO_A_SOURCE0_PERFORM_FUNCTION__+0x11
C  [CoreFoundation+0x8821d]  __CFRunLoopDoSources0+0x22d
C  [CoreFoundation+0x87716]  __CFRunLoopRun+0x3a6
C  [CoreFoundation+0x87114]  CFRunLoopRunSpecific+0x1a4
C  [HIToolbox+0x30ebc]  RunCurrentEventLoopInMode+0xf0
C  [HIToolbox+0x30cf1]  ReceiveNextEventCommon+0x1b0
C  [HIToolbox+0x30b26]  _BlockUntilNextEventMatchingListInModeWithFilter+0x47
C  [AppKit+0x46a54]  _DPSNextEvent+0x460
C  [AppKit+0x7c27ee]  -[NSApplication(NSEvent) _nextEventMatchingEventMask:untilDate:inMode:dequeue:]+0xaec
C  [libosxapp.dylib+0x23aa]  -[NSApplicationAWT nextEventMatchingMask:untilDate:inMode:dequeue:]+0x7c
C  [AppKit+0x3b3db]  -[NSApplication run]+0x39e
C  [libosxapp.dylib+0x214d]  +[NSApplicationAWT runAWTLoopWithApp:]+0x9c
C  [libawt_lwawt.dylib+0x44517]  -[AWTStarter starter:]+0x389
C  [Foundation+0x7152a]  __NSThreadPerformPerform+0x146
C  [CoreFoundation+0xa7321]  __CFRUNLOOP_IS_CALLING_OUT_TO_A_SOURCE0_PERFORM_FUNCTION__+0x11
C  [CoreFoundation+0x8821d]  __CFRunLoopDoSources0+0x22d
C  [CoreFoundation+0x87716]  __CFRunLoopRun+0x3a6
C  [CoreFoundation+0x87114]  CFRunLoopRunSpecific+0x1a4
C  [java+0x6463]  CreateExecutionEnvironment+0x367
C  [java+0x21ac]  JLI_Launch+0x7a0
C  [java+0x84c0]  main+0x65
C  [java+0x1a04]  start+0x34
C  0x000000000000000a


---------------  P R O C E S S  ---------------

Java Threads: ( => current thread )
  0x00007f8ed04e9000 JavaThread "IPC Process Thread" daemon [_thread_in_native_trans, id=77083, stack(0x000070000911a000,0x000070000921a000)]
  0x00007f8ed2834800 JavaThread "IPC Server Thread" daemon [_thread_in_native, id=75547, stack(0x0000700009017000,0x0000700009117000)]
  0x00007f8ed2398800 JavaThread "Thread-1" [_thread_blocked, id=69891, stack(0x0000700008e91000,0x0000700008f91000)]
  0x00007f8ecfbd2000 JavaThread "Image Fetcher 1" daemon [_thread_blocked, id=69187, stack(0x0000700008d8e000,0x0000700008e8e000)]
  0x00007f8ed239d800 JavaThread "Image Fetcher 0" daemon [_thread_blocked, id=68907, stack(0x0000700008c8b000,0x0000700008d8b000)]
  0x00007f8ecf23a800 JavaThread "AWT-EventQueue-0" [_thread_blocked, id=32523, stack(0x0000700008b88000,0x0000700008c88000)]
  0x00007f8ed219f800 JavaThread "AWT-Shutdown" [_thread_blocked, id=61707, stack(0x0000700008673000,0x0000700008773000)]
  0x00007f8ecfb98000 JavaThread "Java2D Disposer" daemon [_thread_blocked, id=62467, stack(0x0000700008a85000,0x0000700008b85000)]
  0x00007f8ecf1a8000 JavaThread "Java2D Queue Flusher" daemon [_thread_blocked, id=50179, stack(0x00007000087f9000,0x00007000088f9000)]
=>0x00007f8ed2086000 JavaThread "AppKit Thread" daemon [_thread_in_native, id=775, stack(0x00007fff5ea02000,0x00007fff5f202000)]
  0x00007f8ed2011000 JavaThread "Service Thread" daemon [_thread_blocked, id=21251, stack(0x00007000083ea000,0x00007000084ea000)]
  0x00007f8ed002a000 JavaThread "C1 CompilerThread3" daemon [_thread_blocked, id=20739, stack(0x00007000082e7000,0x00007000083e7000)]
  0x00007f8ed0029800 JavaThread "C2 CompilerThread2" daemon [_thread_blocked, id=20227, stack(0x00007000081e4000,0x00007000082e4000)]
  0x00007f8ecf028800 JavaThread "C2 CompilerThread1" daemon [_thread_blocked, id=19715, stack(0x00007000080e1000,0x00007000081e1000)]
  0x00007f8ed2011800 JavaThread "C2 CompilerThread0" daemon [_thread_blocked, id=19203, stack(0x0000700007fde000,0x00007000080de000)]
  0x00007f8ed001f800 JavaThread "Signal Dispatcher" daemon [_thread_blocked, id=18691, stack(0x0000700007edb000,0x0000700007fdb000)]
  0x00007f8ed001c000 JavaThread "Finalizer" daemon [_thread_blocked, id=14339, stack(0x0000700007d55000,0x0000700007e55000)]
  0x00007f8ed001b000 JavaThread "Reference Handler" daemon [_thread_blocked, id=13827, stack(0x0000700007c52000,0x0000700007d52000)]
  0x00007f8ecf001800 JavaThread "main" [_thread_blocked, id=6915, stack(0x0000700007234000,0x0000700007334000)]

Other Threads:
  0x00007f8ed0018800 VMThread [stack: 0x0000700007b4f000,0x0000700007c4f000] [id=13315]
  0x00007f8ed2013800 WatcherThread [stack: 0x00007000084ed000,0x00007000085ed000] [id=21763]

VM state:synchronizing (normal execution)

VM Mutex/Monitor currently owned by a thread:  ([mutex/lock_event])
[0x00007f8ecec04750] Safepoint_lock - owner thread: 0x00007f8ed0018800
[0x00007f8ecec047d0] Threads_lock - owner thread: 0x00007f8ed0018800

Heap:
 PSYoungGen      total 14848K, used 14721K [0x000000076ab00000, 0x000000076bb80000, 0x00000007c0000000)
  eden space 12800K, 99% used [0x000000076ab00000,0x000000076b762568,0x000000076b780000)
  from space 2048K, 99% used [0x000000076b980000,0x000000076bb7e080,0x000000076bb80000)
  to   space 2048K, 0% used [0x000000076b780000,0x000000076b780000,0x000000076b980000)
 ParOldGen       total 34304K, used 3656K [0x00000006c0000000, 0x00000006c2180000, 0x000000076ab00000)
  object space 34304K, 10% used [0x00000006c0000000,0x00000006c0392058,0x00000006c2180000)
 Metaspace       used 18032K, capacity 18296K, committed 18560K, reserved 1064960K
  class space    used 2511K, capacity 2601K, committed 2688K, reserved 1048576K

Card table byte_map: [0x0000000102f49000,0x000000010374a000] byte_map_base: 0x00000000ff949000

Marking Bits: (ParMarkBitMap*) 0x00000001024dee20
 Begin Bits: [0x00000001181dd000, 0x000000011c1dd000)
 End Bits:   [0x000000011c1dd000, 0x00000001201dd000)

Polling page: 0x0000000100abe000

CodeCache: size=245760Kb used=3891Kb max_used=3901Kb free=241868Kb
 bounds [0x00000001091dd000, 0x00000001095bd000, 0x00000001181dd000]
 total_blobs=1609 nmethods=1057 adapters=465
 compilation: enabled

Compilation events (10 events):
Event: 2.693 Thread 0x00007f8ed002a000 1143   !   3       java.awt.Font::equals (132 bytes)
Event: 2.694 Thread 0x00007f8ed002a000 nmethod 1143 0x00000001095a3510 code [0x00000001095a36e0, 0x00000001095a3ee8]
Event: 2.694 Thread 0x00007f8ed002a000 1144       1       javax.swing.text.JTextComponent::getDocument (5 bytes)
Event: 2.694 Thread 0x00007f8ed002a000 nmethod 1144 0x000000010930c510 code [0x000000010930c660, 0x000000010930c770]
Event: 2.694 Thread 0x00007f8ed002a000 1142       1       java.awt.Font::hasLayoutAttributes (5 bytes)
Event: 2.694 Thread 0x00007f8ed002a000 nmethod 1142 0x00000001095a3250 code [0x00000001095a33a0, 0x00000001095a34b0]
Event: 2.694 Thread 0x00007f8ed2011800 1145       4       java.util.HashMap::putVal (300 bytes)
Event: 2.694 Thread 0x00007f8ed002a000 1146       3       java.util.LinkedHashMap$LinkedHashIterator::nextNode (54 bytes)
Event: 2.695 Thread 0x00007f8ed002a000 nmethod 1146 0x00000001095a2bd0 code [0x00000001095a2d60, 0x00000001095a30b8]
Event: 2.702 Thread 0x00007f8ed2011800 nmethod 1145 0x00000001095aec90 code [0x00000001095aee60, 0x00000001095af7a8]

GC Heap History (4 events):
Event: 2.178 GC heap before
{Heap before GC invocations=1 (full 0):
 PSYoungGen      total 14848K, used 12800K [0x000000076ab00000, 0x000000076bb80000, 0x00000007c0000000)
  eden space 12800K, 100% used [0x000000076ab00000,0x000000076b780000,0x000000076b780000)
  from space 2048K, 0% used [0x000000076b980000,0x000000076b980000,0x000000076bb80000)
  to   space 2048K, 0% used [0x000000076b780000,0x000000076b780000,0x000000076b980000)
 ParOldGen       total 34304K, used 0K [0x00000006c0000000, 0x00000006c2180000, 0x000000076ab00000)
  object space 34304K, 0% used [0x00000006c0000000,0x00000006c0000000,0x00000006c2180000)
 Metaspace       used 11793K, capacity 11922K, committed 12160K, reserved 1060864K
  class space    used 1474K, capacity 1546K, committed 1664K, reserved 1048576K
Event: 2.181 GC heap after
Heap after GC invocations=1 (full 0):
 PSYoungGen      total 14848K, used 2016K [0x000000076ab00000, 0x000000076bb80000, 0x00000007c0000000)
  eden space 12800K, 0% used [0x000000076ab00000,0x000000076ab00000,0x000000076b780000)
  from space 2048K, 98% used [0x000000076b780000,0x000000076b978020,0x000000076b980000)
  to   space 2048K, 0% used [0x000000076b980000,0x000000076b980000,0x000000076bb80000)
 ParOldGen       total 34304K, used 1634K [0x00000006c0000000, 0x00000006c2180000, 0x000000076ab00000)
  object space 34304K, 4% used [0x00000006c0000000,0x00000006c0198a38,0x00000006c2180000)
 Metaspace       used 11793K, capacity 11922K, committed 12160K, reserved 1060864K
  class space    used 1474K, capacity 1546K, committed 1664K, reserved 1048576K
}
Event: 2.419 GC heap before
{Heap before GC invocations=2 (full 0):
 PSYoungGen      total 14848K, used 14602K [0x000000076ab00000, 0x000000076bb80000, 0x00000007c0000000)
  eden space 12800K, 98% used [0x000000076ab00000,0x000000076b74a938,0x000000076b780000)
  from space 2048K, 98% used [0x000000076b780000,0x000000076b978020,0x000000076b980000)
  to   space 2048K, 0% used [0x000000076b980000,0x000000076b980000,0x000000076bb80000)
 ParOldGen       total 34304K, used 1634K [0x00000006c0000000, 0x00000006c2180000, 0x000000076ab00000)
  object space 34304K, 4% used [0x00000006c0000000,0x00000006c0198a38,0x00000006c2180000)
 Metaspace       used 16557K, capacity 16818K, committed 17024K, reserved 1064960K
  class space    used 2309K, capacity 2408K, committed 2432K, reserved 1048576K
Event: 2.422 GC heap after
Heap after GC invocations=2 (full 0):
 PSYoungGen      total 14848K, used 2040K [0x000000076ab00000, 0x000000076bb80000, 0x00000007c0000000)
  eden space 12800K, 0% used [0x000000076ab00000,0x000000076ab00000,0x000000076b780000)
  from space 2048K, 99% used [0x000000076b980000,0x000000076bb7e080,0x000000076bb80000)
  to   space 2048K, 0% used [0x000000076b780000,0x000000076b780000,0x000000076b980000)
 ParOldGen       total 34304K, used 3656K [0x00000006c0000000, 0x00000006c2180000, 0x000000076ab00000)
  object space 34304K, 10% used [0x00000006c0000000,0x00000006c0392058,0x00000006c2180000)
 Metaspace       used 16557K, capacity 16818K, committed 17024K, reserved 1064960K
  class space    used 2309K, capacity 2408K, committed 2432K, reserved 1048576K
}

Deoptimization events (10 events):
Event: 2.325 Thread 0x00007f8ecf001800 Uncommon trap: reason=class_check action=maybe_recompile pc=0x000000010936d198 method=java.lang.String.equals(Ljava/lang/Object;)Z @ 8
Event: 2.325 Thread 0x00007f8ecf001800 Uncommon trap: reason=class_check action=maybe_recompile pc=0x000000010936d198 method=java.lang.String.equals(Ljava/lang/Object;)Z @ 8
Event: 2.325 Thread 0x00007f8ecf001800 Uncommon trap: reason=class_check action=maybe_recompile pc=0x000000010936d198 method=java.lang.String.equals(Ljava/lang/Object;)Z @ 8
Event: 2.330 Thread 0x00007f8ecf001800 Uncommon trap: reason=class_check action=maybe_recompile pc=0x00000001094078c4 method=java.util.HashMap.putVal(ILjava/lang/Object;Ljava/lang/Object;ZZ)Ljava/lang/Object; @ 253
Event: 2.330 Thread 0x00007f8ecf001800 Uncommon trap: reason=class_check action=maybe_recompile pc=0x00000001094078c4 method=java.util.HashMap.putVal(ILjava/lang/Object;Ljava/lang/Object;ZZ)Ljava/lang/Object; @ 253
Event: 2.330 Thread 0x00007f8ecf001800 Uncommon trap: reason=class_check action=maybe_recompile pc=0x00000001094078c4 method=java.util.HashMap.putVal(ILjava/lang/Object;Ljava/lang/Object;ZZ)Ljava/lang/Object; @ 253
Event: 2.353 Thread 0x00007f8ecf001800 Uncommon trap: reason=unstable_if action=reinterpret pc=0x0000000109437c0c method=java.util.HashMap.getNode(ILjava/lang/Object;)Ljava/util/HashMap$Node; @ 62
Event: 2.353 Thread 0x00007f8ecf001800 Uncommon trap: reason=bimorphic action=maybe_recompile pc=0x00000001094078e4 method=java.util.HashMap.putVal(ILjava/lang/Object;Ljava/lang/Object;ZZ)Ljava/lang/Object; @ 91
Event: 2.608 Thread 0x00007f8ed2398800 Uncommon trap: reason=null_check action=make_not_entrant pc=0x0000000109442fb8 method=java.lang.StringCoding.decode(Ljava/lang/String;[BII)[C @ 6
Event: 2.694 Thread 0x00007f8ed04e9000 Uncommon trap: reason=class_check action=maybe_recompile pc=0x0000000109402350 method=java.util.HashMap.putVal(ILjava/lang/Object;Ljava/lang/Object;ZZ)Ljava/lang/Object; @ 253

Internal exceptions (10 events):
Event: 0.135 Thread 0x00007f8ecf001800 Exception <a 'java/security/PrivilegedActionException'> (0x000000076ad597f0) thrown at [/Users/java_re/workspace/8-2-build-macosx-x86_64/jdk8u65/4987/hotspot/src/share/vm/prims/jvm.cpp, line 1386]
Event: 0.135 Thread 0x00007f8ecf001800 Exception <a 'java/security/PrivilegedActionException'> (0x000000076ad59a00) thrown at [/Users/java_re/workspace/8-2-build-macosx-x86_64/jdk8u65/4987/hotspot/src/share/vm/prims/jvm.cpp, line 1386]
Event: 0.135 Thread 0x00007f8ecf001800 Exception <a 'java/security/PrivilegedActionException'> (0x000000076ad5cca0) thrown at [/Users/java_re/workspace/8-2-build-macosx-x86_64/jdk8u65/4987/hotspot/src/share/vm/prims/jvm.cpp, line 1386]
Event: 0.135 Thread 0x00007f8ecf001800 Exception <a 'java/security/PrivilegedActionException'> (0x000000076ad5ceb0) thrown at [/Users/java_re/workspace/8-2-build-macosx-x86_64/jdk8u65/4987/hotspot/src/share/vm/prims/jvm.cpp, line 1386]
Event: 0.174 Thread 0x00007f8ecf001800 Exception <a 'java/lang/NoSuchFieldError': method resolution failed> (0x000000076aecac08) thrown at [/Users/java_re/workspace/8-2-build-macosx-x86_64/jdk8u65/4987/hotspot/src/share/vm/prims/methodHandles.cpp, line 1146]
Event: 0.176 Thread 0x00007f8ecf001800 Exception <a 'java/lang/NoSuchFieldError': method resolution failed> (0x000000076aed8358) thrown at [/Users/java_re/workspace/8-2-build-macosx-x86_64/jdk8u65/4987/hotspot/src/share/vm/prims/methodHandles.cpp, line 1146]
Event: 0.253 Thread 0x00007f8ecf001800 Exception <a 'java/io/FileNotFoundException'> (0x000000076af533a8) thrown at [/Users/java_re/workspace/8-2-build-macosx-x86_64/jdk8u65/4987/hotspot/src/share/vm/prims/jni.cpp, line 709]
Event: 0.253 Thread 0x00007f8ecf001800 Exception <a 'java/io/FileNotFoundException'> (0x000000076af53ef8) thrown at [/Users/java_re/workspace/8-2-build-macosx-x86_64/jdk8u65/4987/hotspot/src/share/vm/prims/jni.cpp, line 709]
Event: 2.229 Thread 0x00007f8ecf001800 Exception <a 'java/lang/NullPointerException'> (0x000000076ac149d8) thrown at [/Users/java_re/workspace/8-2-build-macosx-x86_64/jdk8u65/4987/hotspot/src/share/vm/prims/jni.cpp, line 735]
Event: 2.608 Thread 0x00007f8ed2398800 Implicit null exception at 0x000000010943ffb3 to 0x0000000109442f89

Events (10 events):
Event: 2.765 Executing VM operation: RevokeBias done
Event: 2.765 loading class java/awt/GraphicsCallback$PaintCallback
Event: 2.765 loading class java/awt/GraphicsCallback
Event: 2.765 loading class sun/awt/SunGraphicsCallback
Event: 2.765 loading class sun/awt/SunGraphicsCallback done
Event: 2.765 loading class java/awt/GraphicsCallback done
Event: 2.765 loading class java/awt/GraphicsCallback$PaintCallback done
Event: 2.765 Executing VM operation: RevokeBias
Event: 2.765 Executing VM operation: RevokeBias done
Event: 2.765 Executing VM operation: RevokeBias


Dynamic libraries:
0x00000000241dc000 	/System/Library/Frameworks/Cocoa.framework/Versions/A/Cocoa
0x00000000241dc000 	/System/Library/Frameworks/Security.framework/Versions/A/Security
0x00000000241dc000 	/System/Library/Frameworks/ApplicationServices.framework/Versions/A/ApplicationServices
0x00000000241dc000 	/usr/lib/libz.1.dylib
0x00000000241dc000 	/usr/lib/libSystem.B.dylib
0x00000000241dc000 	/usr/lib/libobjc.A.dylib
0x00000000241dc000 	/System/Library/Frameworks/CoreFoundation.framework/Versions/A/CoreFoundation
0x00000000241dc000 	/System/Library/Frameworks/Foundation.framework/Versions/C/Foundation
0x00000000241dc000 	/System/Library/Frameworks/AppKit.framework/Versions/C/AppKit
0x00000000241dc000 	/System/Library/Frameworks/CoreData.framework/Versions/A/CoreData
0x00000000241dc000 	/System/Library/PrivateFrameworks/RemoteViewServices.framework/Versions/A/RemoteViewServices
0x00000000241dc000 	/System/Library/PrivateFrameworks/UIFoundation.framework/Versions/A/UIFoundation
0x00000000241dc000 	/System/Library/PrivateFrameworks/DFRFoundation.framework/Versions/A/DFRFoundation
0x00000000241dc000 	/usr/lib/libenergytrace.dylib
0x00000000241dc000 	/System/Library/PrivateFrameworks/SkyLight.framework/Versions/A/SkyLight
0x00000000241dc000 	/System/Library/Frameworks/CoreGraphics.framework/Versions/A/CoreGraphics
0x00000000241dc000 	/usr/lib/libScreenReader.dylib
0x00000000241dc000 	/System/Library/Frameworks/Accelerate.framework/Versions/A/Accelerate
0x00000000241dc000 	/System/Library/Frameworks/IOSurface.framework/Versions/A/IOSurface
0x00000000241dc000 	/System/Library/Frameworks/AudioToolbox.framework/Versions/A/AudioToolbox
0x00000000241dc000 	/System/Library/Frameworks/AudioUnit.framework/Versions/A/AudioUnit
0x00000000241dc000 	/System/Library/PrivateFrameworks/DataDetectorsCore.framework/Versions/A/DataDetectorsCore
0x00000000241dc000 	/System/Library/PrivateFrameworks/DesktopServicesPriv.framework/Versions/A/DesktopServicesPriv
0x00000000241dc000 	/System/Library/Frameworks/Carbon.framework/Versions/A/Frameworks/HIToolbox.framework/Versions/A/HIToolbox
0x00000000241dc000 	/usr/lib/libicucore.A.dylib
0x00000000241dc000 	/System/Library/Frameworks/QuartzCore.framework/Versions/A/QuartzCore
0x00000000241dc000 	/System/Library/Frameworks/Carbon.framework/Versions/A/Frameworks/SpeechRecognition.framework/Versions/A/SpeechRecognition
0x00000000241dc000 	/usr/lib/libauto.dylib
0x00000000241dc000 	/usr/lib/libxml2.2.dylib
0x00000000241dc000 	/System/Library/PrivateFrameworks/CoreUI.framework/Versions/A/CoreUI
0x00000000241dc000 	/System/Library/Frameworks/CoreAudio.framework/Versions/A/CoreAudio
0x00000000241dc000 	/System/Library/Frameworks/DiskArbitration.framework/Versions/A/DiskArbitration
0x00000000241dc000 	/usr/lib/liblangid.dylib
0x00000000241dc000 	/System/Library/PrivateFrameworks/MultitouchSupport.framework/Versions/A/MultitouchSupport
0x00000000241dc000 	/System/Library/Frameworks/IOKit.framework/Versions/A/IOKit
0x00000000241dc000 	/usr/lib/libDiagnosticMessagesClient.dylib
0x00000000241dc000 	/System/Library/Frameworks/CoreServices.framework/Versions/A/CoreServices
0x00000000241dc000 	/System/Library/PrivateFrameworks/PerformanceAnalysis.framework/Versions/A/PerformanceAnalysis
0x00000000241dc000 	/System/Library/PrivateFrameworks/GenerationalStorage.framework/Versions/A/GenerationalStorage
0x00000000241dc000 	/System/Library/Frameworks/OpenGL.framework/Versions/A/OpenGL
0x00000000241dc000 	/System/Library/Frameworks/CoreImage.framework/Versions/A/CoreImage
0x00000000241dc000 	/System/Library/Frameworks/CoreText.framework/Versions/A/CoreText
0x00000000241dc000 	/System/Library/Frameworks/ImageIO.framework/Versions/A/ImageIO
0x00000000241dc000 	/System/Library/PrivateFrameworks/Backup.framework/Versions/A/Backup
0x00000000241dc000 	/usr/lib/libarchive.2.dylib
0x00000000241dc000 	/System/Library/Frameworks/CFNetwork.framework/Versions/A/CFNetwork
0x00000000241dc000 	/System/Library/Frameworks/SystemConfiguration.framework/Versions/A/SystemConfiguration
0x00000000241dc000 	/usr/lib/libCRFSuite.dylib
0x00000000241dc000 	/usr/lib/libc++.1.dylib
0x00000000241dc000 	/usr/lib/libc++abi.dylib
0x00000000241dc000 	/usr/lib/system/libcache.dylib
0x00000000241dc000 	/usr/lib/system/libcommonCrypto.dylib
0x00000000241dc000 	/usr/lib/system/libcompiler_rt.dylib
0x00000000241dc000 	/usr/lib/system/libcopyfile.dylib
0x00000000241dc000 	/usr/lib/system/libcorecrypto.dylib
0x00000000241dc000 	/usr/lib/system/libdispatch.dylib
0x00000000241dc000 	/usr/lib/system/libdyld.dylib
0x00000000241dc000 	/usr/lib/system/libkeymgr.dylib
0x00000000241dc000 	/usr/lib/system/liblaunch.dylib
0x00000000241dc000 	/usr/lib/system/libmacho.dylib
0x00000000241dc000 	/usr/lib/system/libquarantine.dylib
0x00000000241dc000 	/usr/lib/system/libremovefile.dylib
0x00000000241dc000 	/usr/lib/system/libsystem_asl.dylib
0x00000000241dc000 	/usr/lib/system/libsystem_blocks.dylib
0x00000000241dc000 	/usr/lib/system/libsystem_c.dylib
0x00000000241dc000 	/usr/lib/system/libsystem_configuration.dylib
0x00000000241dc000 	/usr/lib/system/libsystem_coreservices.dylib
0x00000000241dc000 	/usr/lib/system/libsystem_coretls.dylib
0x00000000241dc000 	/usr/lib/system/libsystem_dnssd.dylib
0x00000000241dc000 	/usr/lib/system/libsystem_info.dylib
0x00000000241dc000 	/usr/lib/system/libsystem_kernel.dylib
0x00000000241dc000 	/usr/lib/system/libsystem_m.dylib
0x00000000241dc000 	/usr/lib/system/libsystem_malloc.dylib
0x00000000241dc000 	/usr/lib/system/libsystem_network.dylib
0x00000000241dc000 	/usr/lib/system/libsystem_networkextension.dylib
0x00000000241dc000 	/usr/lib/system/libsystem_notify.dylib
0x00000000241dc000 	/usr/lib/system/libsystem_platform.dylib
0x00000000241dc000 	/usr/lib/system/libsystem_pthread.dylib
0x00000000241dc000 	/usr/lib/system/libsystem_sandbox.dylib
0x00000000241dc000 	/usr/lib/system/libsystem_secinit.dylib
0x00000000241dc000 	/usr/lib/system/libsystem_symptoms.dylib
0x00000000241dc000 	/usr/lib/system/libsystem_trace.dylib
0x00000000241dc000 	/usr/lib/system/libunwind.dylib
0x00000000241dc000 	/usr/lib/system/libxpc.dylib
0x00000000241dc000 	/usr/lib/libbsm.0.dylib
0x00000000241dc000 	/usr/lib/system/libkxld.dylib
0x00000000241dc000 	/usr/lib/libcoretls.dylib
0x00000000241dc000 	/usr/lib/libcoretls_cfhelpers.dylib
0x00000000241dc000 	/usr/lib/libOpenScriptingUtil.dylib
0x00000000241dc000 	/usr/lib/libpam.2.dylib
0x00000000241dc000 	/usr/lib/libsqlite3.dylib
0x00000000241dc000 	/usr/lib/libxar.1.dylib
0x00000000241dc000 	/usr/lib/libbz2.1.0.dylib
0x00000000241dc000 	/usr/lib/liblzma.5.dylib
0x00000000241dc000 	/usr/lib/libnetwork.dylib
0x00000000241dc000 	/usr/lib/libpcap.A.dylib
0x00000000241dc000 	/System/Library/Frameworks/CoreServices.framework/Versions/A/Frameworks/FSEvents.framework/Versions/A/FSEvents
0x00000000241dc000 	/System/Library/Frameworks/CoreServices.framework/Versions/A/Frameworks/CarbonCore.framework/Versions/A/CarbonCore
0x00000000241dc000 	/System/Library/Frameworks/CoreServices.framework/Versions/A/Frameworks/Metadata.framework/Versions/A/Metadata
0x00000000241dc000 	/System/Library/Frameworks/CoreServices.framework/Versions/A/Frameworks/OSServices.framework/Versions/A/OSServices
0x00000000241dc000 	/System/Library/Frameworks/CoreServices.framework/Versions/A/Frameworks/SearchKit.framework/Versions/A/SearchKit
0x00000000241dc000 	/System/Library/Frameworks/CoreServices.framework/Versions/A/Frameworks/AE.framework/Versions/A/AE
0x00000000241dc000 	/System/Library/Frameworks/CoreServices.framework/Versions/A/Frameworks/LaunchServices.framework/Versions/A/LaunchServices
0x00000000241dc000 	/System/Library/Frameworks/CoreServices.framework/Versions/A/Frameworks/DictionaryServices.framework/Versions/A/DictionaryServices
0x00000000241dc000 	/System/Library/Frameworks/CoreServices.framework/Versions/A/Frameworks/SharedFileList.framework/Versions/A/SharedFileList
0x00000000241dc000 	/System/Library/Frameworks/NetFS.framework/Versions/A/NetFS
0x00000000241dc000 	/System/Library/PrivateFrameworks/NetAuth.framework/Versions/A/NetAuth
0x00000000241dc000 	/System/Library/PrivateFrameworks/login.framework/Versions/A/Frameworks/loginsupport.framework/Versions/A/loginsupport
0x00000000241dc000 	/System/Library/PrivateFrameworks/TCC.framework/Versions/A/TCC
0x00000000241dc000 	/usr/lib/libmecabra.dylib
0x00000000241dc000 	/System/Library/Frameworks/ApplicationServices.framework/Versions/A/Frameworks/ATS.framework/Versions/A/ATS
0x00000000241dc000 	/System/Library/Frameworks/ApplicationServices.framework/Versions/A/Frameworks/ColorSync.framework/Versions/A/ColorSync
0x00000000241dc000 	/System/Library/Frameworks/ApplicationServices.framework/Versions/A/Frameworks/HIServices.framework/Versions/A/HIServices
0x00000000241dc000 	/System/Library/Frameworks/ApplicationServices.framework/Versions/A/Frameworks/LangAnalysis.framework/Versions/A/LangAnalysis
0x00000000241dc000 	/System/Library/Frameworks/ApplicationServices.framework/Versions/A/Frameworks/PrintCore.framework/Versions/A/PrintCore
0x00000000241dc000 	/System/Library/Frameworks/ApplicationServices.framework/Versions/A/Frameworks/QD.framework/Versions/A/QD
0x00000000241dc000 	/System/Library/Frameworks/ApplicationServices.framework/Versions/A/Frameworks/SpeechSynthesis.framework/Versions/A/SpeechSynthesis
0x00000000241dc000 	/System/Library/Frameworks/Accelerate.framework/Versions/A/Frameworks/vImage.framework/Versions/A/vImage
0x00000000241dc000 	/System/Library/Frameworks/Accelerate.framework/Versions/A/Frameworks/vecLib.framework/Versions/A/vecLib
0x00000000241dc000 	/System/Library/Frameworks/Accelerate.framework/Versions/A/Frameworks/vecLib.framework/Versions/A/libvDSP.dylib
0x00000000241dc000 	/System/Library/Frameworks/Accelerate.framework/Versions/A/Frameworks/vecLib.framework/Versions/A/libBNNS.dylib
0x00000000241dc000 	/System/Library/Frameworks/Accelerate.framework/Versions/A/Frameworks/vecLib.framework/Versions/A/libQuadrature.dylib
0x00000000241dc000 	/System/Library/Frameworks/Accelerate.framework/Versions/A/Frameworks/vecLib.framework/Versions/A/libvMisc.dylib
0x00000000241dc000 	/System/Library/Frameworks/Accelerate.framework/Versions/A/Frameworks/vecLib.framework/Versions/A/libLAPACK.dylib
0x00000000241dc000 	/System/Library/Frameworks/Accelerate.framework/Versions/A/Frameworks/vecLib.framework/Versions/A/libBLAS.dylib
0x00000000241dc000 	/System/Library/Frameworks/Accelerate.framework/Versions/A/Frameworks/vecLib.framework/Versions/A/libLinearAlgebra.dylib
0x00000000241dc000 	/System/Library/Frameworks/Accelerate.framework/Versions/A/Frameworks/vecLib.framework/Versions/A/libSparseBLAS.dylib
0x00000000241dc000 	/System/Library/Frameworks/ApplicationServices.framework/Versions/A/Frameworks/ATS.framework/Versions/A/Resources/libFontParser.dylib
0x00000000241dc000 	/System/Library/Frameworks/ApplicationServices.framework/Versions/A/Frameworks/ATS.framework/Versions/A/Resources/libFontRegistry.dylib
0x00000000241dc000 	/System/Library/Frameworks/ImageIO.framework/Versions/A/Resources/libJPEG.dylib
0x00000000241dc000 	/System/Library/Frameworks/ImageIO.framework/Versions/A/Resources/libTIFF.dylib
0x00000000241dc000 	/System/Library/Frameworks/ImageIO.framework/Versions/A/Resources/libPng.dylib
0x00000000241dc000 	/System/Library/Frameworks/ImageIO.framework/Versions/A/Resources/libGIF.dylib
0x00000000241dc000 	/System/Library/Frameworks/ImageIO.framework/Versions/A/Resources/libJP2.dylib
0x00000000241dc000 	/System/Library/Frameworks/ImageIO.framework/Versions/A/Resources/libRadiance.dylib
0x00000000241dc000 	/usr/lib/libcompression.dylib
0x00000000241dc000 	/System/Library/PrivateFrameworks/AppleJPEG.framework/Versions/A/AppleJPEG
0x00000000241dc000 	/usr/lib/libcups.2.dylib
0x00000000241dc000 	/System/Library/Frameworks/Kerberos.framework/Versions/A/Kerberos
0x00000000241dc000 	/System/Library/Frameworks/GSS.framework/Versions/A/GSS
0x00000000241dc000 	/usr/lib/libresolv.9.dylib
0x00000000241dc000 	/usr/lib/libiconv.2.dylib
0x00000000241dc000 	/System/Library/PrivateFrameworks/Heimdal.framework/Versions/A/Heimdal
0x00000000241dc000 	/usr/lib/libheimdal-asn1.dylib
0x00000000241dc000 	/System/Library/Frameworks/OpenDirectory.framework/Versions/A/OpenDirectory
0x00000000241dc000 	/System/Library/PrivateFrameworks/CommonAuth.framework/Versions/A/CommonAuth
0x00000000241dc000 	/System/Library/Frameworks/OpenDirectory.framework/Versions/A/Frameworks/CFOpenDirectory.framework/Versions/A/CFOpenDirectory
0x00000000241dc000 	/System/Library/Frameworks/SecurityFoundation.framework/Versions/A/SecurityFoundation
0x00000000241dc000 	/System/Library/PrivateFrameworks/LanguageModeling.framework/Versions/A/LanguageModeling
0x00000000241dc000 	/usr/lib/libmarisa.dylib
0x00000000241dc000 	/usr/lib/libChineseTokenizer.dylib
0x00000000241dc000 	/usr/lib/libcmph.dylib
0x00000000241dc000 	/System/Library/PrivateFrameworks/CoreEmoji.framework/Versions/A/CoreEmoji
0x00000000241dc000 	/System/Library/Frameworks/ServiceManagement.framework/Versions/A/ServiceManagement
0x00000000241dc000 	/usr/lib/libxslt.1.dylib
0x00000000241dc000 	/System/Library/Frameworks/Carbon.framework/Versions/A/Frameworks/Ink.framework/Versions/A/Ink
0x00000000241dc000 	/System/Library/PrivateFrameworks/TextureIO.framework/Versions/A/TextureIO
0x00000000241dc000 	/System/Library/Frameworks/Metal.framework/Versions/A/Metal
0x00000000241dc000 	/usr/lib/libate.dylib
0x00000000241dc000 	/System/Library/PrivateFrameworks/GPUCompiler.framework/libmetal_timestamp.dylib
0x00000000241dc000 	/System/Library/Frameworks/OpenGL.framework/Versions/A/Libraries/libCoreFSCache.dylib
0x00000000241dc000 	/System/Library/PrivateFrameworks/IOAccelerator.framework/Versions/A/IOAccelerator
0x00000000241dc000 	/System/Library/Frameworks/CoreVideo.framework/Versions/A/CoreVideo
0x00000000241dc000 	/usr/lib/libFosl_dynamic.dylib
0x00000000241dc000 	/System/Library/PrivateFrameworks/MetalPerformanceShaders.framework/Versions/A/MetalPerformanceShaders
0x00000000241dc000 	/System/Library/PrivateFrameworks/FaceCore.framework/Versions/A/FaceCore
0x00000000241dc000 	/System/Library/Frameworks/OpenCL.framework/Versions/A/OpenCL
0x00000000241dc000 	/System/Library/Frameworks/OpenGL.framework/Versions/A/Libraries/libGLU.dylib
0x00000000241dc000 	/System/Library/Frameworks/OpenGL.framework/Versions/A/Libraries/libGFXShared.dylib
0x00000000241dc000 	/System/Library/Frameworks/OpenGL.framework/Versions/A/Libraries/libGL.dylib
0x00000000241dc000 	/System/Library/Frameworks/OpenGL.framework/Versions/A/Libraries/libGLImage.dylib
0x00000000241dc000 	/System/Library/Frameworks/OpenGL.framework/Versions/A/Libraries/libCVMSPluginSupport.dylib
0x00000000241dc000 	/System/Library/Frameworks/OpenGL.framework/Versions/A/Libraries/libCoreVMClient.dylib
0x00000000241dc000 	/System/Library/PrivateFrameworks/CrashReporterSupport.framework/Versions/A/CrashReporterSupport
0x00000000241dc000 	/System/Library/PrivateFrameworks/Sharing.framework/Versions/A/Sharing
0x00000000241dc000 	/System/Library/PrivateFrameworks/IconServices.framework/Versions/A/IconServices
0x00000000241dc000 	/System/Library/PrivateFrameworks/ProtocolBuffer.framework/Versions/A/ProtocolBuffer
0x00000000241dc000 	/System/Library/PrivateFrameworks/Apple80211.framework/Versions/A/Apple80211
0x00000000241dc000 	/System/Library/Frameworks/CoreWLAN.framework/Versions/A/CoreWLAN
0x00000000241dc000 	/System/Library/PrivateFrameworks/CoreUtils.framework/Versions/A/CoreUtils
0x00000000241dc000 	/System/Library/Frameworks/IOBluetooth.framework/Versions/A/IOBluetooth
0x00000000241dc000 	/System/Library/PrivateFrameworks/CoreWiFi.framework/Versions/A/CoreWiFi
0x00000000241dc000 	/System/Library/Frameworks/CoreBluetooth.framework/Versions/A/CoreBluetooth
0x00000000241dc000 	/System/Library/Frameworks/CoreDisplay.framework/Versions/A/CoreDisplay
0x00000000241dc000 	/System/Library/PrivateFrameworks/IOPresentment.framework/Versions/A/IOPresentment
0x00000000241dc000 	/System/Library/PrivateFrameworks/DSExternalDisplay.framework/Versions/A/DSExternalDisplay
0x00000000241dc000 	/System/Library/PrivateFrameworks/DebugSymbols.framework/Versions/A/DebugSymbols
0x00000000241dc000 	/System/Library/PrivateFrameworks/CoreSymbolication.framework/Versions/A/CoreSymbolication
0x00000000241dc000 	/System/Library/PrivateFrameworks/Symbolication.framework/Versions/A/Symbolication
0x00000000241dc000 	/System/Library/PrivateFrameworks/AppleFSCompression.framework/Versions/A/AppleFSCompression
0x00000000241dc000 	/System/Library/PrivateFrameworks/SpeechRecognitionCore.framework/Versions/A/SpeechRecognitionCore
0x00000000241dc000 	/System/Library/PrivateFrameworks/ChunkingLibrary.framework/Versions/A/ChunkingLibrary
0x0000000101c00000 	/Library/Java/JavaVirtualMachines/jdk1.8.0_65.jdk/Contents/Home/jre/lib/server/libjvm.dylib
0x00000000241dc000 	/usr/lib/libstdc++.6.dylib
0x0000000100a7b000 	/Library/Java/JavaVirtualMachines/jdk1.8.0_65.jdk/Contents/Home/jre/lib/libverify.dylib
0x0000000100a89000 	/Library/Java/JavaVirtualMachines/jdk1.8.0_65.jdk/Contents/Home/jre/lib/libjava.dylib
0x0000000100ac8000 	/Library/Java/JavaVirtualMachines/jdk1.8.0_65.jdk/Contents/Home/jre/lib/libzip.dylib
0x0000000106b1a000 	/System/Library/Frameworks/JavaVM.framework/Frameworks/JavaRuntimeSupport.framework/JavaRuntimeSupport
0x0000000106b34000 	/System/Library/Frameworks/JavaVM.framework/Versions/A/Frameworks/JavaNativeFoundation.framework/Versions/A/JavaNativeFoundation
0x0000000106b49000 	/System/Library/Frameworks/JavaVM.framework/Versions/A/JavaVM
0x00000000241dc000 	/System/Library/Frameworks/Carbon.framework/Versions/A/Carbon
0x0000000106b56000 	/System/Library/PrivateFrameworks/JavaLaunching.framework/Versions/A/JavaLaunching
0x00000000241dc000 	/System/Library/Frameworks/Carbon.framework/Versions/A/Frameworks/CommonPanels.framework/Versions/A/CommonPanels
0x00000000241dc000 	/System/Library/Frameworks/Carbon.framework/Versions/A/Frameworks/Help.framework/Versions/A/Help
0x00000000241dc000 	/System/Library/Frameworks/Carbon.framework/Versions/A/Frameworks/ImageCapture.framework/Versions/A/ImageCapture
0x00000000241dc000 	/System/Library/Frameworks/Carbon.framework/Versions/A/Frameworks/OpenScripting.framework/Versions/A/OpenScripting
0x00000000241dc000 	/System/Library/Frameworks/Carbon.framework/Versions/A/Frameworks/Print.framework/Versions/A/Print
0x00000000241dc000 	/System/Library/Frameworks/Carbon.framework/Versions/A/Frameworks/SecurityHI.framework/Versions/A/SecurityHI
0x0000000108541000 	/Library/Java/JavaVirtualMachines/jdk1.8.0_65.jdk/Contents/Home/jre/lib/libawt.dylib
0x00000001085e9000 	/Library/Java/JavaVirtualMachines/jdk1.8.0_65.jdk/Contents/Home/jre/lib/./libmlib_image.dylib
0x00000001086b5000 	/Library/Java/JavaVirtualMachines/jdk1.8.0_65.jdk/Contents/Home/jre/lib/libawt_lwawt.dylib
0x000000010876a000 	/Library/Java/JavaVirtualMachines/jdk1.8.0_65.jdk/Contents/Home/jre/lib/./libosxapp.dylib
0x00000000241dc000 	/System/Library/Frameworks/ExceptionHandling.framework/Versions/A/ExceptionHandling
0x00000000241dc000 	/System/Library/PrivateFrameworks/CoreServicesInternal.framework/Versions/A/CoreServicesInternal
0x00000000241dc000 	/System/Library/CoreServices/RawCamera.bundle/Contents/MacOS/RawCamera
0x00000000241dc000 	/System/Library/Frameworks/Accelerate.framework/Versions/A/Frameworks/vImage.framework/Versions/A/Libraries/libCGInterfaces.dylib
0x00000000241dc000 	/System/Library/PrivateFrameworks/FamilyControls.framework/Versions/A/FamilyControls
0x00000000241dc000 	/System/Library/PrivateFrameworks/CommerceKit.framework/Versions/A/Frameworks/CommerceCore.framework/Versions/A/CommerceCore
0x00000000241dc000 	/System/Library/PrivateFrameworks/SystemAdministration.framework/Versions/A/SystemAdministration
0x00000000241dc000 	/System/Library/PrivateFrameworks/AppContainer.framework/Versions/A/AppContainer
0x00000000241dc000 	/System/Library/PrivateFrameworks/SecCodeWrapper.framework/Versions/A/SecCodeWrapper
0x00000000241dc000 	/System/Library/Frameworks/DirectoryService.framework/Versions/A/DirectoryService
0x00000000241dc000 	/System/Library/PrivateFrameworks/DiskImages.framework/Versions/A/DiskImages
0x00000000241dc000 	/System/Library/PrivateFrameworks/LoginUIKit.framework/Versions/A/Frameworks/LoginUICore.framework/Versions/A/LoginUICore
0x00000000241dc000 	/usr/lib/libCoreStorage.dylib
0x00000000241dc000 	/usr/lib/libcsfde.dylib
0x00000000241dc000 	/usr/lib/libodfde.dylib
0x00000000241dc000 	/System/Library/Frameworks/DiscRecording.framework/Versions/A/DiscRecording
0x00000000241dc000 	/usr/lib/libcurl.4.dylib
0x00000000241dc000 	/System/Library/PrivateFrameworks/MediaKit.framework/Versions/A/MediaKit
0x00000000241dc000 	/System/Library/PrivateFrameworks/ProtectedCloudStorage.framework/Versions/A/ProtectedCloudStorage
0x00000000241dc000 	/System/Library/PrivateFrameworks/EFILogin.framework/Versions/A/EFILogin
0x00000000241dc000 	/usr/lib/libutil.dylib
0x00000000241dc000 	/System/Library/Frameworks/LDAP.framework/Versions/A/LDAP
0x00000000241dc000 	/usr/lib/libsasl2.2.dylib
0x00000000241dc000 	/System/Library/PrivateFrameworks/CoreDaemon.framework/Versions/B/CoreDaemon
0x00000000241dc000 	/System/Library/PrivateFrameworks/AppleSRP.framework/Versions/A/AppleSRP
0x00000000241dc000 	/System/Library/PrivateFrameworks/APFS.framework/Versions/A/APFS
0x0000000121ef2000 	/Library/Java/JavaVirtualMachines/jdk1.8.0_65.jdk/Contents/Home/jre/lib/libfontmanager.dylib
0x00000000241dc000 	/System/Library/Frameworks/ApplicationServices.framework/Versions/A/Frameworks/ATS.framework/Versions/A/Resources/libTrueTypeScaler.dylib
0x0000000122924000 	/System/Library/Frameworks/OpenGL.framework/Resources/GLEngine.bundle/GLEngine
0x00000000241dc000 	/System/Library/Frameworks/OpenGL.framework/Versions/A/Libraries/libGLProgrammability.dylib
0x0000000122b09000 	/System/Library/Extensions/AppleIntelHD5000GraphicsGLDriver.bundle/Contents/MacOS/AppleIntelHD5000GraphicsGLDriver
0x00000000241dc000 	/System/Library/PrivateFrameworks/GPUSupport.framework/Versions/A/Libraries/libGPUSupportMercury.dylib
0x000000012327b000 	/System/Library/Extensions/AMDRadeonX4000GLDriver.bundle/Contents/MacOS/AMDRadeonX4000GLDriver
0x000000012335b000 	/System/Library/Extensions/AMDRadeonX4000GLDriver.bundle/Contents/MacOS/ATIRadeonX4000SCLib.dylib
0x0000000123938000 	/System/Library/Frameworks/OpenGL.framework/Resources//GLRendererFloat.bundle/GLRendererFloat
0x00000000241dc000 	/System/Library/Frameworks/OpenCL.framework/Versions/A/Libraries/libcldcpuengine.dylib
0x00000000241dc000 	/usr/lib/libcrypto.0.9.8.dylib
0x00000000241dc000 	/System/Library/PrivateFrameworks/TrustEvaluationAgent.framework/Versions/A/TrustEvaluationAgent
0x00000000241dc000 	/System/Library/Extensions/AMDMTLBronzeDriver.bundle/Contents/MacOS/AMDMTLBronzeDriver
0x00000000241dc000 	/System/Library/PrivateFrameworks/IOAccelMemoryInfo.framework/Versions/A/IOAccelMemoryInfo
0x0000000123988000 	/System/Library/Extensions/AppleIntelHD5000GraphicsMTLDriver.bundle/Contents/MacOS/AppleIntelHD5000GraphicsMTLDriver
0x00000000241dc000 	/System/Library/PrivateFrameworks/ViewBridge.framework/Versions/A/ViewBridge
0x00000000241dc000 	/System/Library/PrivateFrameworks/XPCService.framework/Versions/A/XPCService
0x00000000241dc000 	/System/Library/PrivateFrameworks/AppSandbox.framework/Versions/A/AppSandbox
0x00000000241dc000 	/usr/lib/libsandbox.1.dylib
0x00000000241dc000 	/usr/lib/libMatch.1.dylib
0x0000000123e9d000 	/Library/Java/JavaVirtualMachines/jdk1.8.0_65.jdk/Contents/Home/jre/lib/libosxui.dylib
0x00000001228f5000 	/Library/Java/JavaVirtualMachines/jdk1.8.0_65.jdk/Contents/Home/jre/lib/libnet.dylib
0x0000000124c29000 	/Library/Java/JavaVirtualMachines/jdk1.8.0_65.jdk/Contents/Home/jre/lib/libnio.dylib
0x00000000241dc000 	/System/Library/PrivateFrameworks/CloudDocs.framework/Versions/A/CloudDocs
0x00000000241dc000 	/System/Library/Frameworks/CloudKit.framework/Versions/A/CloudKit
0x00000000241dc000 	/System/Library/PrivateFrameworks/MMCS.framework/Versions/A/MMCS
0x00000000241dc000 	/System/Library/Frameworks/CoreLocation.framework/Versions/A/CoreLocation
0x00000000241dc000 	/System/Library/PrivateFrameworks/AssetCacheServices.framework/Versions/A/AssetCacheServices
0x00000000241dc000 	/System/Library/PrivateFrameworks/GeoServices.framework/Versions/A/GeoServices
0x000000016c3aa000 	/private/var/folders/yb/mfq72d413mxgbljbx0pl1vrjsfjtww/T/jxbrowser-chromium-51.0.2704.106.6.6/data/Temp/libjxbrowser-common64-7f491ed7-5bd4-43d6-a818-66090bcb7c16.dylib

VM Arguments:
jvm_args: -Xms50m -XX:+AggressiveOpts -Dfile.encoding=UTF-8 
java_command: runtime.ESL edb.tool.EDB ./esl /Users/acestc4/Dropbox/SHU_Files/Research/ESL/histories
java_class_path (initial): /Users/acestc4/Dropbox/SHU_Files/workspace/esl/bin:/Users/acestc4/Dropbox/SHU_Files/workspace/xpl/bin:/Users/acestc4/Dropbox/SHU_Files/workspace/esl/lib/jxbrowser-mac-6.6.jar:/Users/acestc4/Dropbox/SHU_Files/workspace/esl/lib/licence.jar:/Users/acestc4/Dropbox/SHU_Files/workspace/esl/lib/jfreesvg-3.2.jar:/Users/acestc4/Dropbox/SHU_Files/workspace/esl/lib/jfreechart-1.0.19/lib/jcommon-1.0.23.jar:/Users/acestc4/Dropbox/SHU_Files/workspace/esl/lib/jfreechart-1.0.19/lib/jfreesvg-2.0.jar:/Users/acestc4/Dropbox/SHU_Files/workspace/esl/lib/jfreechart-1.0.19/lib/junit-4.11.jar:/Users/acestc4/Dropbox/SHU_Files/workspace/esl/lib/jfreechart-1.0.19/lib/orsoncharts-1.4-eval-nofx.jar:/Users/acestc4/Dropbox/SHU_Files/workspace/esl/lib/jfreechart-1.0.19/lib/orsonpdf-1.6-eval.jar:/Users/acestc4/Dropbox/SHU_Files/workspace/esl/lib/jfreechart-1.0.19/lib/servlet.jar:/Users/acestc4/Dropbox/SHU_Files/workspace/esl/lib/jfreechart-1.0.19/lib/swtgraphics2d.jar:/Users/acestc4/Dropbox/SHU_Files/workspace/esl/lib/jfreechart-1.0.19/lib/jfreechart-1.0.19.jar:/Users/acestc4/Dropbox/SHU_Files/workspace/esl/lib/jxbrowser-6.6.jar:/Users/acestc4/Dropbox/SHU_Files/workspace/esl/lib/jfindreplace.jar:/Users/acestc4/Dropbox/SHU_Files/workspace/esl/lib/batik-1.6.1/lib/batik-awt-util.jar:/Users/acestc4/Dropbox/SHU_Files/workspace/esl/lib/batik-1.6.1/lib/batik-bridge.jar:/Users/acestc4/Dropbox/SHU_Files/workspace/esl/lib/batik-1.6.1/lib/batik-css.jar:/Users/acestc4/Dropbox/SHU_Files/workspace/esl/lib/batik-1.6.1/lib/batik-dom.jar:/Users/acestc4/Dropbox/SHU_Files/workspace/esl/lib/batik-1.6.1/lib/batik-ext.jar:/Users/acestc4/Dropbox/SHU_Files/workspace/esl/lib/batik-1.6.1/lib/batik-extension.jar:/Users/acestc4/Dropbox/SHU_Files/workspace/esl/lib/batik-1.6.1/lib/batik-gui-util.jar:/Users/acestc4/Dropbox/SHU_Files/workspace/esl/lib/batik-1.6.1/lib/batik-gvt.jar:/Users/acestc4/Dropbox/SHU_Files/workspace/esl/lib/batik-1.6.1/lib/batik-parser.jar:/Users/acestc4/Dropbox/SHU_Files/works
Launcher Type: SUN_STANDARD

Environment Variables:
PATH=/usr/bin:/bin:/usr/sbin:/sbin
SHELL=/bin/bash

Signal Handlers:
SIGSEGV: [libjvm.dylib+0x5a6d31], sa_mask[0]=11111111011111110111111111111111, sa_flags=SA_ONSTACK|SA_RESTART|SA_SIGINFO
SIGBUS: [libjvm.dylib+0x5a6d31], sa_mask[0]=11111111011111110111111111111111, sa_flags=SA_RESTART|SA_SIGINFO
SIGFPE: [libjvm.dylib+0x480a40], sa_mask[0]=11111111011111110111111111111111, sa_flags=SA_RESTART|SA_SIGINFO
SIGPIPE: [libjvm.dylib+0x480a40], sa_mask[0]=11111111011111110111111111111111, sa_flags=SA_RESTART|SA_SIGINFO
SIGXFSZ: [libjvm.dylib+0x480a40], sa_mask[0]=11111111011111110111111111111111, sa_flags=SA_RESTART|SA_SIGINFO
SIGILL: [libjvm.dylib+0x480a40], sa_mask[0]=11111111011111110111111111111111, sa_flags=SA_RESTART|SA_SIGINFO
SIGUSR1: SIG_DFL, sa_mask[0]=00000000000000000000000000000000, sa_flags=none
SIGUSR2: [libjvm.dylib+0x48055e], sa_mask[0]=00100000000000000000000000000000, sa_flags=SA_RESTART|SA_SIGINFO
SIGHUP: [libjvm.dylib+0x47eb35], sa_mask[0]=11111111011111110111111111111111, sa_flags=SA_RESTART|SA_SIGINFO
SIGINT: [libjvm.dylib+0x47eb35], sa_mask[0]=11111111011111110111111111111111, sa_flags=SA_RESTART|SA_SIGINFO
SIGTERM: [libjvm.dylib+0x47eb35], sa_mask[0]=11111111011111110111111111111111, sa_flags=SA_RESTART|SA_SIGINFO
SIGQUIT: [libjvm.dylib+0x47eb35], sa_mask[0]=11111111011111110111111111111111, sa_flags=SA_RESTART|SA_SIGINFO


---------------  S Y S T E M  ---------------

OS:Bsduname:Darwin 16.7.0 Darwin Kernel Version 16.7.0: Thu Jun 15 17:36:27 PDT 2017; root:xnu-3789.70.16~2/RELEASE_X86_64 x86_64
rlimit: STACK 8192k, CORE 0k, NPROC 2048, NOFILE 10240, AS infinity
load average:2.34 2.11 2.02

CPU:total 8 (4 cores per cpu, 2 threads per core) family 6 model 70 stepping 1, cmov, cx8, fxsr, mmx, sse, sse2, sse3, ssse3, sse4.1, sse4.2, popcnt, avx, avx2, aes, clmul, erms, lzcnt, ht, tsc, tscinvbit, bmi1, bmi2

Memory: 4k page, physical 16777216k(4183512k free)

/proc/meminfo:


vm_info: Java HotSpot(TM) 64-Bit Server VM (25.65-b01) for bsd-amd64 JRE (1.8.0_65-b17), built on Oct  6 2015 15:36:46 by "java_re" with gcc 4.2.1 (Based on Apple Inc. build 5658) (LLVM build 2336.11.00)

time: Sun Sep  3 22:50:27 2017
elapsed time: 2 seconds (0d 0h 0m 2s)

