#
# A fatal error has been detected by the Java Runtime Environment:
#
#  SIGSEGV (0xb) at pc=0x0000000124181027, pid=13000, tid=0x000000000000e207
#
# JRE version: Java(TM) SE Runtime Environment (8.0_171-b11) (build 1.8.0_171-b11)
# Java VM: Java HotSpot(TM) 64-Bit Server VM (25.171-b11 mixed mode bsd-amd64 compressed oops)
# Problematic frame:
# C  [libawt_lwawt.dylib+0x1c027]  OGLSD_SetScratchSurface+0x49
#
# Failed to write core dump. Core dumps have been disabled. To enable core dumping, try "ulimit -c unlimited" before starting Java again
#
# If you would like to submit a bug report, please visit:
#   http://bugreport.java.com/bugreport/crash.jsp
# The crash happened outside the Java Virtual Machine in native code.
# See problematic frame for where to report the bug.
#

---------------  T H R E A D  ---------------

Current thread (0x00007fea9123d000):  JavaThread "Java2D Queue Flusher" daemon [_thread_in_native, id=57863, stack(0x00007000022aa000,0x00007000023aa000)]

siginfo: si_signo: 11 (SIGSEGV), si_code: 1 (SEGV_MAPERR), si_addr: 0x0000000000000002

Registers:
RAX=0x00000000ffffffff, RBX=0x0000000000000002, RCX=0x0000000000000047, RDX=0x00000001241a2b14
RSP=0x00007000023a9810, RBP=0x00007000023a9830, RSI=0x00007fea9f07e240, RDI=0x00007fea9123d1f8
R8 =0x0000000000000020, R9 =0x0000000000000000, R10=0x00000001082bfff8, R11=0x00000000d8007d9c
R12=0x0000000000000000, R13=0x00000006c003eda0, R14=0x00007fea9123d1f8, R15=0x00007fea9123d000
RIP=0x0000000124181027, EFLAGS=0x0000000000010202, ERR=0x0000000000000004
  TRAPNO=0x000000000000000e

Top of Stack: (sp=0x00007000023a9810)
0x00007000023a9810:   00007fea9f07e240 0000000000000000
0x00007000023a9820:   00007fea912ac010 00007fea9123d000
0x00007000023a9830:   00007000023a98b0 00000001241a25f2
0x00007000023a9840:   0000000000000064 00007fea90c737f8
0x00007000023a9850:   00007000023a98b0 0000000106f76fd8
0x00007000023a9860:   0000000000000005 00007fea9123d000
0x00007000023a9870:   00000006c003ed01 00007fea912ac020
0x00007000023a9880:   00007000003a9800 00007fea9123d1f8
0x00007000023a9890:   0000000000000000 0000000000000000
0x00007000023a98a0:   00007000023a9908 00007fea9123d000
0x00007000023a98b0:   00007000023a9900 00000001082c006a
0x00007000023a98c0:   00000006c003ecc8 00007000023a9908
0x00007000023a98d0:   00000001ac26fdd0 0000000000000000
0x00007000023a98e0:   00000001ac26fd60 0000000000000000
0x00007000023a98f0:   00007000023a9910 0000000000000000
0x00007000023a9900:   00000000d8007d99 00000001088cb390
0x00007000023a9910:   00000006c003ecc8 00000006c003eda0
0x00007000023a9920:   0000000000000000 0000000000000000
0x00007000023a9930:   00000006c003eda0 00007000023a99d0
0x00007000023a9940:   0000000000000001 0000000000000000
0x00007000023a9950:   00007000023a99d0 0000000107bd47a7
0x00007000023a9960:   00000006c003eda0 00000006c003eda0
0x00007000023a9970:   0000700000001fa0 000000000000000a
0x00007000023a9980:   00007fea9123d000 0000000000000001
0x00007000023a9990:   0000000107bd471f 00000001201b9240
0x00007000023a99a0:   00007000023a9a68 00007000023a9d00
0x00007000023a99b0:   000000010000000a 00000001201b9240
0x00007000023a99c0:   0000000107be7ae0 00007000023a9c70
0x00007000023a99d0:   00007000023a9b80 0000000106f151f6
0x00007000023a99e0:   0000700000000001 00007fea9123d000
0x00007000023a99f0:   00007fea9123d000 00007000023a9d00
0x00007000023a9a00:   00007fea90c737f0 0000000107be7ae0 

Instructions: (pc=0x0000000124181027)
0x0000000124181007:   c0 e9 82 00 00 00 48 8b 5e 10 48 85 db 75 0e bf
0x0000000124181017:   01 00 00 00 48 8d 15 a8 96 03 00 eb d6 49 89 fe
0x0000000124181027:   4c 8b 3b 30 c0 e8 ff bc 02 00 49 8b 3f 49 89 c4
0x0000000124181037:   48 8b 35 02 29 06 00 30 c0 e8 4d be 02 00 48 85 

Register to memory mapping:

RAX=0x00000000ffffffff is an unknown value
RBX=0x0000000000000002 is an unknown value
RCX=0x0000000000000047 is an unknown value
RDX=0x00000001241a2b14: Java_sun_java2d_opengl_OGLRenderQueue_flushBuffer+0xb5c in /Library/Java/JavaVirtualMachines/jdk1.8.0_171.jdk/Contents/Home/jre/lib/libawt_lwawt.dylib at 0x0000000124165000
RSP=0x00007000023a9810 is pointing into the stack for thread: 0x00007fea9123d000
RBP=0x00007000023a9830 is pointing into the stack for thread: 0x00007fea9123d000
RSI=0x00007fea9f07e240 is an unknown value
RDI=0x00007fea9123d1f8 is an unknown value
R8 =0x0000000000000020 is an unknown value
R9 =0x0000000000000000 is an unknown value
R10=0x00000001082bfff8 is at entry_point+56 in (nmethod*)0x00000001082bfe50
R11=0x00000000d8007d9c is an unknown value
R12=0x0000000000000000 is an unknown value
R13=0x00000006c003eda0 is an oop
sun.java2d.opengl.OGLRenderQueue$QueueFlusher 
 - klass: 'sun/java2d/opengl/OGLRenderQueue$QueueFlusher'
R14=0x00007fea9123d1f8 is an unknown value
R15=0x00007fea9123d000 is a thread


Stack: [0x00007000022aa000,0x00007000023aa000],  sp=0x00007000023a9810,  free space=1022k
Native frames: (J=compiled Java code, j=interpreted, Vv=VM code, C=native code)
C  [libawt_lwawt.dylib+0x1c027]  OGLSD_SetScratchSurface+0x49
C  [libawt_lwawt.dylib+0x3d5f2]  Java_sun_java2d_opengl_OGLRenderQueue_flushBuffer+0x63a
J 2302  sun.java2d.opengl.OGLRenderQueue.flushBuffer(JI)V (0 bytes) @ 0x00000001082c006a [0x00000001082bffc0+0xaa]
J 8279% C2 sun.java2d.opengl.OGLRenderQueue$QueueFlusher.run()V (234 bytes) @ 0x00000001088cb390 [0x00000001088cb2c0+0xd0]
v  ~StubRoutines::call_stub
V  [libjvm.dylib+0x2ef1f6]  JavaCalls::call_helper(JavaValue*, methodHandle*, JavaCallArguments*, Thread*)+0x6ae
V  [libjvm.dylib+0x2ef99a]  JavaCalls::call_virtual(JavaValue*, KlassHandle, Symbol*, Symbol*, JavaCallArguments*, Thread*)+0x164
V  [libjvm.dylib+0x2efb46]  JavaCalls::call_virtual(JavaValue*, Handle, KlassHandle, Symbol*, Symbol*, Thread*)+0x4a
V  [libjvm.dylib+0x34a46d]  thread_entry(JavaThread*, Thread*)+0x7c
V  [libjvm.dylib+0x56eb0f]  JavaThread::thread_main_inner()+0x9b
V  [libjvm.dylib+0x57020a]  JavaThread::run()+0x1c2
V  [libjvm.dylib+0x48d4a6]  java_start(Thread*)+0xf6
C  [libsystem_pthread.dylib+0x3661]  _pthread_body+0x154
C  [libsystem_pthread.dylib+0x350d]  _pthread_body+0x0
C  [libsystem_pthread.dylib+0x2bf9]  thread_start+0xd
C  0x0000000000000000

Java frames: (J=compiled Java code, j=interpreted, Vv=VM code)
J 2302  sun.java2d.opengl.OGLRenderQueue.flushBuffer(JI)V (0 bytes) @ 0x00000001082bfff8 [0x00000001082bffc0+0x38]
J 8279% C2 sun.java2d.opengl.OGLRenderQueue$QueueFlusher.run()V (234 bytes) @ 0x00000001088cb390 [0x00000001088cb2c0+0xd0]
v  ~StubRoutines::call_stub

---------------  P R O C E S S  ---------------

Java Threads: ( => current thread )
  0x00007fea9d11c000 JavaThread "Thread-4" [_thread_blocked, id=141131, stack(0x00007000038ed000,0x00007000039ed000)]
  0x00007fea931b0000 JavaThread "TimerQueue" daemon [_thread_blocked, id=162347, stack(0x000070000ff00000,0x0000700010000000)]
  0x00007fea9248a000 JavaThread "pool-3-thread-2" [_thread_blocked, id=167951, stack(0x000070000ebf1000,0x000070000ecf1000)]
  0x00007fea924da000 JavaThread "pool-3-thread-1" [_thread_blocked, id=171279, stack(0x000070000eaee000,0x000070000ebee000)]
  0x00007fea91d3a000 JavaThread "Browser Events Thread" [_thread_blocked, id=133123, stack(0x000070000e165000,0x000070000e265000)]
  0x00007fea92407000 JavaThread "Memory Writer SocketInfo{cid=0, bid=0, channelType=Render}" [_thread_blocked, id=173315, stack(0x000070000de5c000,0x000070000df5c000)]
  0x00007fea93317800 JavaThread "Socket Connection Checker SocketInfo{cid=0, bid=0, channelType=Render}" [_thread_in_native, id=132099, stack(0x000070000dd59000,0x000070000de59000)]
  0x00007fea93316800 JavaThread "IPC Memory Reader Thread" [_thread_in_native, id=173579, stack(0x000070000dcd6000,0x000070000dd56000)]
  0x00007fea91d34000 JavaThread "IPC Async Events Thread" [_thread_blocked, id=108043, stack(0x000070000dbd3000,0x000070000dcd3000)]
  0x00007fea94835800 JavaThread "Memory Writer SocketInfo{cid=0, bid=0, channelType=Browser}" [_thread_blocked, id=118787, stack(0x000070000da4d000,0x000070000db4d000)]
  0x00007fea92325000 JavaThread "Socket Connection Checker SocketInfo{cid=0, bid=0, channelType=Browser}" [_thread_in_native, id=101379, stack(0x000070000d94a000,0x000070000da4a000)]
  0x00007fea92324800 JavaThread "IPC Memory Reader Thread" [_thread_in_native, id=100615, stack(0x000070000d844000,0x000070000d8c4000)]
  0x00007fea92408000 JavaThread "IPC Async Events Thread" [_thread_blocked, id=121859, stack(0x000070000be32000,0x000070000bf32000)]
  0x00007fea923d5800 JavaThread "Memory Writer SocketInfo{cid=0, bid=-1, channelType=Main}" [_thread_blocked, id=95747, stack(0x000070000ad29000,0x000070000ae29000)]
  0x00007fea9239f800 JavaThread "Socket Connection Checker SocketInfo{cid=0, bid=-1, channelType=Main}" [_thread_in_native, id=123139, stack(0x000070000ac26000,0x000070000ad26000)]
  0x00007fea93274800 JavaThread "IPC Memory Reader Thread" [_thread_in_native, id=94723, stack(0x000070000ab20000,0x000070000aba0000)]
  0x00007fea921fc000 JavaThread "IPC Process Thread" daemon [_thread_in_native, id=69635, stack(0x00007000026e1000,0x00007000027e1000)]
  0x00007fea91d07000 JavaThread "IPC Server Thread" daemon [_thread_in_native, id=64003, stack(0x00007000025de000,0x00007000026de000)]
  0x00007fea91287800 JavaThread "DestroyJavaVM" [_thread_blocked, id=10243, stack(0x0000700000a56000,0x0000700000b56000)]
  0x00007fea9318b000 JavaThread "AWT-EventQueue-0" [_thread_blocked, id=70147, stack(0x00007000024b0000,0x00007000025b0000)]
  0x00007fea912a7000 JavaThread "Java2D Disposer" daemon [_thread_blocked, id=75811, stack(0x00007000023ad000,0x00007000024ad000)]
=>0x00007fea9123d000 JavaThread "Java2D Queue Flusher" daemon [_thread_in_native, id=57863, stack(0x00007000022aa000,0x00007000023aa000)]
  0x00007fea9216d000 JavaThread "AWT-Shutdown" [_thread_blocked, id=27435, stack(0x0000700001e12000,0x0000700001f12000)]
  0x00007fea92120000 JavaThread "AppKit Thread" daemon [_thread_blocked, id=775, stack(0x00007ffeea2bf000,0x00007ffeeaabf000)]
  0x00007fea92046000 JavaThread "Service Thread" daemon [_thread_blocked, id=16387, stack(0x0000700001c0c000,0x0000700001d0c000)]
  0x00007fea9203b800 JavaThread "C1 CompilerThread3" daemon [_thread_blocked, id=17155, stack(0x0000700001b09000,0x0000700001c09000)]
  0x00007fea94802800 JavaThread "C2 CompilerThread2" daemon [_thread_blocked, id=17667, stack(0x0000700001a06000,0x0000700001b06000)]
  0x00007fea9203a800 JavaThread "C2 CompilerThread1" daemon [_thread_blocked, id=17923, stack(0x0000700001903000,0x0000700001a03000)]
  0x00007fea9201a000 JavaThread "C2 CompilerThread0" daemon [_thread_blocked, id=15619, stack(0x0000700001800000,0x0000700001900000)]
  0x00007fea92009800 JavaThread "Signal Dispatcher" daemon [_thread_blocked, id=18699, stack(0x00007000016fd000,0x00007000017fd000)]
  0x00007fea92007000 JavaThread "Finalizer" daemon [_thread_blocked, id=19971, stack(0x0000700001577000,0x0000700001677000)]
  0x00007fea9102f000 JavaThread "Reference Handler" daemon [_thread_blocked, id=12803, stack(0x0000700001474000,0x0000700001574000)]

Other Threads:
  0x00007fea91800800 VMThread [stack: 0x0000700001371000,0x0000700001471000] [id=20227]
  0x00007fea93075000 WatcherThread [stack: 0x0000700001d0f000,0x0000700001e0f000] [id=16643]

VM state:not at safepoint (normal execution)

VM Mutex/Monitor currently owned by a thread: None

Heap:
 PSYoungGen      total 67584K, used 993K [0x000000076ab00000, 0x000000076fd00000, 0x00000007c0000000)
  eden space 55808K, 1% used [0x000000076ab00000,0x000000076abf8620,0x000000076e180000)
  from space 11776K, 0% used [0x000000076ee80000,0x000000076ee80000,0x000000076fa00000)
  to   space 13312K, 0% used [0x000000076e180000,0x000000076e180000,0x000000076ee80000)
 ParOldGen       total 126464K, used 31239K [0x00000006c0000000, 0x00000006c7b80000, 0x000000076ab00000)
  object space 126464K, 24% used [0x00000006c0000000,0x00000006c1e81c18,0x00000006c7b80000)
 Metaspace       used 27329K, capacity 27978K, committed 28160K, reserved 1073152K
  class space    used 3588K, capacity 3753K, committed 3840K, reserved 1048576K

Card table byte_map: [0x0000000116bd4000,0x00000001173d5000] byte_map_base: 0x00000001135d4000

Marking Bits: (ParMarkBitMap*) 0x000000010751d6e0
 Begin Bits: [0x00000001173d5000, 0x000000011b3d5000)
 End Bits:   [0x000000011b3d5000, 0x000000011f3d5000)

Polling page: 0x00000001051c6000

CodeCache: size=245760Kb used=23864Kb max_used=23888Kb free=221895Kb
 bounds [0x0000000107bd4000, 0x0000000109374000, 0x0000000116bd4000]
 total_blobs=7361 nmethods=6698 adapters=574
 compilation: enabled

Compilation events (10 events):
Event: 29392.754 Thread 0x00007fea9203b800 9081       3       sun.java2d.loops.ProcessPath::IS_CLIPPED (15 bytes)
Event: 29392.754 Thread 0x00007fea9203b800 nmethod 9081 0x0000000108ef4dd0 code [0x0000000108ef4f40, 0x0000000108ef5110]
Event: 29392.761 Thread 0x00007fea9203b800 9082       3       javax.swing.JComponent::safelyGetGraphics (9 bytes)
Event: 29392.761 Thread 0x00007fea9203b800 nmethod 9082 0x0000000108eeae10 code [0x0000000108eeafa0, 0x0000000108eeb438]
Event: 29392.770 Thread 0x00007fea9203b800 9085       3       sun.font.FontStrikeDesc::hashCode (36 bytes)
Event: 29392.770 Thread 0x00007fea9203b800 nmethod 9085 0x0000000108eea910 code [0x0000000108eeaaa0, 0x0000000108eeacf8]
Event: 29392.773 Thread 0x00007fea9203b800 9086       3       sun.java2d.SunGraphics2D::setClip (17 bytes)
Event: 29392.774 Thread 0x00007fea9203b800 nmethod 9086 0x0000000108ee9f10 code [0x0000000108eea0c0, 0x0000000108eea678]
Event: 29392.775 Thread 0x00007fea94802800 9087   !   4       sun.java2d.Disposer::clearDeferredRecords (70 bytes)
Event: 29392.779 Thread 0x00007fea94802800 nmethod 9087 0x0000000107df8890 code [0x0000000107df8a20, 0x0000000107df8ce8]

GC Heap History (10 events):
Event: 13566.352 GC heap before
{Heap before GC invocations=246 (full 7):
 PSYoungGen      total 58368K, used 48448K [0x000000076ab00000, 0x000000076f000000, 0x00000007c0000000)
  eden space 48128K, 100% used [0x000000076ab00000,0x000000076da00000,0x000000076da00000)
  from space 10240K, 3% used [0x000000076e600000,0x000000076e650000,0x000000076f000000)
  to   space 11264K, 0% used [0x000000076da00000,0x000000076da00000,0x000000076e500000)
 ParOldGen       total 123904K, used 79698K [0x00000006c0000000, 0x00000006c7900000, 0x000000076ab00000)
  object space 123904K, 64% used [0x00000006c0000000,0x00000006c4dd48b0,0x00000006c7900000)
 Metaspace       used 27222K, capacity 27830K, committed 28160K, reserved 1073152K
  class space    used 3575K, capacity 3723K, committed 3840K, reserved 1048576K
Event: 13566.355 GC heap after
Heap after GC invocations=246 (full 7):
 PSYoungGen      total 49664K, used 2048K [0x000000076ab00000, 0x000000076ee80000, 0x00000007c0000000)
  eden space 47616K, 0% used [0x000000076ab00000,0x000000076ab00000,0x000000076d980000)
  from space 2048K, 100% used [0x000000076da00000,0x000000076dc00000,0x000000076dc00000)
  to   space 10752K, 0% used [0x000000076e400000,0x000000076e400000,0x000000076ee80000)
 ParOldGen       total 123904K, used 79762K [0x00000006c0000000, 0x00000006c7900000, 0x000000076ab00000)
  object space 123904K, 64% used [0x00000006c0000000,0x00000006c4de48b0,0x00000006c7900000)
 Metaspace       used 27222K, capacity 27830K, committed 28160K, reserved 1073152K
  class space    used 3575K, capacity 3723K, committed 3840K, reserved 1048576K
}
Event: 13566.411 GC heap before
{Heap before GC invocations=247 (full 7):
 PSYoungGen      total 49664K, used 49664K [0x000000076ab00000, 0x000000076ee80000, 0x00000007c0000000)
  eden space 47616K, 100% used [0x000000076ab00000,0x000000076d980000,0x000000076d980000)
  from space 2048K, 100% used [0x000000076da00000,0x000000076dc00000,0x000000076dc00000)
  to   space 10752K, 0% used [0x000000076e400000,0x000000076e400000,0x000000076ee80000)
 ParOldGen       total 123904K, used 79762K [0x00000006c0000000, 0x00000006c7900000, 0x000000076ab00000)
  object space 123904K, 64% used [0x00000006c0000000,0x00000006c4de48b0,0x00000006c7900000)
 Metaspace       used 27224K, capacity 27830K, committed 28160K, reserved 1073152K
  class space    used 3575K, capacity 3723K, committed 3840K, reserved 1048576K
Event: 13566.415 GC heap after
Heap after GC invocations=247 (full 7):
 PSYoungGen      total 58368K, used 736K [0x000000076ab00000, 0x000000076f800000, 0x00000007c0000000)
  eden space 47616K, 0% used [0x000000076ab00000,0x000000076ab00000,0x000000076d980000)
  from space 10752K, 6% used [0x000000076e400000,0x000000076e4b8000,0x000000076ee80000)
  to   space 10752K, 0% used [0x000000076d980000,0x000000076d980000,0x000000076e400000)
 ParOldGen       total 123904K, used 81650K [0x00000006c0000000, 0x00000006c7900000, 0x000000076ab00000)
  object space 123904K, 65% used [0x00000006c0000000,0x00000006c4fbc8b0,0x00000006c7900000)
 Metaspace       used 27224K, capacity 27830K, committed 28160K, reserved 1073152K
  class space    used 3575K, capacity 3723K, committed 3840K, reserved 1048576K
}
Event: 20245.845 GC heap before
{Heap before GC invocations=248 (full 7):
 PSYoungGen      total 58368K, used 47180K [0x000000076ab00000, 0x000000076f800000, 0x00000007c0000000)
  eden space 47616K, 97% used [0x000000076ab00000,0x000000076d85b3d0,0x000000076d980000)
  from space 10752K, 6% used [0x000000076e400000,0x000000076e4b8000,0x000000076ee80000)
  to   space 10752K, 0% used [0x000000076d980000,0x000000076d980000,0x000000076e400000)
 ParOldGen       total 123904K, used 81650K [0x00000006c0000000, 0x00000006c7900000, 0x000000076ab00000)
  object space 123904K, 65% used [0x00000006c0000000,0x00000006c4fbc8b0,0x00000006c7900000)
 Metaspace       used 27240K, capacity 27862K, committed 28160K, reserved 1073152K
  class space    used 3578K, capacity 3755K, committed 3840K, reserved 1048576K
Event: 20245.922 GC heap after
Heap after GC invocations=248 (full 7):
 PSYoungGen      total 58368K, used 7805K [0x000000076ab00000, 0x000000076fa00000, 0x00000007c0000000)
  eden space 47616K, 0% used [0x000000076ab00000,0x000000076ab00000,0x000000076d980000)
  from space 10752K, 72% used [0x000000076d980000,0x000000076e11f748,0x000000076e400000)
  to   space 11776K, 0% used [0x000000076ee80000,0x000000076ee80000,0x000000076fa00000)
 ParOldGen       total 123904K, used 92907K [0x00000006c0000000, 0x00000006c7900000, 0x000000076ab00000)
  object space 123904K, 74% used [0x00000006c0000000,0x00000006c5abaf10,0x00000006c7900000)
 Metaspace       used 27240K, capacity 27862K, committed 28160K, reserved 1073152K
  class space    used 3578K, capacity 3755K, committed 3840K, reserved 1048576K
}
Event: 29392.601 GC heap before
{Heap before GC invocations=249 (full 7):
 PSYoungGen      total 58368K, used 55421K [0x000000076ab00000, 0x000000076fa00000, 0x00000007c0000000)
  eden space 47616K, 100% used [0x000000076ab00000,0x000000076d980000,0x000000076d980000)
  from space 10752K, 72% used [0x000000076d980000,0x000000076e11f748,0x000000076e400000)
  to   space 11776K, 0% used [0x000000076ee80000,0x000000076ee80000,0x000000076fa00000)
 ParOldGen       total 123904K, used 92907K [0x00000006c0000000, 0x00000006c7900000, 0x000000076ab00000)
  object space 123904K, 74% used [0x00000006c0000000,0x00000006c5abaf10,0x00000006c7900000)
 Metaspace       used 27335K, capacity 27990K, committed 28160K, reserved 1073152K
  class space    used 3589K, capacity 3755K, committed 3840K, reserved 1048576K
Event: 29392.620 GC heap after
Heap after GC invocations=249 (full 7):
 PSYoungGen      total 67584K, used 10897K [0x000000076ab00000, 0x000000076fd00000, 0x00000007c0000000)
  eden space 55808K, 0% used [0x000000076ab00000,0x000000076ab00000,0x000000076e180000)
  from space 11776K, 92% used [0x000000076ee80000,0x000000076f924650,0x000000076fa00000)
  to   space 13312K, 0% used [0x000000076e180000,0x000000076e180000,0x000000076ee80000)
 ParOldGen       total 123904K, used 109029K [0x00000006c0000000, 0x00000006c7900000, 0x000000076ab00000)
  object space 123904K, 87% used [0x00000006c0000000,0x00000006c6a797d8,0x00000006c7900000)
 Metaspace       used 27335K, capacity 27990K, committed 28160K, reserved 1073152K
  class space    used 3589K, capacity 3755K, committed 3840K, reserved 1048576K
}
Event: 29392.620 GC heap before
{Heap before GC invocations=250 (full 8):
 PSYoungGen      total 67584K, used 10897K [0x000000076ab00000, 0x000000076fd00000, 0x00000007c0000000)
  eden space 55808K, 0% used [0x000000076ab00000,0x000000076ab00000,0x000000076e180000)
  from space 11776K, 92% used [0x000000076ee80000,0x000000076f924650,0x000000076fa00000)
  to   space 13312K, 0% used [0x000000076e180000,0x000000076e180000,0x000000076ee80000)
 ParOldGen       total 123904K, used 109029K [0x00000006c0000000, 0x00000006c7900000, 0x000000076ab00000)
  object space 123904K, 87% used [0x00000006c0000000,0x00000006c6a797d8,0x00000006c7900000)
 Metaspace       used 27335K, capacity 27990K, committed 28160K, reserved 1073152K
  class space    used 3589K, capacity 3755K, committed 3840K, reserved 1048576K
Event: 29392.751 GC heap after
Heap after GC invocations=250 (full 8):
 PSYoungGen      total 67584K, used 0K [0x000000076ab00000, 0x000000076fd00000, 0x00000007c0000000)
  eden space 55808K, 0% used [0x000000076ab00000,0x000000076ab00000,0x000000076e180000)
  from space 11776K, 0% used [0x000000076ee80000,0x000000076ee80000,0x000000076fa00000)
  to   space 13312K, 0% used [0x000000076e180000,0x000000076e180000,0x000000076ee80000)
 ParOldGen       total 126464K, used 31239K [0x00000006c0000000, 0x00000006c7b80000, 0x000000076ab00000)
  object space 126464K, 24% used [0x00000006c0000000,0x00000006c1e81c18,0x00000006c7b80000)
 Metaspace       used 27327K, capacity 27978K, committed 28160K, reserved 1073152K
  class space    used 3588K, capacity 3753K, committed 3840K, reserved 1048576K
}

Deoptimization events (10 events):
Event: 27115.982 Thread 0x00007fea9318b000 Uncommon trap: reason=class_check action=maybe_recompile pc=0x0000000107d0f954 method=sun.java2d.loops.SurfaceType.pixelFor(ILjava/awt/image/ColorModel;)I @ 6
Event: 27116.025 Thread 0x00007fea9318b000 Uncommon trap: reason=unstable_if action=reinterpret pc=0x0000000108e7da98 method=sun.java2d.opengl.OGLBlitLoops.Blit(Lsun/java2d/SurfaceData;Lsun/java2d/SurfaceData;Ljava/awt/Composite;Lsun/java2d/pipe/Region;Ljava/awt/geom/AffineTransform;IIIIIDDDDIZ)V 
Event: 29390.614 Thread 0x00007fea9318b000 Uncommon trap: reason=null_check action=make_not_entrant pc=0x000000010927b154 method=javax.swing.RepaintManager.getVolatileOffscreenBuffer(Ljava/awt/Component;II)Ljava/awt/Image; @ 172
Event: 29390.636 Thread 0x00007fea9318b000 Uncommon trap: reason=bimorphic action=maybe_recompile pc=0x0000000108da1d58 method=sun.java2d.SunGraphics2D.drawLine(IIII)V @ 10
Event: 29391.639 Thread 0x00007fea9318b000 Uncommon trap: reason=bimorphic action=maybe_recompile pc=0x0000000108da1d58 method=sun.java2d.SunGraphics2D.drawLine(IIII)V @ 10
Event: 29392.540 Thread 0x00007fea9318b000 Uncommon trap: reason=unstable_if action=reinterpret pc=0x000000010928cbb8 method=sun.java2d.SunGraphics2D.transformShape(Ljava/awt/Shape;)Ljava/awt/Shape; @ 11
Event: 29392.540 Thread 0x00007fea9318b000 Uncommon trap: reason=unstable_if action=reinterpret pc=0x00000001080dc13c method=sun.java2d.opengl.CGLSurfaceData.copyArea(Lsun/java2d/SunGraphics2D;IIIIII)Z @ 25
Event: 29392.752 Thread 0x00007fea9318b000 Uncommon trap: reason=null_check action=make_not_entrant pc=0x0000000108cc41e0 method=sun.awt.image.ImageCache.setImage(Lsun/awt/image/ImageCache$PixelsKey;Ljava/awt/Image;)V @ 232
Event: 29392.754 Thread 0x00007fea9318b000 Uncommon trap: reason=bimorphic action=maybe_recompile pc=0x0000000108da1d58 method=sun.java2d.SunGraphics2D.drawLine(IIII)V @ 10
Event: 29392.757 Thread 0x00007fea9318b000 Uncommon trap: reason=bimorphic action=maybe_recompile pc=0x0000000108da1d58 method=sun.java2d.SunGraphics2D.drawLine(IIII)V @ 10

Classes redefined (0 events):
No events

Internal exceptions (10 events):
Event: 20245.633 Thread 0x00007fea92120000 Implicit null exception at 0x000000010833c08c to 0x000000010833c1dd
Event: 20245.841 Thread 0x00007fea9318b000 Implicit null exception at 0x0000000108aa1ecd to 0x0000000108aa47d9
Event: 20245.843 Thread 0x00007fea9318b000 Implicit null exception at 0x00000001082ee0c2 to 0x00000001082ee295
Event: 20245.963 Thread 0x00007fea9318b000 Implicit null exception at 0x00000001080301d7 to 0x0000000108030a3d
Event: 20246.132 Thread 0x00007fea9318b000 Implicit null exception at 0x00000001088154a5 to 0x00000001088160e1
Event: 20246.136 Thread 0x00007fea9318b000 Implicit null exception at 0x0000000107fdb818 to 0x0000000107fdba51
Event: 20246.166 Thread 0x00007fea9318b000 Implicit null exception at 0x0000000107ec1834 to 0x0000000107ec1b01
Event: 27115.885 Thread 0x00007fea9318b000 Implicit null exception at 0x00000001084cbc3e to 0x00000001084cdcb9
Event: 29390.614 Thread 0x00007fea9318b000 Implicit null exception at 0x0000000109277956 to 0x000000010927b0c5
Event: 29392.752 Thread 0x00007fea9318b000 Implicit null exception at 0x0000000108cc3422 to 0x0000000108cc41bd

Events (10 events):
Event: 29392.766 Executing VM operation: RevokeBias
Event: 29392.766 Executing VM operation: RevokeBias done
Event: 29392.766 Executing VM operation: RevokeBias
Event: 29392.766 Executing VM operation: RevokeBias done
Event: 29392.770 Thread 0x00007fea9203b800 flushing nmethod 0x0000000107df89d0
Event: 29392.770 Thread 0x00007fea9203b800 flushing nmethod 0x0000000107e3a250
Event: 29392.774 Thread 0x00007fea9203b800 flushing nmethod 0x0000000107f0d350
Event: 29392.774 Thread 0x00007fea9203b800 flushing nmethod 0x0000000107f46150
Event: 29392.774 Thread 0x00007fea9203b800 flushing nmethod 0x0000000107f50690
Event: 29392.774 Thread 0x00007fea9203b800 flushing nmethod 0x0000000107f8dc90


Dynamic libraries:
0x000000001bf15000 	/System/Library/Frameworks/Cocoa.framework/Versions/A/Cocoa
0x000000001bf15000 	/System/Library/Frameworks/Security.framework/Versions/A/Security
0x000000001bf15000 	/System/Library/Frameworks/ApplicationServices.framework/Versions/A/ApplicationServices
0x000000001bf15000 	/usr/lib/libz.1.dylib
0x000000001bf15000 	/usr/lib/libSystem.B.dylib
0x000000001bf15000 	/usr/lib/libobjc.A.dylib
0x000000001bf15000 	/System/Library/Frameworks/CoreFoundation.framework/Versions/A/CoreFoundation
0x000000001bf15000 	/System/Library/Frameworks/Foundation.framework/Versions/C/Foundation
0x000000001bf15000 	/System/Library/Frameworks/AppKit.framework/Versions/C/AppKit
0x000000001bf15000 	/System/Library/Frameworks/CoreData.framework/Versions/A/CoreData
0x000000001bf15000 	/System/Library/PrivateFrameworks/RemoteViewServices.framework/Versions/A/RemoteViewServices
0x000000001bf15000 	/System/Library/PrivateFrameworks/UIFoundation.framework/Versions/A/UIFoundation
0x000000001bf15000 	/System/Library/PrivateFrameworks/DFRFoundation.framework/Versions/A/DFRFoundation
0x000000001bf15000 	/System/Library/Frameworks/Metal.framework/Versions/A/Metal
0x000000001bf15000 	/System/Library/PrivateFrameworks/DesktopServicesPriv.framework/Versions/A/DesktopServicesPriv
0x000000001bf15000 	/usr/lib/libenergytrace.dylib
0x000000001bf15000 	/System/Library/PrivateFrameworks/SkyLight.framework/Versions/A/SkyLight
0x000000001bf15000 	/System/Library/Frameworks/CoreGraphics.framework/Versions/A/CoreGraphics
0x000000001bf15000 	/usr/lib/libScreenReader.dylib
0x000000001bf15000 	/System/Library/Frameworks/Accelerate.framework/Versions/A/Accelerate
0x000000001bf15000 	/System/Library/Frameworks/IOSurface.framework/Versions/A/IOSurface
0x000000001bf15000 	/System/Library/Frameworks/AudioToolbox.framework/Versions/A/AudioToolbox
0x000000001bf15000 	/System/Library/Frameworks/AudioUnit.framework/Versions/A/AudioUnit
0x000000001bf15000 	/System/Library/PrivateFrameworks/DataDetectorsCore.framework/Versions/A/DataDetectorsCore
0x000000001bf15000 	/System/Library/Frameworks/Carbon.framework/Versions/A/Frameworks/HIToolbox.framework/Versions/A/HIToolbox
0x000000001bf15000 	/usr/lib/libicucore.A.dylib
0x000000001bf15000 	/System/Library/Frameworks/QuartzCore.framework/Versions/A/QuartzCore
0x000000001bf15000 	/System/Library/PrivateFrameworks/SignpostNotification.framework/Versions/A/SignpostNotification
0x000000001bf15000 	/System/Library/Frameworks/Carbon.framework/Versions/A/Frameworks/SpeechRecognition.framework/Versions/A/SpeechRecognition
0x000000001bf15000 	/usr/lib/libauto.dylib
0x000000001bf15000 	/usr/lib/libxml2.2.dylib
0x000000001bf15000 	/System/Library/PrivateFrameworks/CoreUI.framework/Versions/A/CoreUI
0x000000001bf15000 	/System/Library/Frameworks/CoreAudio.framework/Versions/A/CoreAudio
0x000000001bf15000 	/System/Library/Frameworks/DiskArbitration.framework/Versions/A/DiskArbitration
0x000000001bf15000 	/usr/lib/liblangid.dylib
0x000000001bf15000 	/System/Library/PrivateFrameworks/MultitouchSupport.framework/Versions/A/MultitouchSupport
0x000000001bf15000 	/System/Library/Frameworks/IOKit.framework/Versions/A/IOKit
0x000000001bf15000 	/usr/lib/libDiagnosticMessagesClient.dylib
0x000000001bf15000 	/System/Library/Frameworks/CoreServices.framework/Versions/A/CoreServices
0x000000001bf15000 	/System/Library/PrivateFrameworks/PerformanceAnalysis.framework/Versions/A/PerformanceAnalysis
0x000000001bf15000 	/System/Library/Frameworks/OpenGL.framework/Versions/A/OpenGL
0x000000001bf15000 	/System/Library/Frameworks/ColorSync.framework/Versions/A/ColorSync
0x000000001bf15000 	/System/Library/Frameworks/CoreImage.framework/Versions/A/CoreImage
0x000000001bf15000 	/System/Library/Frameworks/CoreText.framework/Versions/A/CoreText
0x000000001bf15000 	/System/Library/Frameworks/ImageIO.framework/Versions/A/ImageIO
0x000000001bf15000 	/System/Library/PrivateFrameworks/Backup.framework/Versions/A/Backup
0x000000001bf15000 	/usr/lib/libarchive.2.dylib
0x000000001bf15000 	/System/Library/Frameworks/CFNetwork.framework/Versions/A/CFNetwork
0x000000001bf15000 	/System/Library/Frameworks/SystemConfiguration.framework/Versions/A/SystemConfiguration
0x000000001bf15000 	/usr/lib/libCRFSuite.dylib
0x000000001bf15000 	/usr/lib/libc++.1.dylib
0x000000001bf15000 	/usr/lib/libc++abi.dylib
0x000000001bf15000 	/usr/lib/system/libcache.dylib
0x000000001bf15000 	/usr/lib/system/libcommonCrypto.dylib
0x000000001bf15000 	/usr/lib/system/libcompiler_rt.dylib
0x000000001bf15000 	/usr/lib/system/libcopyfile.dylib
0x000000001bf15000 	/usr/lib/system/libcorecrypto.dylib
0x000000001bf15000 	/usr/lib/system/libdispatch.dylib
0x000000001bf15000 	/usr/lib/system/libdyld.dylib
0x000000001bf15000 	/usr/lib/system/libkeymgr.dylib
0x000000001bf15000 	/usr/lib/system/liblaunch.dylib
0x000000001bf15000 	/usr/lib/system/libmacho.dylib
0x000000001bf15000 	/usr/lib/system/libquarantine.dylib
0x000000001bf15000 	/usr/lib/system/libremovefile.dylib
0x000000001bf15000 	/usr/lib/system/libsystem_asl.dylib
0x000000001bf15000 	/usr/lib/system/libsystem_blocks.dylib
0x000000001bf15000 	/usr/lib/system/libsystem_c.dylib
0x000000001bf15000 	/usr/lib/system/libsystem_configuration.dylib
0x000000001bf15000 	/usr/lib/system/libsystem_coreservices.dylib
0x000000001bf15000 	/usr/lib/system/libsystem_darwin.dylib
0x000000001bf15000 	/usr/lib/system/libsystem_dnssd.dylib
0x000000001bf15000 	/usr/lib/system/libsystem_info.dylib
0x000000001bf15000 	/usr/lib/system/libsystem_m.dylib
0x000000001bf15000 	/usr/lib/system/libsystem_malloc.dylib
0x000000001bf15000 	/usr/lib/system/libsystem_network.dylib
0x000000001bf15000 	/usr/lib/system/libsystem_networkextension.dylib
0x000000001bf15000 	/usr/lib/system/libsystem_notify.dylib
0x000000001bf15000 	/usr/lib/system/libsystem_sandbox.dylib
0x000000001bf15000 	/usr/lib/system/libsystem_secinit.dylib
0x000000001bf15000 	/usr/lib/system/libsystem_kernel.dylib
0x000000001bf15000 	/usr/lib/system/libsystem_platform.dylib
0x000000001bf15000 	/usr/lib/system/libsystem_pthread.dylib
0x000000001bf15000 	/usr/lib/system/libsystem_symptoms.dylib
0x000000001bf15000 	/usr/lib/system/libsystem_trace.dylib
0x000000001bf15000 	/usr/lib/system/libunwind.dylib
0x000000001bf15000 	/usr/lib/system/libxpc.dylib
0x000000001bf15000 	/usr/lib/closure/libclosured.dylib
0x000000001bf15000 	/usr/lib/libbsm.0.dylib
0x000000001bf15000 	/usr/lib/system/libkxld.dylib
0x000000001bf15000 	/usr/lib/libOpenScriptingUtil.dylib
0x000000001bf15000 	/usr/lib/libcoretls.dylib
0x000000001bf15000 	/usr/lib/libcoretls_cfhelpers.dylib
0x000000001bf15000 	/usr/lib/libpam.2.dylib
0x000000001bf15000 	/usr/lib/libsqlite3.dylib
0x000000001bf15000 	/usr/lib/libxar.1.dylib
0x000000001bf15000 	/usr/lib/libbz2.1.0.dylib
0x000000001bf15000 	/usr/lib/liblzma.5.dylib
0x000000001bf15000 	/usr/lib/libnetwork.dylib
0x000000001bf15000 	/usr/lib/libapple_nghttp2.dylib
0x000000001bf15000 	/usr/lib/libpcap.A.dylib
0x000000001bf15000 	/usr/lib/libboringssl.dylib
0x000000001bf15000 	/usr/lib/libusrtcp.dylib
0x000000001bf15000 	/usr/lib/libapple_crypto.dylib
0x000000001bf15000 	/System/Library/Frameworks/CoreServices.framework/Versions/A/Frameworks/FSEvents.framework/Versions/A/FSEvents
0x000000001bf15000 	/System/Library/Frameworks/CoreServices.framework/Versions/A/Frameworks/CarbonCore.framework/Versions/A/CarbonCore
0x000000001bf15000 	/System/Library/Frameworks/CoreServices.framework/Versions/A/Frameworks/Metadata.framework/Versions/A/Metadata
0x000000001bf15000 	/System/Library/Frameworks/CoreServices.framework/Versions/A/Frameworks/OSServices.framework/Versions/A/OSServices
0x000000001bf15000 	/System/Library/Frameworks/CoreServices.framework/Versions/A/Frameworks/SearchKit.framework/Versions/A/SearchKit
0x000000001bf15000 	/System/Library/Frameworks/CoreServices.framework/Versions/A/Frameworks/AE.framework/Versions/A/AE
0x000000001bf15000 	/System/Library/Frameworks/CoreServices.framework/Versions/A/Frameworks/LaunchServices.framework/Versions/A/LaunchServices
0x000000001bf15000 	/System/Library/Frameworks/CoreServices.framework/Versions/A/Frameworks/DictionaryServices.framework/Versions/A/DictionaryServices
0x000000001bf15000 	/System/Library/Frameworks/CoreServices.framework/Versions/A/Frameworks/SharedFileList.framework/Versions/A/SharedFileList
0x000000001bf15000 	/System/Library/Frameworks/NetFS.framework/Versions/A/NetFS
0x000000001bf15000 	/System/Library/PrivateFrameworks/NetAuth.framework/Versions/A/NetAuth
0x000000001bf15000 	/System/Library/PrivateFrameworks/login.framework/Versions/A/Frameworks/loginsupport.framework/Versions/A/loginsupport
0x000000001bf15000 	/System/Library/PrivateFrameworks/TCC.framework/Versions/A/TCC
0x000000001bf15000 	/usr/lib/libmecabra.dylib
0x000000001bf15000 	/System/Library/Frameworks/ApplicationServices.framework/Versions/A/Frameworks/ATS.framework/Versions/A/ATS
0x000000001bf15000 	/System/Library/Frameworks/ApplicationServices.framework/Versions/A/Frameworks/ColorSyncLegacy.framework/Versions/A/ColorSyncLegacy
0x000000001bf15000 	/System/Library/Frameworks/ApplicationServices.framework/Versions/A/Frameworks/HIServices.framework/Versions/A/HIServices
0x000000001bf15000 	/System/Library/Frameworks/ApplicationServices.framework/Versions/A/Frameworks/LangAnalysis.framework/Versions/A/LangAnalysis
0x000000001bf15000 	/System/Library/Frameworks/ApplicationServices.framework/Versions/A/Frameworks/PrintCore.framework/Versions/A/PrintCore
0x000000001bf15000 	/System/Library/Frameworks/ApplicationServices.framework/Versions/A/Frameworks/QD.framework/Versions/A/QD
0x000000001bf15000 	/System/Library/Frameworks/ApplicationServices.framework/Versions/A/Frameworks/SpeechSynthesis.framework/Versions/A/SpeechSynthesis
0x000000001bf15000 	/System/Library/Frameworks/CoreDisplay.framework/Versions/A/CoreDisplay
0x000000001bf15000 	/System/Library/Frameworks/Accelerate.framework/Versions/A/Frameworks/vImage.framework/Versions/A/vImage
0x000000001bf15000 	/System/Library/Frameworks/Accelerate.framework/Versions/A/Frameworks/vecLib.framework/Versions/A/vecLib
0x000000001bf15000 	/System/Library/Frameworks/Accelerate.framework/Versions/A/Frameworks/vecLib.framework/Versions/A/libvDSP.dylib
0x000000001bf15000 	/System/Library/Frameworks/Accelerate.framework/Versions/A/Frameworks/vecLib.framework/Versions/A/libBNNS.dylib
0x000000001bf15000 	/System/Library/Frameworks/Accelerate.framework/Versions/A/Frameworks/vecLib.framework/Versions/A/libQuadrature.dylib
0x000000001bf15000 	/System/Library/Frameworks/Accelerate.framework/Versions/A/Frameworks/vecLib.framework/Versions/A/libvMisc.dylib
0x000000001bf15000 	/System/Library/Frameworks/Accelerate.framework/Versions/A/Frameworks/vecLib.framework/Versions/A/libLAPACK.dylib
0x000000001bf15000 	/System/Library/Frameworks/Accelerate.framework/Versions/A/Frameworks/vecLib.framework/Versions/A/libBLAS.dylib
0x000000001bf15000 	/System/Library/Frameworks/Accelerate.framework/Versions/A/Frameworks/vecLib.framework/Versions/A/libLinearAlgebra.dylib
0x000000001bf15000 	/System/Library/Frameworks/Accelerate.framework/Versions/A/Frameworks/vecLib.framework/Versions/A/libSparse.dylib
0x000000001bf15000 	/System/Library/Frameworks/Accelerate.framework/Versions/A/Frameworks/vecLib.framework/Versions/A/libSparseBLAS.dylib
0x000000001bf15000 	/System/Library/PrivateFrameworks/GPUWrangler.framework/Versions/A/GPUWrangler
0x000000001bf15000 	/System/Library/PrivateFrameworks/IOAccelerator.framework/Versions/A/IOAccelerator
0x000000001bf15000 	/System/Library/PrivateFrameworks/IOPresentment.framework/Versions/A/IOPresentment
0x000000001bf15000 	/System/Library/PrivateFrameworks/DSExternalDisplay.framework/Versions/A/DSExternalDisplay
0x000000001bf15000 	/System/Library/Frameworks/OpenGL.framework/Versions/A/Libraries/libCoreFSCache.dylib
0x000000001bf15000 	/System/Library/Frameworks/CoreVideo.framework/Versions/A/CoreVideo
0x000000001bf15000 	/System/Library/PrivateFrameworks/GraphVisualizer.framework/Versions/A/GraphVisualizer
0x000000001bf15000 	/System/Library/Frameworks/MetalPerformanceShaders.framework/Versions/A/MetalPerformanceShaders
0x000000001bf15000 	/usr/lib/libFosl_dynamic.dylib
0x000000001bf15000 	/System/Library/PrivateFrameworks/FaceCore.framework/Versions/A/FaceCore
0x000000001bf15000 	/System/Library/Frameworks/OpenCL.framework/Versions/A/OpenCL
0x000000001bf15000 	/usr/lib/libcompression.dylib
0x000000001bf15000 	/System/Library/Frameworks/ApplicationServices.framework/Versions/A/Frameworks/ATS.framework/Versions/A/Resources/libFontParser.dylib
0x000000001bf15000 	/System/Library/Frameworks/ApplicationServices.framework/Versions/A/Frameworks/ATS.framework/Versions/A/Resources/libFontRegistry.dylib
0x000000001bf15000 	/System/Library/Frameworks/ImageIO.framework/Versions/A/Resources/libJPEG.dylib
0x000000001bf15000 	/System/Library/Frameworks/ImageIO.framework/Versions/A/Resources/libTIFF.dylib
0x000000001bf15000 	/System/Library/Frameworks/ImageIO.framework/Versions/A/Resources/libPng.dylib
0x000000001bf15000 	/System/Library/Frameworks/ImageIO.framework/Versions/A/Resources/libGIF.dylib
0x000000001bf15000 	/System/Library/Frameworks/ImageIO.framework/Versions/A/Resources/libJP2.dylib
0x000000001bf15000 	/System/Library/Frameworks/ImageIO.framework/Versions/A/Resources/libRadiance.dylib
0x000000001bf15000 	/System/Library/PrivateFrameworks/AppleJPEG.framework/Versions/A/AppleJPEG
0x000000001bf15000 	/System/Library/Frameworks/MetalPerformanceShaders.framework/Frameworks/MPSCore.framework/Versions/A/MPSCore
0x000000001bf15000 	/System/Library/Frameworks/MetalPerformanceShaders.framework/Frameworks/MPSImage.framework/Versions/A/MPSImage
0x000000001bf15000 	/System/Library/Frameworks/MetalPerformanceShaders.framework/Frameworks/MPSNeuralNetwork.framework/Versions/A/MPSNeuralNetwork
0x000000001bf15000 	/System/Library/Frameworks/MetalPerformanceShaders.framework/Frameworks/MPSMatrix.framework/Versions/A/MPSMatrix
0x000000001bf15000 	/System/Library/PrivateFrameworks/MetalTools.framework/Versions/A/MetalTools
0x000000001bf15000 	/System/Library/Frameworks/OpenGL.framework/Versions/A/Libraries/libGLU.dylib
0x000000001bf15000 	/System/Library/Frameworks/OpenGL.framework/Versions/A/Libraries/libGFXShared.dylib
0x000000001bf15000 	/System/Library/Frameworks/OpenGL.framework/Versions/A/Libraries/libGL.dylib
0x000000001bf15000 	/System/Library/Frameworks/OpenGL.framework/Versions/A/Libraries/libGLImage.dylib
0x000000001bf15000 	/System/Library/Frameworks/OpenGL.framework/Versions/A/Libraries/libCVMSPluginSupport.dylib
0x000000001bf15000 	/System/Library/Frameworks/OpenGL.framework/Versions/A/Libraries/libCoreVMClient.dylib
0x000000001bf15000 	/usr/lib/libcups.2.dylib
0x000000001bf15000 	/System/Library/Frameworks/Kerberos.framework/Versions/A/Kerberos
0x000000001bf15000 	/System/Library/Frameworks/GSS.framework/Versions/A/GSS
0x000000001bf15000 	/usr/lib/libresolv.9.dylib
0x000000001bf15000 	/usr/lib/libiconv.2.dylib
0x000000001bf15000 	/System/Library/PrivateFrameworks/Heimdal.framework/Versions/A/Heimdal
0x000000001bf15000 	/usr/lib/libheimdal-asn1.dylib
0x000000001bf15000 	/System/Library/Frameworks/OpenDirectory.framework/Versions/A/OpenDirectory
0x000000001bf15000 	/System/Library/PrivateFrameworks/CommonAuth.framework/Versions/A/CommonAuth
0x000000001bf15000 	/System/Library/Frameworks/OpenDirectory.framework/Versions/A/Frameworks/CFOpenDirectory.framework/Versions/A/CFOpenDirectory
0x000000001bf15000 	/System/Library/Frameworks/SecurityFoundation.framework/Versions/A/SecurityFoundation
0x000000001bf15000 	/System/Library/PrivateFrameworks/APFS.framework/Versions/A/APFS
0x000000001bf15000 	/usr/lib/libutil.dylib
0x000000001bf15000 	/System/Library/PrivateFrameworks/AppleSauce.framework/Versions/A/AppleSauce
0x000000001bf15000 	/System/Library/PrivateFrameworks/LinguisticData.framework/Versions/A/LinguisticData
0x000000001bf15000 	/usr/lib/libmarisa.dylib
0x000000001bf15000 	/System/Library/PrivateFrameworks/Lexicon.framework/Versions/A/Lexicon
0x000000001bf15000 	/usr/lib/libChineseTokenizer.dylib
0x000000001bf15000 	/usr/lib/libcmph.dylib
0x000000001bf15000 	/System/Library/PrivateFrameworks/LanguageModeling.framework/Versions/A/LanguageModeling
0x000000001bf15000 	/System/Library/PrivateFrameworks/CoreEmoji.framework/Versions/A/CoreEmoji
0x000000001bf15000 	/System/Library/Frameworks/ServiceManagement.framework/Versions/A/ServiceManagement
0x000000001bf15000 	/System/Library/PrivateFrameworks/BackgroundTaskManagement.framework/Versions/A/BackgroundTaskManagement
0x000000001bf15000 	/usr/lib/libxslt.1.dylib
0x000000001bf15000 	/System/Library/Frameworks/Carbon.framework/Versions/A/Frameworks/Ink.framework/Versions/A/Ink
0x000000001bf15000 	/System/Library/PrivateFrameworks/TextureIO.framework/Versions/A/TextureIO
0x000000001bf15000 	/usr/lib/libate.dylib
0x000000001bf15000 	/System/Library/PrivateFrameworks/CrashReporterSupport.framework/Versions/A/CrashReporterSupport
0x000000001bf15000 	/System/Library/PrivateFrameworks/Sharing.framework/Versions/A/Sharing
0x000000001bf15000 	/System/Library/PrivateFrameworks/IconServices.framework/Versions/A/IconServices
0x000000001bf15000 	/System/Library/PrivateFrameworks/Apple80211.framework/Versions/A/Apple80211
0x000000001bf15000 	/System/Library/PrivateFrameworks/CoreUtils.framework/Versions/A/CoreUtils
0x000000001bf15000 	/System/Library/Frameworks/CoreWLAN.framework/Versions/A/CoreWLAN
0x000000001bf15000 	/System/Library/Frameworks/IOBluetooth.framework/Versions/A/IOBluetooth
0x000000001bf15000 	/System/Library/PrivateFrameworks/ProtocolBuffer.framework/Versions/A/ProtocolBuffer
0x000000001bf15000 	/System/Library/PrivateFrameworks/CoreWiFi.framework/Versions/A/CoreWiFi
0x000000001bf15000 	/System/Library/Frameworks/CoreBluetooth.framework/Versions/A/CoreBluetooth
0x000000001bf15000 	/System/Library/PrivateFrameworks/DebugSymbols.framework/Versions/A/DebugSymbols
0x000000001bf15000 	/System/Library/PrivateFrameworks/CoreSymbolication.framework/Versions/A/CoreSymbolication
0x000000001bf15000 	/System/Library/PrivateFrameworks/Symbolication.framework/Versions/A/Symbolication
0x000000001bf15000 	/System/Library/PrivateFrameworks/AppleFSCompression.framework/Versions/A/AppleFSCompression
0x000000001bf15000 	/System/Library/PrivateFrameworks/SpeechRecognitionCore.framework/Versions/A/SpeechRecognitionCore
0x0000000106c26000 	/Library/Java/JavaVirtualMachines/jdk1.8.0_171.jdk/Contents/Home/jre/lib/server/libjvm.dylib
0x000000001bf15000 	/usr/lib/libstdc++.6.0.9.dylib
0x0000000105182000 	/Library/Java/JavaVirtualMachines/jdk1.8.0_171.jdk/Contents/Home/jre/lib/libverify.dylib
0x0000000105190000 	/Library/Java/JavaVirtualMachines/jdk1.8.0_171.jdk/Contents/Home/jre/lib/libjava.dylib
0x00000001051d0000 	/Library/Java/JavaVirtualMachines/jdk1.8.0_171.jdk/Contents/Home/jre/lib/libzip.dylib
0x0000000123fef000 	/Library/Java/JavaVirtualMachines/jdk1.8.0_171.jdk/Contents/Home/jre/lib/libawt.dylib
0x0000000124099000 	/Library/Java/JavaVirtualMachines/jdk1.8.0_171.jdk/Contents/Home/jre/lib/./libmlib_image.dylib
0x000000001bf15000 	/System/Library/Frameworks/JavaVM.framework/Versions/A/Frameworks/JavaNativeFoundation.framework/Versions/A/JavaNativeFoundation
0x000000001bf15000 	/System/Library/Frameworks/JavaVM.framework/Versions/A/Frameworks/JavaRuntimeSupport.framework/Versions/A/JavaRuntimeSupport
0x000000001bf15000 	/System/Library/Frameworks/JavaVM.framework/Versions/A/JavaVM
0x000000001bf15000 	/System/Library/PrivateFrameworks/JavaLaunching.framework/Versions/A/JavaLaunching
0x000000001bf15000 	/System/Library/Frameworks/Carbon.framework/Versions/A/Carbon
0x000000001bf15000 	/System/Library/Frameworks/Carbon.framework/Versions/A/Frameworks/CommonPanels.framework/Versions/A/CommonPanels
0x000000001bf15000 	/System/Library/Frameworks/Carbon.framework/Versions/A/Frameworks/Help.framework/Versions/A/Help
0x000000001bf15000 	/System/Library/Frameworks/Carbon.framework/Versions/A/Frameworks/ImageCapture.framework/Versions/A/ImageCapture
0x000000001bf15000 	/System/Library/Frameworks/Carbon.framework/Versions/A/Frameworks/OpenScripting.framework/Versions/A/OpenScripting
0x000000001bf15000 	/System/Library/Frameworks/Carbon.framework/Versions/A/Frameworks/Print.framework/Versions/A/Print
0x000000001bf15000 	/System/Library/Frameworks/Carbon.framework/Versions/A/Frameworks/SecurityHI.framework/Versions/A/SecurityHI
0x0000000124165000 	/Library/Java/JavaVirtualMachines/jdk1.8.0_171.jdk/Contents/Home/jre/lib/libawt_lwawt.dylib
0x000000012421f000 	/Library/Java/JavaVirtualMachines/jdk1.8.0_171.jdk/Contents/Home/jre/lib/./libosxapp.dylib
0x000000001bf15000 	/System/Library/Frameworks/ExceptionHandling.framework/Versions/A/ExceptionHandling
0x000000001bf15000 	/System/Library/PrivateFrameworks/CoreServicesInternal.framework/Versions/A/CoreServicesInternal
0x000000001bf15000 	/System/Library/CoreServices/RawCamera.bundle/Contents/MacOS/RawCamera
0x000000001bf15000 	/System/Library/PrivateFrameworks/MobileAsset.framework/Versions/A/MobileAsset
0x000000001bf15000 	/System/Library/PrivateFrameworks/StreamingZip.framework/Versions/A/StreamingZip
0x000000001bf15000 	/System/Library/Frameworks/MediaToolbox.framework/Versions/A/MediaToolbox
0x000000001bf15000 	/System/Library/PrivateFrameworks/CoreAVCHD.framework/Versions/A/CoreAVCHD
0x000000001bf15000 	/System/Library/Frameworks/MediaAccessibility.framework/Versions/A/MediaAccessibility
0x000000001bf15000 	/System/Library/PrivateFrameworks/Mangrove.framework/Versions/A/Mangrove
0x000000001bf15000 	/System/Library/Frameworks/CoreMedia.framework/Versions/A/CoreMedia
0x000000001bf15000 	/System/Library/Frameworks/VideoToolbox.framework/Versions/A/VideoToolbox
0x000000001bf15000 	/System/Library/PrivateFrameworks/CoreAUC.framework/Versions/A/CoreAUC
0x000000001bf15000 	/usr/lib/libspindump.dylib
0x000000001bf15000 	/System/Library/PrivateFrameworks/AppleVA.framework/Versions/A/AppleVA
0x000000001bf15000 	/System/Library/Frameworks/Accelerate.framework/Versions/A/Frameworks/vImage.framework/Versions/A/Libraries/libCGInterfaces.dylib
0x000000001bf15000 	/System/Library/Frameworks/ApplicationServices.framework/Versions/A/Frameworks/ATS.framework/Versions/A/Resources/libTrueTypeScaler.dylib
0x000000001bf15000 	/System/Library/Extensions/AppleIntelKBLGraphicsMTLDriver.bundle/Contents/MacOS/AppleIntelKBLGraphicsMTLDriver
0x0000000126321000 	/System/Library/Extensions/AMDMTLBronzeDriver.bundle/Contents/MacOS/AMDMTLBronzeDriver
0x000000001bf15000 	/System/Library/PrivateFrameworks/IOAccelMemoryInfo.framework/Versions/A/IOAccelMemoryInfo
0x000000001bf15000 	/System/Library/PrivateFrameworks/GPUCompiler.framework/Versions/3802/Libraries/libmetal_timestamp.dylib
0x000000001bf15000 	/System/Library/PrivateFrameworks/FamilyControls.framework/Versions/A/FamilyControls
0x000000001bf15000 	/System/Library/PrivateFrameworks/CommerceKit.framework/Versions/A/Frameworks/CommerceCore.framework/Versions/A/CommerceCore
0x000000001bf15000 	/System/Library/PrivateFrameworks/SystemAdministration.framework/Versions/A/SystemAdministration
0x000000001bf15000 	/System/Library/PrivateFrameworks/AppContainer.framework/Versions/A/AppContainer
0x000000001bf15000 	/System/Library/PrivateFrameworks/SecCodeWrapper.framework/Versions/A/SecCodeWrapper
0x000000001bf15000 	/System/Library/PrivateFrameworks/DiskManagement.framework/Versions/A/DiskManagement
0x000000001bf15000 	/System/Library/Frameworks/DirectoryService.framework/Versions/A/DirectoryService
0x000000001bf15000 	/System/Library/PrivateFrameworks/DiskImages.framework/Versions/A/DiskImages
0x000000001bf15000 	/System/Library/PrivateFrameworks/LoginUIKit.framework/Versions/A/Frameworks/LoginUICore.framework/Versions/A/LoginUICore
0x000000001bf15000 	/usr/lib/libCoreStorage.dylib
0x000000001bf15000 	/usr/lib/libcsfde.dylib
0x000000001bf15000 	/usr/lib/libodfde.dylib
0x000000001bf15000 	/System/Library/PrivateFrameworks/MediaKit.framework/Versions/A/MediaKit
0x000000001bf15000 	/System/Library/Frameworks/DiscRecording.framework/Versions/A/DiscRecording
0x000000001bf15000 	/System/Library/PrivateFrameworks/EFILogin.framework/Versions/A/EFILogin
0x000000001bf15000 	/System/Library/PrivateFrameworks/ProtectedCloudStorage.framework/Versions/A/ProtectedCloudStorage
0x000000001bf15000 	/usr/lib/libcurl.4.dylib
0x000000001bf15000 	/usr/lib/libcrypto.35.dylib
0x000000001bf15000 	/usr/lib/libssl.35.dylib
0x000000001bf15000 	/System/Library/Frameworks/LDAP.framework/Versions/A/LDAP
0x000000001bf15000 	/System/Library/PrivateFrameworks/TrustEvaluationAgent.framework/Versions/A/TrustEvaluationAgent
0x000000001bf15000 	/usr/lib/libsasl2.2.dylib
0x000000001bf15000 	/System/Library/PrivateFrameworks/CoreDaemon.framework/Versions/B/CoreDaemon
0x000000001bf15000 	/System/Library/PrivateFrameworks/AppleSRP.framework/Versions/A/AppleSRP
0x000000001bf15000 	/System/Library/Frameworks/OpenGL.framework/Versions/A/Resources/GLEngine.bundle/GLEngine
0x000000001bf15000 	/System/Library/Frameworks/OpenGL.framework/Versions/A/Libraries/libGLProgrammability.dylib
0x0000000127928000 	/System/Library/Extensions/AppleIntelKBLGraphicsGLDriver.bundle/Contents/MacOS/AppleIntelKBLGraphicsGLDriver
0x000000001bf15000 	/System/Library/PrivateFrameworks/GPUSupport.framework/Versions/A/Libraries/libGPUSupportMercury.dylib
0x0000000128ae3000 	/System/Library/Extensions/AMDRadeonX4000GLDriver.bundle/Contents/MacOS/AMDRadeonX4000GLDriver
0x000000001bf15000 	/System/Library/Extensions/AMDRadeonX4000GLDriver.bundle/Contents/MacOS/ATIRadeonX4000SCLib.dylib
0x000000001bf15000 	/System/Library/Frameworks/OpenGL.framework/Versions/A/Resources/GLRendererFloat.bundle/GLRendererFloat
0x000000001bf15000 	/System/Library/Frameworks/OpenCL.framework/Versions/A/Libraries/libcldcpuengine.dylib
0x0000000129106000 	/Library/Java/JavaVirtualMachines/jdk1.8.0_171.jdk/Contents/Home/jre/lib/libfontmanager.dylib
0x0000000129042000 	/Library/Java/JavaVirtualMachines/jdk1.8.0_171.jdk/Contents/Home/jre/lib/libosxui.dylib
0x000000001bf15000 	/System/Library/PrivateFrameworks/ViewBridge.framework/Versions/A/ViewBridge
0x000000012a109000 	/Library/Java/JavaVirtualMachines/jdk1.8.0_171.jdk/Contents/Home/jre/lib/libnet.dylib
0x0000000129f1b000 	/Library/Java/JavaVirtualMachines/jdk1.8.0_171.jdk/Contents/Home/jre/lib/libnio.dylib
0x000000001bf15000 	/System/Library/PrivateFrameworks/CloudDocs.framework/Versions/A/CloudDocs
0x000000001bf15000 	/System/Library/PrivateFrameworks/FileProvider.framework/Versions/A/FileProvider
0x000000001bf15000 	/System/Library/PrivateFrameworks/SpotlightIndex.framework/Versions/A/SpotlightIndex
0x000000001bf15000 	/System/Library/PrivateFrameworks/SymptomDiagnosticReporter.framework/Versions/A/SymptomDiagnosticReporter
0x000000001bf15000 	/System/Library/PrivateFrameworks/GenerationalStorage.framework/Versions/A/GenerationalStorage
0x000000001bf15000 	/System/Library/PrivateFrameworks/ChunkingLibrary.framework/Versions/A/ChunkingLibrary
0x000000001bf15000 	/System/Library/PrivateFrameworks/CoreNLP.framework/Versions/A/CoreNLP
0x000000001bf15000 	/usr/lib/libmecab.1.0.0.dylib
0x000000001bf15000 	/usr/lib/libgermantok.dylib
0x000000001bf15000 	/usr/lib/libThaiTokenizer.dylib
0x000000012677f000 	/private/var/folders/_z/v8f7cf8s2kx4481c6qgls0pjbzd1rx/T/browsercore-60.0.3112.113.6.19.1/data/Temp/libbrowsercore-common64-493c1278-be7e-49eb-bf09-c433dc1a8f64.dylib
0x0000000194bbb000 	/var/folders/_z/v8f7cf8s2kx4481c6qgls0pjbzd1rx/T/browsercore-60.0.3112.113.6.19.1/browsercore.app/Contents/Frameworks/BrowserCore.framework/Libraries/libbrowsercore.dylib
0x000000001bf15000 	/System/Library/Frameworks/Quartz.framework/Versions/A/Quartz
0x000000001bf15000 	/System/Library/Frameworks/AVFoundation.framework/Versions/A/AVFoundation
0x000000001bf15000 	/System/Library/Frameworks/AddressBook.framework/Versions/A/AddressBook
0x000000001bf15000 	/System/Library/Frameworks/ImageCaptureCore.framework/Versions/A/ImageCaptureCore
0x000000001bf15000 	/System/Library/Frameworks/SecurityInterface.framework/Versions/A/SecurityInterface
0x000000001bf15000 	/System/Library/Frameworks/CoreMIDI.framework/Versions/A/CoreMIDI
0x000000001bf15000 	/usr/lib/libsandbox.1.dylib
0x000000001bf15000 	/System/Library/Frameworks/GameController.framework/Versions/A/GameController
0x000000001bf15000 	/System/Library/Frameworks/Quartz.framework/Versions/A/Frameworks/QuartzComposer.framework/Versions/A/QuartzComposer
0x000000001bf15000 	/System/Library/Frameworks/Quartz.framework/Versions/A/Frameworks/PDFKit.framework/Versions/A/PDFKit
0x000000001bf15000 	/System/Library/Frameworks/Quartz.framework/Versions/A/Frameworks/QuartzFilters.framework/Versions/A/QuartzFilters
0x000000001bf15000 	/System/Library/Frameworks/Quartz.framework/Versions/A/Frameworks/ImageKit.framework/Versions/A/ImageKit
0x000000001bf15000 	/System/Library/Frameworks/Quartz.framework/Versions/A/Frameworks/QuickLookUI.framework/Versions/A/QuickLookUI
0x000000001bf15000 	/System/Library/Frameworks/JavaScriptCore.framework/Versions/A/JavaScriptCore
0x000000001bf15000 	/System/Library/Frameworks/QTKit.framework/Versions/A/QTKit
0x000000001bf15000 	/System/Library/PrivateFrameworks/AppleSystemInfo.framework/Versions/A/AppleSystemInfo
0x000000001bf15000 	/System/Library/PrivateFrameworks/CoreMediaAuthoring.framework/Versions/A/CoreMediaAuthoring
0x000000001bf15000 	/System/Library/Frameworks/CoreMediaIO.framework/Versions/A/CoreMediaIO
0x000000001bf15000 	/System/Library/Frameworks/AVFoundation.framework/Versions/A/Frameworks/AVFAudio.framework/Versions/A/AVFAudio
0x000000001bf15000 	/System/Library/PrivateFrameworks/IntlPreferences.framework/Versions/A/IntlPreferences
0x000000001bf15000 	/System/Library/PrivateFrameworks/RemoteServiceDiscovery.framework/Versions/A/RemoteServiceDiscovery
0x000000001bf15000 	/System/Library/PrivateFrameworks/RemoteXPC.framework/Versions/A/RemoteXPC
0x000000001bf15000 	/System/Library/PrivateFrameworks/InternationalSupport.framework/Versions/A/InternationalSupport
0x000000001bf15000 	/System/Library/PrivateFrameworks/CorePDF.framework/Versions/A/CorePDF
0x000000001bf15000 	/System/Library/Frameworks/QuickLook.framework/Versions/A/QuickLook
0x000000001bf15000 	/System/Library/PrivateFrameworks/DisplayServices.framework/Versions/A/DisplayServices
0x000000001bf15000 	/System/Library/PrivateFrameworks/QuickLookThumbnailing.framework/Versions/A/QuickLookThumbnailing
0x000000001bf15000 	/System/Library/PrivateFrameworks/CoreBrightness.framework/Versions/A/CoreBrightness
0x000000001bf15000 	/System/Library/PrivateFrameworks/BezelServices.framework/Versions/A/BezelServices
0x000000001bf15000 	/System/Library/Frameworks/SafariServices.framework/Versions/A/SafariServices
0x000000001bf15000 	/System/Library/PrivateFrameworks/MobileKeyBag.framework/Versions/A/MobileKeyBag
0x000000001bf15000 	/System/Library/PrivateFrameworks/ContactsPersistence.framework/Versions/A/ContactsPersistence
0x000000001bf15000 	/System/Library/PrivateFrameworks/ApplePushService.framework/Versions/A/ApplePushService
0x000000001bf15000 	/System/Library/PrivateFrameworks/CalendarAgentLink.framework/Versions/A/CalendarAgentLink
0x000000001bf15000 	/System/Library/PrivateFrameworks/ContactsFoundation.framework/Versions/A/ContactsFoundation
0x000000001bf15000 	/System/Library/PrivateFrameworks/CorePhoneNumbers.framework/Versions/A/CorePhoneNumbers
0x000000001bf15000 	/System/Library/PrivateFrameworks/ToneKit.framework/Versions/A/ToneKit
0x000000001bf15000 	/System/Library/PrivateFrameworks/ToneLibrary.framework/Versions/A/ToneLibrary
0x000000001bf15000 	/System/Library/PrivateFrameworks/vCard.framework/Versions/A/vCard
0x000000001bf15000 	/System/Library/Frameworks/Accounts.framework/Versions/A/Accounts
0x000000001bf15000 	/System/Library/PrivateFrameworks/PhoneNumbers.framework/Versions/A/PhoneNumbers
0x000000001bf15000 	/System/Library/PrivateFrameworks/CommonUtilities.framework/Versions/A/CommonUtilities
0x000000001bf15000 	/usr/lib/libexpat.1.dylib
0x000000001bf15000 	/usr/lib/libMatch.1.dylib
0x0000000125ec3000 	/System/Library/Extensions/AppleHDA.kext/Contents/PlugIns/AppleHDAHALPlugIn.bundle/Contents/MacOS/AppleHDAHALPlugIn
0x0000000125f72000 	/System/Library/Frameworks/CoreMediaIO.framework/Resources/VDC.plugin/Contents/MacOS/VDC
0x000000001bf15000 	/System/Library/PrivateFrameworks/login.framework/Versions/A/login
0x00000001947fb000 	/Library/Java/JavaVirtualMachines/jdk1.8.0_171.jdk/Contents/Home/jre/lib/libdcpr.dylib

VM Arguments:
jvm_args: -Dfile.encoding=UTF-8 
java_command: edb.frame.EDBFrame new_esl
java_class_path (initial): /Library/Java/JavaVirtualMachines/jdk1.8.0_171.jdk/Contents/Home/jre/lib/resources.jar:/Library/Java/JavaVirtualMachines/jdk1.8.0_171.jdk/Contents/Home/jre/lib/rt.jar:/Library/Java/JavaVirtualMachines/jdk1.8.0_171.jdk/Contents/Home/jre/lib/jsse.jar:/Library/Java/JavaVirtualMachines/jdk1.8.0_171.jdk/Contents/Home/jre/lib/jce.jar:/Library/Java/JavaVirtualMachines/jdk1.8.0_171.jdk/Contents/Home/jre/lib/charsets.jar:/Library/Java/JavaVirtualMachines/jdk1.8.0_171.jdk/Contents/Home/jre/lib/jfr.jar:/Library/Java/JavaVirtualMachines/jdk1.8.0_171.jdk/Contents/Home/jre/lib/ext/sunec.jar:/Library/Java/JavaVirtualMachines/jdk1.8.0_171.jdk/Contents/Home/jre/lib/ext/nashorn.jar:/Library/Java/JavaVirtualMachines/jdk1.8.0_171.jdk/Contents/Home/jre/lib/ext/cldrdata.jar:/Library/Java/JavaVirtualMachines/jdk1.8.0_171.jdk/Contents/Home/jre/lib/ext/jfxrt.jar:/Library/Java/JavaVirtualMachines/jdk1.8.0_171.jdk/Contents/Home/jre/lib/ext/dnsns.jar:/Library/Java/JavaVirtualMachines/jdk1.8.0_171.jdk/Contents/Home/jre/lib/ext/localedata.jar:/Library/Java/JavaVirtualMachines/jdk1.8.0_171.jdk/Contents/Home/jre/lib/ext/sunjce_provider.jar:/Library/Java/JavaVirtualMachines/jdk1.8.0_171.jdk/Contents/Home/jre/lib/ext/sunpkcs11.jar:/Library/Java/JavaVirtualMachines/jdk1.8.0_171.jdk/Contents/Home/jre/lib/ext/jaccess.jar:/Library/Java/JavaVirtualMachines/jdk1.8.0_171.jdk/Contents/Home/jre/lib/ext/zipfs.jar:/System/Library/Java/Extensions/MRJToolkit.jar:/Users/clarkt1/Dropbox/Aston_Files/workspace/esl/bin:/Users/clarkt1/Dropbox/Aston_Files/workspace/xpl/bin:/Users/clarkt1/Dropbox/Aston_Files/workspace/esl/lib/licence.jar:/Users/clarkt1/Dropbox/Aston_Files/workspace/esl/lib/jfreesvg-3.2.jar:/Users/clarkt1/Dropbox/Aston_Files/workspace/esl/lib/jfreechart-1.0.19/lib/jcommon-1.0.23.jar:/Users/clarkt1/Dropbox/Aston_Files/workspace/esl/lib/jfreechart-1.0.19/lib/jfreesvg-2.0.jar:/Users/clarkt1/Dropbox/Aston_Files/workspace/esl/lib/jfreechart-1.0.19/lib/junit-4.11.jar:/Users/clarkt1
Launcher Type: SUN_STANDARD

Environment Variables:
PATH=/usr/bin:/bin:/usr/sbin:/sbin
SHELL=/bin/bash

Signal Handlers:
SIGSEGV: [libjvm.dylib+0x5b512d], sa_mask[0]=11111111011111110111111111111111, sa_flags=SA_ONSTACK|SA_RESTART|SA_SIGINFO
SIGBUS: [libjvm.dylib+0x5b512d], sa_mask[0]=11111111011111110111111111111111, sa_flags=SA_RESTART|SA_SIGINFO
SIGFPE: [libjvm.dylib+0x48aa90], sa_mask[0]=11111111011111110111111111111111, sa_flags=SA_RESTART|SA_SIGINFO
SIGPIPE: [libjvm.dylib+0x48aa90], sa_mask[0]=11111111011111110111111111111111, sa_flags=SA_RESTART|SA_SIGINFO
SIGXFSZ: [libjvm.dylib+0x48aa90], sa_mask[0]=11111111011111110111111111111111, sa_flags=SA_RESTART|SA_SIGINFO
SIGILL: [libjvm.dylib+0x48aa90], sa_mask[0]=11111111011111110111111111111111, sa_flags=SA_RESTART|SA_SIGINFO
SIGUSR1: SIG_DFL, sa_mask[0]=00000000000000000000000000000000, sa_flags=none
SIGUSR2: [libjvm.dylib+0x48a5ae], sa_mask[0]=00100000000000000000000000000000, sa_flags=SA_RESTART|SA_SIGINFO
SIGHUP: [libjvm.dylib+0x488b79], sa_mask[0]=11111111011111110111111111111111, sa_flags=SA_RESTART|SA_SIGINFO
SIGINT: [libjvm.dylib+0x488b79], sa_mask[0]=11111111011111110111111111111111, sa_flags=SA_RESTART|SA_SIGINFO
SIGTERM: [libjvm.dylib+0x488b79], sa_mask[0]=11111111011111110111111111111111, sa_flags=SA_RESTART|SA_SIGINFO
SIGQUIT: [libjvm.dylib+0x488b79], sa_mask[0]=11111111011111110111111111111111, sa_flags=SA_RESTART|SA_SIGINFO


---------------  S Y S T E M  ---------------

OS:Bsduname:Darwin 17.6.0 Darwin Kernel Version 17.6.0: Tue May  8 15:22:16 PDT 2018; root:xnu-4570.61.1~1/RELEASE_X86_64 x86_64
rlimit: STACK 8192k, CORE 0k, NPROC 1418, NOFILE 10240, AS infinity
load average:1.84 1.52 1.48

CPU:total 8 (initial active 8) (4 cores per cpu, 2 threads per core) family 6 model 158 stepping 9, cmov, cx8, fxsr, mmx, sse, sse2, sse3, ssse3, sse4.1, sse4.2, popcnt, avx, avx2, aes, clmul, erms, rtm, 3dnowpref, lzcnt, ht, tsc, tscinvbit, bmi1, bmi2, adx

Memory: 4k page, physical 16777216k(1210564k free)

/proc/meminfo:


vm_info: Java HotSpot(TM) 64-Bit Server VM (25.171-b11) for bsd-amd64 JRE (1.8.0_171-b11), built on Mar 28 2018 12:50:57 by "java_re" with gcc 4.2.1 (Based on Apple Inc. build 5658) (LLVM build 2336.11.00)

time: Wed Aug  1 11:05:30 2018
elapsed time: 29392 seconds (0d 8h 9m 52s)

