#
# A fatal error has been detected by the Java Runtime Environment:
#
#  Internal Error (safepoint.cpp:712), pid=15514, tid=775
#  fatal error: Illegal threadstate encountered: 4
#
# JRE version: Java(TM) SE Runtime Environment (8.0_65-b17) (build 1.8.0_65-b17)
# Java VM: Java HotSpot(TM) 64-Bit Server VM (25.65-b01 mixed mode bsd-amd64 compressed oops)
# Failed to write core dump. Core dumps have been disabled. To enable core dumping, try "ulimit -c unlimited" before starting Java again
#
# If you would like to submit a bug report, please visit:
#   http://bugreport.java.com/bugreport/crash.jsp
# The crash happened outside the Java Virtual Machine in native code.
# See problematic frame for where to report the bug.
#

---------------  T H R E A D  ---------------

Current thread (0x00007fe8aa0e8000):  JavaThread "AppKit Thread" daemon [_thread_in_native, id=775, stack(0x00007fff502b1000,0x00007fff50ab1000)]

Stack: [0x00007fff502b1000,0x00007fff50ab1000],  sp=0x00007fff50aab810,  free space=8170k
Native frames: (J=compiled Java code, j=interpreted, Vv=VM code, C=native code)
V  [libjvm.dylib+0x5a6522]  VMError::report_and_die()+0x3f8
V  [libjvm.dylib+0x1e6857]  report_vm_error(char const*, int, char const*, char const*)+0x54
V  [libjvm.dylib+0x4d93a1]  SafepointSynchronize::block(JavaThread*)+0x1a9
V  [libjvm.dylib+0x5601f6]  JavaThread::check_safepoint_and_suspend_for_native_trans(JavaThread*)+0xe8
V  [libjvm.dylib+0x16936a]  ThreadStateTransition::trans_from_native(JavaThreadState)+0x96
V  [libjvm.dylib+0x31c2bb]  jni_GetObjectArrayElement+0x42
C  [libjxbrowser-common64-c575b67f-3ac9-4f9d-8f19-0289851cfc8a.dylib+0x3ba0]  +[StartIPCTask runTask:]+0xb1
C  [Foundation+0x7152a]  __NSThreadPerformPerform+0x146
C  [CoreFoundation+0xa7321]  __CFRUNLOOP_IS_CALLING_OUT_TO_A_SOURCE0_PERFORM_FUNCTION__+0x11
C  [CoreFoundation+0x8821d]  __CFRunLoopDoSources0+0x22d
C  [CoreFoundation+0x87716]  __CFRunLoopRun+0x3a6
C  [CoreFoundation+0x87114]  CFRunLoopRunSpecific+0x1a4
C  [HIToolbox+0x30ebc]  RunCurrentEventLoopInMode+0xf0
C  [HIToolbox+0x30cf1]  ReceiveNextEventCommon+0x1b0
C  [HIToolbox+0x30b26]  _BlockUntilNextEventMatchingListInModeWithFilter+0x47
C  [AppKit+0x46a54]  _DPSNextEvent+0x460
C  [AppKit+0x7c27ee]  -[NSApplication(NSEvent) _nextEventMatchingEventMask:untilDate:inMode:dequeue:]+0xaec
C  [libosxapp.dylib+0x23aa]  -[NSApplicationAWT nextEventMatchingMask:untilDate:inMode:dequeue:]+0x7c
C  [AppKit+0x3b3db]  -[NSApplication run]+0x39e
C  [libosxapp.dylib+0x214d]  +[NSApplicationAWT runAWTLoopWithApp:]+0x9c
C  [libawt_lwawt.dylib+0x44517]  -[AWTStarter starter:]+0x389
C  [Foundation+0x7152a]  __NSThreadPerformPerform+0x146
C  [CoreFoundation+0xa7321]  __CFRUNLOOP_IS_CALLING_OUT_TO_A_SOURCE0_PERFORM_FUNCTION__+0x11
C  [CoreFoundation+0x8821d]  __CFRunLoopDoSources0+0x22d
C  [CoreFoundation+0x87716]  __CFRunLoopRun+0x3a6
C  [CoreFoundation+0x87114]  CFRunLoopRunSpecific+0x1a4
C  [java+0x6463]  CreateExecutionEnvironment+0x367
C  [java+0x21ac]  JLI_Launch+0x7a0
C  [java+0x84c0]  main+0x65
C  [java+0x1a04]  start+0x34
C  0x000000000000000e


---------------  P R O C E S S  ---------------

Java Threads: ( => current thread )
  0x00007fe8aa021800 JavaThread "IPC Process Thread" daemon [_thread_in_native_trans, id=76059, stack(0x000070000fd68000,0x000070000fd90000)]
  0x00007fe8ac958000 JavaThread "IPC Server Thread" daemon [_thread_in_native, id=75055, stack(0x000070000fd3d000,0x000070000fd65000)]
  0x00007fe8ac348800 JavaThread "Thread-1" [_thread_blocked, id=69187, stack(0x000070000fc8f000,0x000070000fcb7000)]
  0x00007fe8aa2c6000 JavaThread "Image Fetcher 0" daemon [_thread_blocked, id=68907, stack(0x000070000fc64000,0x000070000fc8c000)]
  0x00007fe8aa3f8000 JavaThread "AWT-EventQueue-0" [_thread_blocked, id=67347, stack(0x000070000fc39000,0x000070000fc61000)]
  0x00007fe8ac96d000 JavaThread "Java2D Disposer" daemon [_thread_blocked, id=44083, stack(0x000070000fc0e000,0x000070000fc36000)]
  0x00007fe8ae011000 JavaThread "Java2D Queue Flusher" daemon [_thread_blocked, id=50451, stack(0x000070000fa5a000,0x000070000fa82000)]
  0x00007fe8aa9e5800 JavaThread "AWT-Shutdown" [_thread_blocked, id=32287, stack(0x000070000f9ac000,0x000070000f9d4000)]
=>0x00007fe8aa0e8000 JavaThread "AppKit Thread" daemon [_thread_in_native, id=775, stack(0x00007fff502b1000,0x00007fff50ab1000)]
  0x00007fe8aa016000 JavaThread "Service Thread" daemon [_thread_blocked, id=21251, stack(0x000070000f7fb000,0x000070000f823000)]
  0x00007fe8aa825800 JavaThread "C1 CompilerThread3" daemon [_thread_blocked, id=20739, stack(0x000070000f6f8000,0x000070000f7f8000)]
  0x00007fe8aa817800 JavaThread "C2 CompilerThread2" daemon [_thread_blocked, id=20227, stack(0x000070000f5f5000,0x000070000f6f5000)]
  0x00007fe8ac02e800 JavaThread "C2 CompilerThread1" daemon [_thread_blocked, id=19715, stack(0x000070000f4f2000,0x000070000f5f2000)]
  0x00007fe8ac02c800 JavaThread "C2 CompilerThread0" daemon [_thread_blocked, id=19203, stack(0x000070000f3ef000,0x000070000f4ef000)]
  0x00007fe8ac02c000 JavaThread "Signal Dispatcher" daemon [_thread_blocked, id=18691, stack(0x000070000f3c4000,0x000070000f3ec000)]
  0x00007fe8aa80c800 JavaThread "Finalizer" daemon [_thread_blocked, id=14595, stack(0x000070000f399000,0x000070000f3c1000)]
  0x00007fe8aa80c000 JavaThread "Reference Handler" daemon [_thread_blocked, id=14083, stack(0x000070000f36e000,0x000070000f396000)]
  0x00007fe8ab802800 JavaThread "main" [_thread_blocked, id=7171, stack(0x000070000b850000,0x000070000ea50000)]

Other Threads:
  0x00007fe8ac053000 VMThread [stack: 0x000070000f26b000,0x000070000f36b000] [id=13571]
  0x00007fe8ad008000 WatcherThread [stack: 0x000070000f826000,0x000070000f926000] [id=21763]

VM state:synchronizing (normal execution)

VM Mutex/Monitor currently owned by a thread:  ([mutex/lock_event])
[0x00007fe8a9d0e2c0] Safepoint_lock - owner thread: 0x00007fe8ac053000
[0x00007fe8a9d0e340] Threads_lock - owner thread: 0x00007fe8ac053000

Heap:
 PSYoungGen      total 59904K, used 44919K [0x00000007bbd80000, 0x00000007c0000000, 0x00000007c0000000)
  eden space 51712K, 86% used [0x00000007bbd80000,0x00000007be95df98,0x00000007bf000000)
  from space 8192K, 0% used [0x00000007bf800000,0x00000007bf800000,0x00000007c0000000)
  to   space 8192K, 0% used [0x00000007bf000000,0x00000007bf000000,0x00000007bf800000)
 ParOldGen       total 136704K, used 0K [0x00000007b3800000, 0x00000007bbd80000, 0x00000007bbd80000)
  object space 136704K, 0% used [0x00000007b3800000,0x00000007b3800000,0x00000007bbd80000)
 Metaspace       used 17992K, capacity 18200K, committed 18560K, reserved 1064960K
  class space    used 2507K, capacity 2569K, committed 2688K, reserved 1048576K

Card table byte_map: [0x000000011157e000,0x00000001115e3000] byte_map_base: 0x000000010d7e2000

Marking Bits: (ParMarkBitMap*) 0x0000000110adee20
 Begin Bits: [0x0000000111626000, 0x0000000111946000)
 End Bits:   [0x0000000111946000, 0x0000000111c66000)

Polling page: 0x000000010f1da000

CodeCache: size=245760Kb used=3877Kb max_used=3930Kb free=241882Kb
 bounds [0x000000011bd17000, 0x000000011c107000, 0x000000012ad17000]
 total_blobs=1613 nmethods=1061 adapters=465
 compilation: enabled

Compilation events (10 events):
Event: 2.234 Thread 0x00007fe8aa825800 nmethod 1150 0x000000011bee3c10 code [0x000000011bee3de0, 0x000000011bee45e8]
Event: 2.234 Thread 0x00007fe8aa825800 1153       3       java.util.LinkedHashMap$LinkedHashIterator::nextNode (54 bytes)
Event: 2.234 Thread 0x00007fe8aa825800 nmethod 1153 0x000000011bf2cb90 code [0x000000011bf2cd20, 0x000000011bf2d078]
Event: 2.234 Thread 0x00007fe8aa825800 1151       1       javax.swing.text.JTextComponent::getDocument (5 bytes)
Event: 2.234 Thread 0x00007fe8aa825800 nmethod 1151 0x000000011be31590 code [0x000000011be316e0, 0x000000011be317f0]
Event: 2.234 Thread 0x00007fe8aa825800 1154       3       java.security.AccessController::getContext (23 bytes)
Event: 2.235 Thread 0x00007fe8aa825800 nmethod 1154 0x000000011bf77210 code [0x000000011bf773a0, 0x000000011bf77718]
Event: 2.235 Thread 0x00007fe8aa825800 1149       1       java.awt.Font::hasLayoutAttributes (5 bytes)
Event: 2.235 Thread 0x00007fe8aa825800 nmethod 1149 0x000000011be31290 code [0x000000011be313e0, 0x000000011be314f0]
Event: 2.241 Thread 0x00007fe8ac02e800 nmethod 1152 0x000000011bf50150 code [0x000000011bf50320, 0x000000011bf50ca8]

GC Heap History (0 events):
No events

Deoptimization events (10 events):
Event: 1.861 Thread 0x00007fe8ab802800 Uncommon trap: reason=class_check action=maybe_recompile pc=0x000000011bea36d8 method=java.lang.String.equals(Ljava/lang/Object;)Z @ 8
Event: 1.861 Thread 0x00007fe8ab802800 Uncommon trap: reason=class_check action=maybe_recompile pc=0x000000011bea36d8 method=java.lang.String.equals(Ljava/lang/Object;)Z @ 8
Event: 1.861 Thread 0x00007fe8ab802800 Uncommon trap: reason=class_check action=maybe_recompile pc=0x000000011bea36d8 method=java.lang.String.equals(Ljava/lang/Object;)Z @ 8
Event: 1.866 Thread 0x00007fe8ab802800 Uncommon trap: reason=class_check action=maybe_recompile pc=0x000000011bf3db44 method=java.util.HashMap.putVal(ILjava/lang/Object;Ljava/lang/Object;ZZ)Ljava/lang/Object; @ 253
Event: 1.866 Thread 0x00007fe8ab802800 Uncommon trap: reason=class_check action=maybe_recompile pc=0x000000011bf3db44 method=java.util.HashMap.putVal(ILjava/lang/Object;Ljava/lang/Object;ZZ)Ljava/lang/Object; @ 253
Event: 1.866 Thread 0x00007fe8ab802800 Uncommon trap: reason=class_check action=maybe_recompile pc=0x000000011bf3db44 method=java.util.HashMap.putVal(ILjava/lang/Object;Ljava/lang/Object;ZZ)Ljava/lang/Object; @ 253
Event: 1.890 Thread 0x00007fe8ab802800 Uncommon trap: reason=unstable_if action=reinterpret pc=0x000000011bf774c8 method=java.util.HashMap.getNode(ILjava/lang/Object;)Ljava/util/HashMap$Node; @ 62
Event: 1.890 Thread 0x00007fe8ab802800 Uncommon trap: reason=bimorphic action=maybe_recompile pc=0x000000011bf3db64 method=java.util.HashMap.putVal(ILjava/lang/Object;Ljava/lang/Object;ZZ)Ljava/lang/Object; @ 91
Event: 2.139 Thread 0x00007fe8ac348800 Uncommon trap: reason=null_check action=make_not_entrant pc=0x000000011bf82280 method=java.lang.StringCoding.decode(Ljava/lang/String;[BII)[C @ 6
Event: 2.233 Thread 0x00007fe8aa021800 Uncommon trap: reason=class_check action=maybe_recompile pc=0x000000011bf3c310 method=java.util.HashMap.putVal(ILjava/lang/Object;Ljava/lang/Object;ZZ)Ljava/lang/Object; @ 253

Internal exceptions (10 events):
Event: 0.137 Thread 0x00007fe8ab802800 Exception <a 'java/security/PrivilegedActionException'> (0x00000007bc15f9c8) thrown at [/Users/java_re/workspace/8-2-build-macosx-x86_64/jdk8u65/4987/hotspot/src/share/vm/prims/jvm.cpp, line 1386]
Event: 0.138 Thread 0x00007fe8ab802800 Exception <a 'java/security/PrivilegedActionException'> (0x00000007bc162c68) thrown at [/Users/java_re/workspace/8-2-build-macosx-x86_64/jdk8u65/4987/hotspot/src/share/vm/prims/jvm.cpp, line 1386]
Event: 0.138 Thread 0x00007fe8ab802800 Exception <a 'java/security/PrivilegedActionException'> (0x00000007bc162e78) thrown at [/Users/java_re/workspace/8-2-build-macosx-x86_64/jdk8u65/4987/hotspot/src/share/vm/prims/jvm.cpp, line 1386]
Event: 0.177 Thread 0x00007fe8ab802800 Exception <a 'java/lang/NoSuchFieldError': method resolution failed> (0x00000007bc2d43c8) thrown at [/Users/java_re/workspace/8-2-build-macosx-x86_64/jdk8u65/4987/hotspot/src/share/vm/prims/methodHandles.cpp, line 1146]
Event: 0.178 Thread 0x00007fe8ab802800 Exception <a 'java/lang/NoSuchFieldError': method resolution failed> (0x00000007bc2e1b18) thrown at [/Users/java_re/workspace/8-2-build-macosx-x86_64/jdk8u65/4987/hotspot/src/share/vm/prims/methodHandles.cpp, line 1146]
Event: 0.254 Thread 0x00007fe8ab802800 Exception <a 'java/io/FileNotFoundException'> (0x00000007bc35cb00) thrown at [/Users/java_re/workspace/8-2-build-macosx-x86_64/jdk8u65/4987/hotspot/src/share/vm/prims/jni.cpp, line 709]
Event: 0.254 Thread 0x00007fe8ab802800 Exception <a 'java/io/FileNotFoundException'> (0x00000007bc35d650) thrown at [/Users/java_re/workspace/8-2-build-macosx-x86_64/jdk8u65/4987/hotspot/src/share/vm/prims/jni.cpp, line 709]
Event: 1.764 Thread 0x00007fe8ab802800 Exception <a 'java/lang/NullPointerException'> (0x00000007bce91130) thrown at [/Users/java_re/workspace/8-2-build-macosx-x86_64/jdk8u65/4987/hotspot/src/share/vm/prims/jni.cpp, line 735]
Event: 2.139 Thread 0x00007fe8ac348800 Implicit null exception at 0x000000011bf7f273 to 0x000000011bf82251
Event: 2.213 Thread 0x00007fe8ac958000 Exception <a 'java/net/BindException'> (0x00000007be76b150) thrown at [/Users/java_re/workspace/8-2-build-macosx-x86_64/jdk8u65/4987/hotspot/src/share/vm/prims/jni.cpp, line 709]

Events (10 events):
Event: 2.276 loading class java/awt/GraphicsCallback
Event: 2.277 loading class sun/awt/SunGraphicsCallback
Event: 2.277 loading class sun/awt/SunGraphicsCallback done
Event: 2.277 loading class java/awt/GraphicsCallback done
Event: 2.277 loading class java/awt/GraphicsCallback$PaintCallback done
Event: 2.277 Executing VM operation: RevokeBias
Event: 2.277 Executing VM operation: RevokeBias done
Event: 2.277 loading class machine/Machine
Event: 2.277 loading class machine/Machine done
Event: 2.277 Executing VM operation: RevokeBias


Dynamic libraries:
0x000000003ee7d000 	/System/Library/Frameworks/Cocoa.framework/Versions/A/Cocoa
0x000000003ee7d000 	/System/Library/Frameworks/Security.framework/Versions/A/Security
0x000000003ee7d000 	/System/Library/Frameworks/ApplicationServices.framework/Versions/A/ApplicationServices
0x000000003ee7d000 	/usr/lib/libz.1.dylib
0x000000003ee7d000 	/usr/lib/libSystem.B.dylib
0x000000003ee7d000 	/usr/lib/libobjc.A.dylib
0x000000003ee7d000 	/System/Library/Frameworks/CoreFoundation.framework/Versions/A/CoreFoundation
0x000000003ee7d000 	/System/Library/Frameworks/Foundation.framework/Versions/C/Foundation
0x000000003ee7d000 	/System/Library/Frameworks/AppKit.framework/Versions/C/AppKit
0x000000003ee7d000 	/System/Library/Frameworks/CoreData.framework/Versions/A/CoreData
0x000000003ee7d000 	/System/Library/PrivateFrameworks/RemoteViewServices.framework/Versions/A/RemoteViewServices
0x000000003ee7d000 	/System/Library/PrivateFrameworks/UIFoundation.framework/Versions/A/UIFoundation
0x000000003ee7d000 	/System/Library/PrivateFrameworks/DFRFoundation.framework/Versions/A/DFRFoundation
0x000000003ee7d000 	/usr/lib/libenergytrace.dylib
0x000000003ee7d000 	/System/Library/PrivateFrameworks/SkyLight.framework/Versions/A/SkyLight
0x000000003ee7d000 	/System/Library/Frameworks/CoreGraphics.framework/Versions/A/CoreGraphics
0x000000003ee7d000 	/usr/lib/libScreenReader.dylib
0x000000003ee7d000 	/System/Library/Frameworks/Accelerate.framework/Versions/A/Accelerate
0x000000003ee7d000 	/System/Library/Frameworks/IOSurface.framework/Versions/A/IOSurface
0x000000003ee7d000 	/System/Library/Frameworks/AudioToolbox.framework/Versions/A/AudioToolbox
0x000000003ee7d000 	/System/Library/Frameworks/AudioUnit.framework/Versions/A/AudioUnit
0x000000003ee7d000 	/System/Library/PrivateFrameworks/DataDetectorsCore.framework/Versions/A/DataDetectorsCore
0x000000003ee7d000 	/System/Library/PrivateFrameworks/DesktopServicesPriv.framework/Versions/A/DesktopServicesPriv
0x000000003ee7d000 	/System/Library/Frameworks/Carbon.framework/Versions/A/Frameworks/HIToolbox.framework/Versions/A/HIToolbox
0x000000003ee7d000 	/usr/lib/libicucore.A.dylib
0x000000003ee7d000 	/System/Library/Frameworks/QuartzCore.framework/Versions/A/QuartzCore
0x000000003ee7d000 	/System/Library/Frameworks/Carbon.framework/Versions/A/Frameworks/SpeechRecognition.framework/Versions/A/SpeechRecognition
0x000000003ee7d000 	/usr/lib/libauto.dylib
0x000000003ee7d000 	/usr/lib/libxml2.2.dylib
0x000000003ee7d000 	/System/Library/PrivateFrameworks/CoreUI.framework/Versions/A/CoreUI
0x000000003ee7d000 	/System/Library/Frameworks/CoreAudio.framework/Versions/A/CoreAudio
0x000000003ee7d000 	/System/Library/Frameworks/DiskArbitration.framework/Versions/A/DiskArbitration
0x000000003ee7d000 	/usr/lib/liblangid.dylib
0x000000003ee7d000 	/System/Library/PrivateFrameworks/MultitouchSupport.framework/Versions/A/MultitouchSupport
0x000000003ee7d000 	/System/Library/Frameworks/IOKit.framework/Versions/A/IOKit
0x000000003ee7d000 	/usr/lib/libDiagnosticMessagesClient.dylib
0x000000003ee7d000 	/System/Library/Frameworks/CoreServices.framework/Versions/A/CoreServices
0x000000003ee7d000 	/System/Library/PrivateFrameworks/PerformanceAnalysis.framework/Versions/A/PerformanceAnalysis
0x000000003ee7d000 	/System/Library/PrivateFrameworks/GenerationalStorage.framework/Versions/A/GenerationalStorage
0x000000003ee7d000 	/System/Library/Frameworks/OpenGL.framework/Versions/A/OpenGL
0x000000003ee7d000 	/System/Library/Frameworks/CoreImage.framework/Versions/A/CoreImage
0x000000003ee7d000 	/System/Library/Frameworks/CoreText.framework/Versions/A/CoreText
0x000000003ee7d000 	/System/Library/Frameworks/ImageIO.framework/Versions/A/ImageIO
0x000000003ee7d000 	/System/Library/PrivateFrameworks/Backup.framework/Versions/A/Backup
0x000000003ee7d000 	/usr/lib/libarchive.2.dylib
0x000000003ee7d000 	/System/Library/Frameworks/CFNetwork.framework/Versions/A/CFNetwork
0x000000003ee7d000 	/System/Library/Frameworks/SystemConfiguration.framework/Versions/A/SystemConfiguration
0x000000003ee7d000 	/usr/lib/libCRFSuite.dylib
0x000000003ee7d000 	/usr/lib/libc++.1.dylib
0x000000003ee7d000 	/usr/lib/libc++abi.dylib
0x000000003ee7d000 	/usr/lib/system/libcache.dylib
0x000000003ee7d000 	/usr/lib/system/libcommonCrypto.dylib
0x000000003ee7d000 	/usr/lib/system/libcompiler_rt.dylib
0x000000003ee7d000 	/usr/lib/system/libcopyfile.dylib
0x000000003ee7d000 	/usr/lib/system/libcorecrypto.dylib
0x000000003ee7d000 	/usr/lib/system/libdispatch.dylib
0x000000003ee7d000 	/usr/lib/system/libdyld.dylib
0x000000003ee7d000 	/usr/lib/system/libkeymgr.dylib
0x000000003ee7d000 	/usr/lib/system/liblaunch.dylib
0x000000003ee7d000 	/usr/lib/system/libmacho.dylib
0x000000003ee7d000 	/usr/lib/system/libquarantine.dylib
0x000000003ee7d000 	/usr/lib/system/libremovefile.dylib
0x000000003ee7d000 	/usr/lib/system/libsystem_asl.dylib
0x000000003ee7d000 	/usr/lib/system/libsystem_blocks.dylib
0x000000003ee7d000 	/usr/lib/system/libsystem_c.dylib
0x000000003ee7d000 	/usr/lib/system/libsystem_configuration.dylib
0x000000003ee7d000 	/usr/lib/system/libsystem_coreservices.dylib
0x000000003ee7d000 	/usr/lib/system/libsystem_coretls.dylib
0x000000003ee7d000 	/usr/lib/system/libsystem_dnssd.dylib
0x000000003ee7d000 	/usr/lib/system/libsystem_info.dylib
0x000000003ee7d000 	/usr/lib/system/libsystem_kernel.dylib
0x000000003ee7d000 	/usr/lib/system/libsystem_m.dylib
0x000000003ee7d000 	/usr/lib/system/libsystem_malloc.dylib
0x000000003ee7d000 	/usr/lib/system/libsystem_network.dylib
0x000000003ee7d000 	/usr/lib/system/libsystem_networkextension.dylib
0x000000003ee7d000 	/usr/lib/system/libsystem_notify.dylib
0x000000003ee7d000 	/usr/lib/system/libsystem_platform.dylib
0x000000003ee7d000 	/usr/lib/system/libsystem_pthread.dylib
0x000000003ee7d000 	/usr/lib/system/libsystem_sandbox.dylib
0x000000003ee7d000 	/usr/lib/system/libsystem_secinit.dylib
0x000000003ee7d000 	/usr/lib/system/libsystem_symptoms.dylib
0x000000003ee7d000 	/usr/lib/system/libsystem_trace.dylib
0x000000003ee7d000 	/usr/lib/system/libunwind.dylib
0x000000003ee7d000 	/usr/lib/system/libxpc.dylib
0x000000003ee7d000 	/usr/lib/libbsm.0.dylib
0x000000003ee7d000 	/usr/lib/system/libkxld.dylib
0x000000003ee7d000 	/usr/lib/libcoretls.dylib
0x000000003ee7d000 	/usr/lib/libcoretls_cfhelpers.dylib
0x000000003ee7d000 	/usr/lib/libOpenScriptingUtil.dylib
0x000000003ee7d000 	/usr/lib/libpam.2.dylib
0x000000003ee7d000 	/usr/lib/libsqlite3.dylib
0x000000003ee7d000 	/usr/lib/libxar.1.dylib
0x000000003ee7d000 	/usr/lib/libbz2.1.0.dylib
0x000000003ee7d000 	/usr/lib/liblzma.5.dylib
0x000000003ee7d000 	/usr/lib/libnetwork.dylib
0x000000003ee7d000 	/usr/lib/libpcap.A.dylib
0x000000003ee7d000 	/System/Library/Frameworks/CoreServices.framework/Versions/A/Frameworks/FSEvents.framework/Versions/A/FSEvents
0x000000003ee7d000 	/System/Library/Frameworks/CoreServices.framework/Versions/A/Frameworks/CarbonCore.framework/Versions/A/CarbonCore
0x000000003ee7d000 	/System/Library/Frameworks/CoreServices.framework/Versions/A/Frameworks/Metadata.framework/Versions/A/Metadata
0x000000003ee7d000 	/System/Library/Frameworks/CoreServices.framework/Versions/A/Frameworks/OSServices.framework/Versions/A/OSServices
0x000000003ee7d000 	/System/Library/Frameworks/CoreServices.framework/Versions/A/Frameworks/SearchKit.framework/Versions/A/SearchKit
0x000000003ee7d000 	/System/Library/Frameworks/CoreServices.framework/Versions/A/Frameworks/AE.framework/Versions/A/AE
0x000000003ee7d000 	/System/Library/Frameworks/CoreServices.framework/Versions/A/Frameworks/LaunchServices.framework/Versions/A/LaunchServices
0x000000003ee7d000 	/System/Library/Frameworks/CoreServices.framework/Versions/A/Frameworks/DictionaryServices.framework/Versions/A/DictionaryServices
0x000000003ee7d000 	/System/Library/Frameworks/CoreServices.framework/Versions/A/Frameworks/SharedFileList.framework/Versions/A/SharedFileList
0x000000003ee7d000 	/System/Library/Frameworks/NetFS.framework/Versions/A/NetFS
0x000000003ee7d000 	/System/Library/PrivateFrameworks/NetAuth.framework/Versions/A/NetAuth
0x000000003ee7d000 	/System/Library/PrivateFrameworks/login.framework/Versions/A/Frameworks/loginsupport.framework/Versions/A/loginsupport
0x000000003ee7d000 	/System/Library/PrivateFrameworks/TCC.framework/Versions/A/TCC
0x000000003ee7d000 	/usr/lib/libmecabra.dylib
0x000000003ee7d000 	/System/Library/Frameworks/ApplicationServices.framework/Versions/A/Frameworks/ATS.framework/Versions/A/ATS
0x000000003ee7d000 	/System/Library/Frameworks/ApplicationServices.framework/Versions/A/Frameworks/ColorSync.framework/Versions/A/ColorSync
0x000000003ee7d000 	/System/Library/Frameworks/ApplicationServices.framework/Versions/A/Frameworks/HIServices.framework/Versions/A/HIServices
0x000000003ee7d000 	/System/Library/Frameworks/ApplicationServices.framework/Versions/A/Frameworks/LangAnalysis.framework/Versions/A/LangAnalysis
0x000000003ee7d000 	/System/Library/Frameworks/ApplicationServices.framework/Versions/A/Frameworks/PrintCore.framework/Versions/A/PrintCore
0x000000003ee7d000 	/System/Library/Frameworks/ApplicationServices.framework/Versions/A/Frameworks/QD.framework/Versions/A/QD
0x000000003ee7d000 	/System/Library/Frameworks/ApplicationServices.framework/Versions/A/Frameworks/SpeechSynthesis.framework/Versions/A/SpeechSynthesis
0x000000003ee7d000 	/System/Library/Frameworks/Accelerate.framework/Versions/A/Frameworks/vImage.framework/Versions/A/vImage
0x000000003ee7d000 	/System/Library/Frameworks/Accelerate.framework/Versions/A/Frameworks/vecLib.framework/Versions/A/vecLib
0x000000003ee7d000 	/System/Library/Frameworks/Accelerate.framework/Versions/A/Frameworks/vecLib.framework/Versions/A/libvDSP.dylib
0x000000003ee7d000 	/System/Library/Frameworks/Accelerate.framework/Versions/A/Frameworks/vecLib.framework/Versions/A/libBNNS.dylib
0x000000003ee7d000 	/System/Library/Frameworks/Accelerate.framework/Versions/A/Frameworks/vecLib.framework/Versions/A/libQuadrature.dylib
0x000000003ee7d000 	/System/Library/Frameworks/Accelerate.framework/Versions/A/Frameworks/vecLib.framework/Versions/A/libvMisc.dylib
0x000000003ee7d000 	/System/Library/Frameworks/Accelerate.framework/Versions/A/Frameworks/vecLib.framework/Versions/A/libLAPACK.dylib
0x000000003ee7d000 	/System/Library/Frameworks/Accelerate.framework/Versions/A/Frameworks/vecLib.framework/Versions/A/libBLAS.dylib
0x000000003ee7d000 	/System/Library/Frameworks/Accelerate.framework/Versions/A/Frameworks/vecLib.framework/Versions/A/libLinearAlgebra.dylib
0x000000003ee7d000 	/System/Library/Frameworks/Accelerate.framework/Versions/A/Frameworks/vecLib.framework/Versions/A/libSparseBLAS.dylib
0x000000003ee7d000 	/System/Library/Frameworks/ApplicationServices.framework/Versions/A/Frameworks/ATS.framework/Versions/A/Resources/libFontParser.dylib
0x000000003ee7d000 	/System/Library/Frameworks/ApplicationServices.framework/Versions/A/Frameworks/ATS.framework/Versions/A/Resources/libFontRegistry.dylib
0x000000003ee7d000 	/System/Library/Frameworks/ImageIO.framework/Versions/A/Resources/libJPEG.dylib
0x000000003ee7d000 	/System/Library/Frameworks/ImageIO.framework/Versions/A/Resources/libTIFF.dylib
0x000000003ee7d000 	/System/Library/Frameworks/ImageIO.framework/Versions/A/Resources/libPng.dylib
0x000000003ee7d000 	/System/Library/Frameworks/ImageIO.framework/Versions/A/Resources/libGIF.dylib
0x000000003ee7d000 	/System/Library/Frameworks/ImageIO.framework/Versions/A/Resources/libJP2.dylib
0x000000003ee7d000 	/System/Library/Frameworks/ImageIO.framework/Versions/A/Resources/libRadiance.dylib
0x000000003ee7d000 	/usr/lib/libcompression.dylib
0x000000003ee7d000 	/System/Library/PrivateFrameworks/AppleJPEG.framework/Versions/A/AppleJPEG
0x000000003ee7d000 	/usr/lib/libcups.2.dylib
0x000000003ee7d000 	/System/Library/Frameworks/Kerberos.framework/Versions/A/Kerberos
0x000000003ee7d000 	/System/Library/Frameworks/GSS.framework/Versions/A/GSS
0x000000003ee7d000 	/usr/lib/libresolv.9.dylib
0x000000003ee7d000 	/usr/lib/libiconv.2.dylib
0x000000003ee7d000 	/System/Library/PrivateFrameworks/Heimdal.framework/Versions/A/Heimdal
0x000000003ee7d000 	/usr/lib/libheimdal-asn1.dylib
0x000000003ee7d000 	/System/Library/Frameworks/OpenDirectory.framework/Versions/A/OpenDirectory
0x000000003ee7d000 	/System/Library/PrivateFrameworks/CommonAuth.framework/Versions/A/CommonAuth
0x000000003ee7d000 	/System/Library/Frameworks/OpenDirectory.framework/Versions/A/Frameworks/CFOpenDirectory.framework/Versions/A/CFOpenDirectory
0x000000003ee7d000 	/System/Library/Frameworks/SecurityFoundation.framework/Versions/A/SecurityFoundation
0x000000003ee7d000 	/System/Library/PrivateFrameworks/LanguageModeling.framework/Versions/A/LanguageModeling
0x000000003ee7d000 	/usr/lib/libmarisa.dylib
0x000000003ee7d000 	/usr/lib/libChineseTokenizer.dylib
0x000000003ee7d000 	/usr/lib/libcmph.dylib
0x000000003ee7d000 	/System/Library/PrivateFrameworks/CoreEmoji.framework/Versions/A/CoreEmoji
0x000000003ee7d000 	/System/Library/Frameworks/ServiceManagement.framework/Versions/A/ServiceManagement
0x000000003ee7d000 	/usr/lib/libxslt.1.dylib
0x000000003ee7d000 	/System/Library/Frameworks/Carbon.framework/Versions/A/Frameworks/Ink.framework/Versions/A/Ink
0x000000003ee7d000 	/System/Library/PrivateFrameworks/TextureIO.framework/Versions/A/TextureIO
0x000000003ee7d000 	/System/Library/Frameworks/Metal.framework/Versions/A/Metal
0x000000003ee7d000 	/usr/lib/libate.dylib
0x000000003ee7d000 	/System/Library/PrivateFrameworks/GPUCompiler.framework/libmetal_timestamp.dylib
0x000000003ee7d000 	/System/Library/Frameworks/OpenGL.framework/Versions/A/Libraries/libCoreFSCache.dylib
0x000000003ee7d000 	/System/Library/PrivateFrameworks/IOAccelerator.framework/Versions/A/IOAccelerator
0x000000003ee7d000 	/System/Library/Frameworks/CoreVideo.framework/Versions/A/CoreVideo
0x000000003ee7d000 	/usr/lib/libFosl_dynamic.dylib
0x000000003ee7d000 	/System/Library/PrivateFrameworks/MetalPerformanceShaders.framework/Versions/A/MetalPerformanceShaders
0x000000003ee7d000 	/System/Library/PrivateFrameworks/FaceCore.framework/Versions/A/FaceCore
0x000000003ee7d000 	/System/Library/Frameworks/OpenCL.framework/Versions/A/OpenCL
0x000000003ee7d000 	/System/Library/Frameworks/OpenGL.framework/Versions/A/Libraries/libGLU.dylib
0x000000003ee7d000 	/System/Library/Frameworks/OpenGL.framework/Versions/A/Libraries/libGFXShared.dylib
0x000000003ee7d000 	/System/Library/Frameworks/OpenGL.framework/Versions/A/Libraries/libGL.dylib
0x000000003ee7d000 	/System/Library/Frameworks/OpenGL.framework/Versions/A/Libraries/libGLImage.dylib
0x000000003ee7d000 	/System/Library/Frameworks/OpenGL.framework/Versions/A/Libraries/libCVMSPluginSupport.dylib
0x000000003ee7d000 	/System/Library/Frameworks/OpenGL.framework/Versions/A/Libraries/libCoreVMClient.dylib
0x000000003ee7d000 	/System/Library/PrivateFrameworks/CrashReporterSupport.framework/Versions/A/CrashReporterSupport
0x000000003ee7d000 	/System/Library/PrivateFrameworks/Sharing.framework/Versions/A/Sharing
0x000000003ee7d000 	/System/Library/PrivateFrameworks/IconServices.framework/Versions/A/IconServices
0x000000003ee7d000 	/System/Library/PrivateFrameworks/ProtocolBuffer.framework/Versions/A/ProtocolBuffer
0x000000003ee7d000 	/System/Library/PrivateFrameworks/Apple80211.framework/Versions/A/Apple80211
0x000000003ee7d000 	/System/Library/Frameworks/CoreWLAN.framework/Versions/A/CoreWLAN
0x000000003ee7d000 	/System/Library/PrivateFrameworks/CoreUtils.framework/Versions/A/CoreUtils
0x000000003ee7d000 	/System/Library/Frameworks/IOBluetooth.framework/Versions/A/IOBluetooth
0x000000003ee7d000 	/System/Library/PrivateFrameworks/CoreWiFi.framework/Versions/A/CoreWiFi
0x000000003ee7d000 	/System/Library/Frameworks/CoreBluetooth.framework/Versions/A/CoreBluetooth
0x000000003ee7d000 	/System/Library/Frameworks/CoreDisplay.framework/Versions/A/CoreDisplay
0x000000003ee7d000 	/System/Library/PrivateFrameworks/IOPresentment.framework/Versions/A/IOPresentment
0x000000003ee7d000 	/System/Library/PrivateFrameworks/DSExternalDisplay.framework/Versions/A/DSExternalDisplay
0x000000003ee7d000 	/System/Library/PrivateFrameworks/DebugSymbols.framework/Versions/A/DebugSymbols
0x000000003ee7d000 	/System/Library/PrivateFrameworks/CoreSymbolication.framework/Versions/A/CoreSymbolication
0x000000003ee7d000 	/System/Library/PrivateFrameworks/Symbolication.framework/Versions/A/Symbolication
0x000000003ee7d000 	/System/Library/PrivateFrameworks/AppleFSCompression.framework/Versions/A/AppleFSCompression
0x000000003ee7d000 	/System/Library/PrivateFrameworks/SpeechRecognitionCore.framework/Versions/A/SpeechRecognitionCore
0x000000003ee7d000 	/System/Library/PrivateFrameworks/ChunkingLibrary.framework/Versions/A/ChunkingLibrary
0x0000000110200000 	/Library/Java/JavaVirtualMachines/jdk1.8.0_65.jdk/Contents/Home/jre/lib/server/libjvm.dylib
0x000000003ee7d000 	/usr/lib/libstdc++.6.dylib
0x000000010f1cc000 	/Library/Java/JavaVirtualMachines/jdk1.8.0_65.jdk/Contents/Home/jre/lib/libverify.dylib
0x0000000111189000 	/Library/Java/JavaVirtualMachines/jdk1.8.0_65.jdk/Contents/Home/jre/lib/libjava.dylib
0x000000010f1e4000 	/Library/Java/JavaVirtualMachines/jdk1.8.0_65.jdk/Contents/Home/jre/lib/libzip.dylib
0x0000000114418000 	/System/Library/Frameworks/JavaVM.framework/Frameworks/JavaRuntimeSupport.framework/JavaRuntimeSupport
0x0000000114432000 	/System/Library/Frameworks/JavaVM.framework/Versions/A/Frameworks/JavaNativeFoundation.framework/Versions/A/JavaNativeFoundation
0x000000010f1f2000 	/System/Library/Frameworks/JavaVM.framework/Versions/A/JavaVM
0x000000003ee7d000 	/System/Library/Frameworks/Carbon.framework/Versions/A/Carbon
0x0000000114447000 	/System/Library/PrivateFrameworks/JavaLaunching.framework/Versions/A/JavaLaunching
0x000000003ee7d000 	/System/Library/Frameworks/Carbon.framework/Versions/A/Frameworks/CommonPanels.framework/Versions/A/CommonPanels
0x000000003ee7d000 	/System/Library/Frameworks/Carbon.framework/Versions/A/Frameworks/Help.framework/Versions/A/Help
0x000000003ee7d000 	/System/Library/Frameworks/Carbon.framework/Versions/A/Frameworks/ImageCapture.framework/Versions/A/ImageCapture
0x000000003ee7d000 	/System/Library/Frameworks/Carbon.framework/Versions/A/Frameworks/OpenScripting.framework/Versions/A/OpenScripting
0x000000003ee7d000 	/System/Library/Frameworks/Carbon.framework/Versions/A/Frameworks/Print.framework/Versions/A/Print
0x000000003ee7d000 	/System/Library/Frameworks/Carbon.framework/Versions/A/Frameworks/SecurityHI.framework/Versions/A/SecurityHI
0x0000000115e3b000 	/Library/Java/JavaVirtualMachines/jdk1.8.0_65.jdk/Contents/Home/jre/lib/libawt.dylib
0x0000000115ee3000 	/Library/Java/JavaVirtualMachines/jdk1.8.0_65.jdk/Contents/Home/jre/lib/./libmlib_image.dylib
0x0000000115faf000 	/Library/Java/JavaVirtualMachines/jdk1.8.0_65.jdk/Contents/Home/jre/lib/libawt_lwawt.dylib
0x0000000116064000 	/Library/Java/JavaVirtualMachines/jdk1.8.0_65.jdk/Contents/Home/jre/lib/./libosxapp.dylib
0x000000003ee7d000 	/System/Library/Frameworks/ExceptionHandling.framework/Versions/A/ExceptionHandling
0x000000003ee7d000 	/System/Library/PrivateFrameworks/CoreServicesInternal.framework/Versions/A/CoreServicesInternal
0x000000003ee7d000 	/System/Library/CoreServices/RawCamera.bundle/Contents/MacOS/RawCamera
0x000000003ee7d000 	/System/Library/Frameworks/Accelerate.framework/Versions/A/Frameworks/vImage.framework/Versions/A/Libraries/libCGInterfaces.dylib
0x000000003ee7d000 	/System/Library/PrivateFrameworks/FamilyControls.framework/Versions/A/FamilyControls
0x000000003ee7d000 	/System/Library/PrivateFrameworks/CommerceKit.framework/Versions/A/Frameworks/CommerceCore.framework/Versions/A/CommerceCore
0x000000003ee7d000 	/System/Library/PrivateFrameworks/SystemAdministration.framework/Versions/A/SystemAdministration
0x000000003ee7d000 	/System/Library/PrivateFrameworks/AppContainer.framework/Versions/A/AppContainer
0x000000003ee7d000 	/System/Library/PrivateFrameworks/SecCodeWrapper.framework/Versions/A/SecCodeWrapper
0x000000003ee7d000 	/System/Library/Frameworks/DirectoryService.framework/Versions/A/DirectoryService
0x000000003ee7d000 	/System/Library/PrivateFrameworks/DiskImages.framework/Versions/A/DiskImages
0x000000003ee7d000 	/System/Library/PrivateFrameworks/LoginUIKit.framework/Versions/A/Frameworks/LoginUICore.framework/Versions/A/LoginUICore
0x000000003ee7d000 	/usr/lib/libCoreStorage.dylib
0x000000003ee7d000 	/usr/lib/libcsfde.dylib
0x000000003ee7d000 	/usr/lib/libodfde.dylib
0x000000003ee7d000 	/System/Library/Frameworks/DiscRecording.framework/Versions/A/DiscRecording
0x000000003ee7d000 	/usr/lib/libcurl.4.dylib
0x000000003ee7d000 	/System/Library/PrivateFrameworks/MediaKit.framework/Versions/A/MediaKit
0x000000003ee7d000 	/System/Library/PrivateFrameworks/ProtectedCloudStorage.framework/Versions/A/ProtectedCloudStorage
0x000000003ee7d000 	/System/Library/PrivateFrameworks/EFILogin.framework/Versions/A/EFILogin
0x000000003ee7d000 	/usr/lib/libutil.dylib
0x000000003ee7d000 	/System/Library/Frameworks/LDAP.framework/Versions/A/LDAP
0x000000003ee7d000 	/usr/lib/libsasl2.2.dylib
0x000000003ee7d000 	/System/Library/PrivateFrameworks/CoreDaemon.framework/Versions/B/CoreDaemon
0x000000003ee7d000 	/System/Library/PrivateFrameworks/AppleSRP.framework/Versions/A/AppleSRP
0x000000003ee7d000 	/System/Library/PrivateFrameworks/APFS.framework/Versions/A/APFS
0x00000001172ee000 	/Library/Java/JavaVirtualMachines/jdk1.8.0_65.jdk/Contents/Home/jre/lib/libfontmanager.dylib
0x000000003ee7d000 	/System/Library/Frameworks/ApplicationServices.framework/Versions/A/Frameworks/ATS.framework/Versions/A/Resources/libTrueTypeScaler.dylib
0x000000011915d000 	/System/Library/Frameworks/OpenGL.framework/Resources/GLEngine.bundle/GLEngine
0x000000003ee7d000 	/System/Library/Frameworks/OpenGL.framework/Versions/A/Libraries/libGLProgrammability.dylib
0x0000000119342000 	/System/Library/Extensions/AppleIntelHD5000GraphicsGLDriver.bundle/Contents/MacOS/AppleIntelHD5000GraphicsGLDriver
0x000000003ee7d000 	/System/Library/PrivateFrameworks/GPUSupport.framework/Versions/A/Libraries/libGPUSupportMercury.dylib
0x0000000119ab4000 	/System/Library/Extensions/AMDRadeonX4000GLDriver.bundle/Contents/MacOS/AMDRadeonX4000GLDriver
0x0000000119b94000 	/System/Library/Extensions/AMDRadeonX4000GLDriver.bundle/Contents/MacOS/ATIRadeonX4000SCLib.dylib
0x000000011a171000 	/System/Library/Frameworks/OpenGL.framework/Resources//GLRendererFloat.bundle/GLRendererFloat
0x000000003ee7d000 	/System/Library/Frameworks/OpenCL.framework/Versions/A/Libraries/libcldcpuengine.dylib
0x000000003ee7d000 	/usr/lib/libcrypto.0.9.8.dylib
0x000000003ee7d000 	/System/Library/PrivateFrameworks/TrustEvaluationAgent.framework/Versions/A/TrustEvaluationAgent
0x000000003ee7d000 	/System/Library/Extensions/AMDMTLBronzeDriver.bundle/Contents/MacOS/AMDMTLBronzeDriver
0x000000003ee7d000 	/System/Library/PrivateFrameworks/IOAccelMemoryInfo.framework/Versions/A/IOAccelMemoryInfo
0x000000011a1c1000 	/System/Library/Extensions/AppleIntelHD5000GraphicsMTLDriver.bundle/Contents/MacOS/AppleIntelHD5000GraphicsMTLDriver
0x000000011a67f000 	/Library/Java/JavaVirtualMachines/jdk1.8.0_65.jdk/Contents/Home/jre/lib/libosxui.dylib
0x000000011b6b1000 	/Library/Java/JavaVirtualMachines/jdk1.8.0_65.jdk/Contents/Home/jre/lib/libnet.dylib
0x0000000119134000 	/Library/Java/JavaVirtualMachines/jdk1.8.0_65.jdk/Contents/Home/jre/lib/libnio.dylib
0x000000003ee7d000 	/System/Library/PrivateFrameworks/ViewBridge.framework/Versions/A/ViewBridge
0x000000003ee7d000 	/System/Library/PrivateFrameworks/XPCService.framework/Versions/A/XPCService
0x000000003ee7d000 	/System/Library/PrivateFrameworks/AppSandbox.framework/Versions/A/AppSandbox
0x000000003ee7d000 	/usr/lib/libsandbox.1.dylib
0x000000003ee7d000 	/usr/lib/libMatch.1.dylib
0x000000003ee7d000 	/System/Library/PrivateFrameworks/CloudDocs.framework/Versions/A/CloudDocs
0x000000003ee7d000 	/System/Library/Frameworks/CloudKit.framework/Versions/A/CloudKit
0x000000003ee7d000 	/System/Library/PrivateFrameworks/MMCS.framework/Versions/A/MMCS
0x000000003ee7d000 	/System/Library/Frameworks/CoreLocation.framework/Versions/A/CoreLocation
0x000000003ee7d000 	/System/Library/PrivateFrameworks/AssetCacheServices.framework/Versions/A/AssetCacheServices
0x000000003ee7d000 	/System/Library/PrivateFrameworks/GeoServices.framework/Versions/A/GeoServices
0x0000000171be2000 	/private/var/folders/yb/mfq72d413mxgbljbx0pl1vrjsfjtww/T/jxbrowser-chromium-51.0.2704.106.6.6/data/Temp/libjxbrowser-common64-c575b67f-3ac9-4f9d-8f19-0289851cfc8a.dylib

VM Arguments:
jvm_args: -Xmx200m -Xss50m -XX:+UseThreadPriorities -XX:+AggressiveOpts -XX:ThreadStackSize=160 -Dfile.encoding=UTF-8 
java_command: runtime.ESL edb.tool.EDB ./esl /Users/acestc4/Dropbox/SHU_Files/Research/ESL/histories
java_class_path (initial): /Users/acestc4/Dropbox/SHU_Files/workspace/esl/bin:/Users/acestc4/Dropbox/SHU_Files/workspace/xpl/bin:/Users/acestc4/Dropbox/SHU_Files/workspace/esl/lib/jxbrowser-mac-6.6.jar:/Users/acestc4/Dropbox/SHU_Files/workspace/esl/lib/licence.jar:/Users/acestc4/Dropbox/SHU_Files/workspace/esl/lib/jfreesvg-3.2.jar:/Users/acestc4/Dropbox/SHU_Files/workspace/esl/lib/jfreechart-1.0.19/lib/jcommon-1.0.23.jar:/Users/acestc4/Dropbox/SHU_Files/workspace/esl/lib/jfreechart-1.0.19/lib/jfreesvg-2.0.jar:/Users/acestc4/Dropbox/SHU_Files/workspace/esl/lib/jfreechart-1.0.19/lib/junit-4.11.jar:/Users/acestc4/Dropbox/SHU_Files/workspace/esl/lib/jfreechart-1.0.19/lib/orsoncharts-1.4-eval-nofx.jar:/Users/acestc4/Dropbox/SHU_Files/workspace/esl/lib/jfreechart-1.0.19/lib/orsonpdf-1.6-eval.jar:/Users/acestc4/Dropbox/SHU_Files/workspace/esl/lib/jfreechart-1.0.19/lib/servlet.jar:/Users/acestc4/Dropbox/SHU_Files/workspace/esl/lib/jfreechart-1.0.19/lib/swtgraphics2d.jar:/Users/acestc4/Dropbox/SHU_Files/workspace/esl/lib/jfreechart-1.0.19/lib/jfreechart-1.0.19.jar:/Users/acestc4/Dropbox/SHU_Files/workspace/esl/lib/jxbrowser-6.6.jar:/Users/acestc4/Dropbox/SHU_Files/workspace/esl/lib/jfindreplace.jar:/Users/acestc4/Dropbox/SHU_Files/workspace/esl/lib/batik-1.6.1/lib/batik-awt-util.jar:/Users/acestc4/Dropbox/SHU_Files/workspace/esl/lib/batik-1.6.1/lib/batik-bridge.jar:/Users/acestc4/Dropbox/SHU_Files/workspace/esl/lib/batik-1.6.1/lib/batik-css.jar:/Users/acestc4/Dropbox/SHU_Files/workspace/esl/lib/batik-1.6.1/lib/batik-dom.jar:/Users/acestc4/Dropbox/SHU_Files/workspace/esl/lib/batik-1.6.1/lib/batik-ext.jar:/Users/acestc4/Dropbox/SHU_Files/workspace/esl/lib/batik-1.6.1/lib/batik-extension.jar:/Users/acestc4/Dropbox/SHU_Files/workspace/esl/lib/batik-1.6.1/lib/batik-gui-util.jar:/Users/acestc4/Dropbox/SHU_Files/workspace/esl/lib/batik-1.6.1/lib/batik-gvt.jar:/Users/acestc4/Dropbox/SHU_Files/workspace/esl/lib/batik-1.6.1/lib/batik-parser.jar:/Users/acestc4/Dropbox/SHU_Files/works
Launcher Type: SUN_STANDARD

Environment Variables:
PATH=/usr/bin:/bin:/usr/sbin:/sbin
SHELL=/bin/bash

Signal Handlers:
SIGSEGV: [libjvm.dylib+0x5a6d31], sa_mask[0]=11111111011111110111111111111111, sa_flags=SA_ONSTACK|SA_RESTART|SA_SIGINFO
SIGBUS: [libjvm.dylib+0x5a6d31], sa_mask[0]=11111111011111110111111111111111, sa_flags=SA_RESTART|SA_SIGINFO
SIGFPE: [libjvm.dylib+0x480a40], sa_mask[0]=11111111011111110111111111111111, sa_flags=SA_RESTART|SA_SIGINFO
SIGPIPE: [libjvm.dylib+0x480a40], sa_mask[0]=11111111011111110111111111111111, sa_flags=SA_RESTART|SA_SIGINFO
SIGXFSZ: [libjvm.dylib+0x480a40], sa_mask[0]=11111111011111110111111111111111, sa_flags=SA_RESTART|SA_SIGINFO
SIGILL: [libjvm.dylib+0x480a40], sa_mask[0]=11111111011111110111111111111111, sa_flags=SA_RESTART|SA_SIGINFO
SIGUSR1: SIG_DFL, sa_mask[0]=00000000000000000000000000000000, sa_flags=none
SIGUSR2: [libjvm.dylib+0x48055e], sa_mask[0]=00100000000000000000000000000000, sa_flags=SA_RESTART|SA_SIGINFO
SIGHUP: [libjvm.dylib+0x47eb35], sa_mask[0]=11111111011111110111111111111111, sa_flags=SA_RESTART|SA_SIGINFO
SIGINT: [libjvm.dylib+0x47eb35], sa_mask[0]=11111111011111110111111111111111, sa_flags=SA_RESTART|SA_SIGINFO
SIGTERM: [libjvm.dylib+0x47eb35], sa_mask[0]=11111111011111110111111111111111, sa_flags=SA_RESTART|SA_SIGINFO
SIGQUIT: [libjvm.dylib+0x47eb35], sa_mask[0]=11111111011111110111111111111111, sa_flags=SA_RESTART|SA_SIGINFO


---------------  S Y S T E M  ---------------

OS:Bsduname:Darwin 16.7.0 Darwin Kernel Version 16.7.0: Thu Jun 15 17:36:27 PDT 2017; root:xnu-3789.70.16~2/RELEASE_X86_64 x86_64
rlimit: STACK 8192k, CORE 0k, NPROC 709, NOFILE 10240, AS infinity
load average:1.89 1.87 1.86

CPU:total 8 (4 cores per cpu, 2 threads per core) family 6 model 70 stepping 1, cmov, cx8, fxsr, mmx, sse, sse2, sse3, ssse3, sse4.1, sse4.2, popcnt, avx, avx2, aes, clmul, erms, lzcnt, ht, tsc, tscinvbit, bmi1, bmi2

Memory: 4k page, physical 16777216k(1652748k free)

/proc/meminfo:


vm_info: Java HotSpot(TM) 64-Bit Server VM (25.65-b01) for bsd-amd64 JRE (1.8.0_65-b17), built on Oct  6 2015 15:36:46 by "java_re" with gcc 4.2.1 (Based on Apple Inc. build 5658) (LLVM build 2336.11.00)

time: Sun Sep  3 20:50:29 2017
elapsed time: 2 seconds (0d 0h 0m 2s)

