#
# A fatal error has been detected by the Java Runtime Environment:
#
#  SIGSEGV (0xb) at pc=0x000000010c755027, pid=64066, tid=0x000000000000cb07
#
# JRE version: Java(TM) SE Runtime Environment (8.0_171-b11) (build 1.8.0_171-b11)
# Java VM: Java HotSpot(TM) 64-Bit Server VM (25.171-b11 mixed mode bsd-amd64 compressed oops)
# Problematic frame:
# C  [libawt_lwawt.dylib+0x1c027]  OGLSD_SetScratchSurface+0x49
#
# Failed to write core dump. Core dumps have been disabled. To enable core dumping, try "ulimit -c unlimited" before starting Java again
#
# If you would like to submit a bug report, please visit:
#   http://bugreport.java.com/bugreport/crash.jsp
# The crash happened outside the Java Virtual Machine in native code.
# See problematic frame for where to report the bug.
#

---------------  T H R E A D  ---------------

Current thread (0x00007fb947a24000):  JavaThread "Java2D Queue Flusher" daemon [_thread_in_native, id=51975, stack(0x00007000c467f000,0x00007000e3a7f000)]

siginfo: si_signo: 11 (SIGSEGV), si_code: 1 (SEGV_MAPERR), si_addr: 0x0000000000000002

Registers:
RAX=0x00000000ffffffff, RBX=0x0000000000000002, RCX=0x0000000000000047, RDX=0x000000010c776b14
RSP=0x00007000e3a7e750, RBP=0x00007000e3a7e770, RSI=0x00007fb945566720, RDI=0x00007fb947a241f8
R8 =0x00000000000008ec, R9 =0xffffffff00000000, R10=0x0000000110e77578, R11=0x0000000110c683c0
R12=0x0000000000000000, R13=0x00007000e3a7e908, R14=0x00007fb947a241f8, R15=0x00007fb947a24000
RIP=0x000000010c755027, EFLAGS=0x0000000000010202, ERR=0x0000000000000004
  TRAPNO=0x000000000000000e

Top of Stack: (sp=0x00007000e3a7e750)
0x00007000e3a7e750:   00007fb945566720 0000000000000000
0x00007000e3a7e760:   00007fb947a2b810 00007fb947a24000
0x00007000e3a7e770:   00007000e3a7e7f0 000000010c7765f2
0x00007000e3a7e780:   00007fb94555f800 0000000200000001
0x00007000e3a7e790:   0000000000000000 00007000e3a7e900
0x00007000e3a7e7a0:   0000000000000000 0000000000000000
0x00007000e3a7e7b0:   00007000e3a7e7f0 00007fb947a2b820
0x00007000e3a7e7c0:   0000700000a7e988 00007fb947a241f8
0x00007000e3a7e7d0:   000000016d1875d0 0000000000000000
0x00007000e3a7e7e0:   00007000e3a7e988 00007fb947a24000
0x00007000e3a7e7f0:   00007000e3a7e840 0000000110e775ea
0x00007000e3a7e800:   00000006c00cfa70 000000010773b084
0x00007000e3a7e810:   0000000000000064 0000000000000000
0x00007000e3a7e820:   0000000000000064 00007fb94555f3b8
0x00007000e3a7e830:   00007000e3a7e890 0000000107550fd8
0x00007000e3a7e840:   00007000e3a7e960 000000011101a9fc
0x00007000e3a7e850:   0000000000000001 00007fb94555f600
0x00007000e3a7e860:   00000006c00e5900 00007fb947a24000
0x00007000e3a7e870:   00007fb947a24000 0000000109b55a00
0x00007000e3a7e880:   00007000e3a7e988 00007fb947a24000
0x00007000e3a7e890:   00007000e3a7e8e0 00000001107311e8
0x00007000e3a7e8a0:   00000006c00cfa70 0000000110994526
0x00007000e3a7e8b0:   00007000e3a7e960 0000000110c6841c
0x00007000e3a7e8c0:   00007000e3a7e8f0 00000001074e857d
0x00007000e3a7e8d0:   00007fb947a24000 00007fb947a24000
0x00007000e3a7e8e0:   00007000e3a7e960 00000001102802bd
0x00007000e3a7e8f0:   00007000e3a7e960 00000001102802bd
0x00007000e3a7e900:   00000001102802bd 00000006c00cfa70
0x00007000e3a7e910:   0000000000000001 00000006c00e5970
0x00007000e3a7e920:   00007000e3a7e910 000000010a1472c9
0x00007000e3a7e930:   00007000e3a7e988 000000010a1476f8
0x00007000e3a7e940:   0000000000000000 000000010a1473d0 

Instructions: (pc=0x000000010c755027)
0x000000010c755007:   c0 e9 82 00 00 00 48 8b 5e 10 48 85 db 75 0e bf
0x000000010c755017:   01 00 00 00 48 8d 15 a8 96 03 00 eb d6 49 89 fe
0x000000010c755027:   4c 8b 3b 30 c0 e8 ff bc 02 00 49 8b 3f 49 89 c4
0x000000010c755037:   48 8b 35 02 29 06 00 30 c0 e8 4d be 02 00 48 85 

Register to memory mapping:

RAX=0x00000000ffffffff is an unknown value
RBX=0x0000000000000002 is an unknown value
RCX=0x0000000000000047 is an unknown value
RDX=0x000000010c776b14: Java_sun_java2d_opengl_OGLRenderQueue_flushBuffer+0xb5c in /Library/Java/JavaVirtualMachines/jdk1.8.0_171.jdk/Contents/Home/jre/lib/libawt_lwawt.dylib at 0x000000010c739000
RSP=0x00007000e3a7e750 is pointing into the stack for thread: 0x00007fb947a24000
RBP=0x00007000e3a7e770 is pointing into the stack for thread: 0x00007fb947a24000
RSI=0x00007fb945566720 is an unknown value
RDI=0x00007fb947a241f8 is an unknown value
R8 =0x00000000000008ec is an unknown value
R9 =0xffffffff00000000 is an unknown value
R10=0x0000000110e77578 is at entry_point+56 in (nmethod*)0x0000000110e773d0
R11=0x0000000110c683c0 is at entry_point+0 in (nmethod*)0x0000000110c68250
R12=0x0000000000000000 is an unknown value
R13=0x00007000e3a7e908 is pointing into the stack for thread: 0x00007fb947a24000
R14=0x00007fb947a241f8 is an unknown value
R15=0x00007fb947a24000 is a thread


Stack: [0x00007000c467f000,0x00007000e3a7f000],  sp=0x00007000e3a7e750,  free space=511997k
Native frames: (J=compiled Java code, j=interpreted, Vv=VM code, C=native code)
C  [libawt_lwawt.dylib+0x1c027]  OGLSD_SetScratchSurface+0x49
C  [libawt_lwawt.dylib+0x3d5f2]  Java_sun_java2d_opengl_OGLRenderQueue_flushBuffer+0x63a
J 5370  sun.java2d.opengl.OGLRenderQueue.flushBuffer(JI)V (0 bytes) @ 0x0000000110e775ea [0x0000000110e77540+0xaa]
J 5628 C1 sun.java2d.opengl.OGLRenderQueue.flushBuffer()V (41 bytes) @ 0x000000011101a9fc [0x000000011101a7a0+0x25c]
J 5319 C1 sun.java2d.opengl.OGLRenderQueue.access$100(Lsun/java2d/opengl/OGLRenderQueue;)V (5 bytes) @ 0x0000000110c6841c [0x0000000110c683c0+0x5c]
j  sun.java2d.opengl.OGLRenderQueue$QueueFlusher.run()V+81
v  ~StubRoutines::call_stub
V  [libjvm.dylib+0x2ef1f6]  JavaCalls::call_helper(JavaValue*, methodHandle*, JavaCallArguments*, Thread*)+0x6ae
V  [libjvm.dylib+0x2ef99a]  JavaCalls::call_virtual(JavaValue*, KlassHandle, Symbol*, Symbol*, JavaCallArguments*, Thread*)+0x164
V  [libjvm.dylib+0x2efb46]  JavaCalls::call_virtual(JavaValue*, Handle, KlassHandle, Symbol*, Symbol*, Thread*)+0x4a
V  [libjvm.dylib+0x34a46d]  thread_entry(JavaThread*, Thread*)+0x7c
V  [libjvm.dylib+0x56eb0f]  JavaThread::thread_main_inner()+0x9b
V  [libjvm.dylib+0x57020a]  JavaThread::run()+0x1c2
V  [libjvm.dylib+0x48d4a6]  java_start(Thread*)+0xf6
C  [libsystem_pthread.dylib+0x3339]  _pthread_body+0x7e
C  [libsystem_pthread.dylib+0x62a7]  _pthread_start+0x46
C  [libsystem_pthread.dylib+0x2445]  thread_start+0xd
C  0x0000000000000000

Java frames: (J=compiled Java code, j=interpreted, Vv=VM code)
J 5370  sun.java2d.opengl.OGLRenderQueue.flushBuffer(JI)V (0 bytes) @ 0x0000000110e77578 [0x0000000110e77540+0x38]
J 5628 C1 sun.java2d.opengl.OGLRenderQueue.flushBuffer()V (41 bytes) @ 0x000000011101a9fc [0x000000011101a7a0+0x25c]
J 5319 C1 sun.java2d.opengl.OGLRenderQueue.access$100(Lsun/java2d/opengl/OGLRenderQueue;)V (5 bytes) @ 0x0000000110c6841c [0x0000000110c683c0+0x5c]
j  sun.java2d.opengl.OGLRenderQueue$QueueFlusher.run()V+81
v  ~StubRoutines::call_stub

---------------  P R O C E S S  ---------------

Java Threads: ( => current thread )
  0x00007fb9488d5000 JavaThread "pool-3-thread-2" [_thread_blocked, id=144131, stack(0x000070037fed8000,0x000070039f2d8000)]
  0x00007fb94c0b2800 JavaThread "pool-3-thread-1" [_thread_blocked, id=143879, stack(0x0000700360ad5000,0x000070037fed5000)]
  0x00007fb949448000 JavaThread "Thread-5" [_thread_blocked, id=163867, stack(0x00007003416d2000,0x0000700360ad2000)]
  0x00007fb945c57800 JavaThread "Thread-4" [_thread_blocked, id=170771, stack(0x00007003222cf000,0x00007003416cf000)]
  0x00007fb9493d6000 JavaThread "TimerQueue" daemon [_thread_blocked, id=137991, stack(0x0000700302e49000,0x0000700322249000)]
  0x00007fb946476800 JavaThread "Thread-3" [_thread_blocked, id=169563, stack(0x00007002e3a46000,0x0000700302e46000)]
  0x00007fb947c89800 JavaThread "Browser Events Thread" [_thread_blocked, id=171779, stack(0x00007002a3a37000,0x00007002c2e37000)]
  0x00007fb947c5b800 JavaThread "Memory Writer SocketInfo{cid=0, bid=0, channelType=Render}" [_thread_blocked, id=173315, stack(0x0000700245e2e000,0x000070026522e000)]
  0x00007fb946343800 JavaThread "Socket Connection Checker SocketInfo{cid=0, bid=0, channelType=Render}" [_thread_in_native, id=132867, stack(0x0000700226a2b000,0x0000700245e2b000)]
  0x00007fb946342800 JavaThread "IPC Memory Reader Thread" [_thread_in_native, id=173575, stack(0x00007002269a8000,0x0000700226a28000)]
  0x00007fb945c37800 JavaThread "IPC Async Events Thread" [_thread_blocked, id=132107, stack(0x00007002075a5000,0x00007002269a5000)]
  0x00007fb946381800 JavaThread "Memory Writer SocketInfo{cid=0, bid=0, channelType=Browser}" [_thread_blocked, id=120067, stack(0x00007001e811f000,0x000070020751f000)]
  0x00007fb946381000 JavaThread "Socket Connection Checker SocketInfo{cid=0, bid=0, channelType=Browser}" [_thread_in_native, id=120323, stack(0x00007001c8d1c000,0x00007001e811c000)]
  0x00007fb9468ae000 JavaThread "IPC Memory Reader Thread" [_thread_in_native, id=98051, stack(0x00007001c8c16000,0x00007001c8c96000)]
  0x00007fb947a3b800 JavaThread "IPC Async Events Thread" [_thread_blocked, id=94211, stack(0x00007001a7f04000,0x00007001c7304000)]
  0x00007fb94946b000 JavaThread "Memory Writer SocketInfo{cid=0, bid=-1, channelType=Main}" [_thread_blocked, id=124163, stack(0x00007001882fe000,0x00007001a76fe000)]
  0x00007fb946330000 JavaThread "Socket Connection Checker SocketInfo{cid=0, bid=-1, channelType=Main}" [_thread_in_native, id=124419, stack(0x0000700168efb000,0x00007001882fb000)]
  0x00007fb945c4d000 JavaThread "IPC Memory Reader Thread" [_thread_in_native, id=125443, stack(0x0000700168df5000,0x0000700168e75000)]
  0x00007fb945bf1800 JavaThread "IPC Process Thread" daemon [_thread_in_native, id=69123, stack(0x00007001416b6000,0x0000700160ab6000)]
  0x00007fb947aac800 JavaThread "IPC Server Thread" daemon [_thread_in_native, id=69635, stack(0x00007001222b3000,0x00007001416b3000)]
  0x00007fb947806800 JavaThread "DestroyJavaVM" [_thread_blocked, id=6403, stack(0x0000700007cae000,0x00007000270ae000)]
  0x00007fb94623c800 JavaThread "AWT-EventQueue-0" [_thread_in_native, id=74131, stack(0x0000700102e85000,0x0000700122285000)]
  0x00007fb949157800 JavaThread "Java2D Disposer" daemon [_thread_blocked, id=54031, stack(0x00007000e3a82000,0x0000700102e82000)]
=>0x00007fb947a24000 JavaThread "Java2D Queue Flusher" daemon [_thread_in_native, id=51975, stack(0x00007000c467f000,0x00007000e3a7f000)]
  0x00007fb9490e4000 JavaThread "AWT-Shutdown" [_thread_blocked, id=27431, stack(0x00007000a4ee7000,0x00007000c42e7000)]
  0x00007fb94615a800 JavaThread "AppKit Thread" daemon [_thread_in_native, id=775, stack(0x00007ffee928c000,0x00007ffee9a8c000)]
  0x00007fb94781f000 JavaThread "Service Thread" daemon [_thread_blocked, id=16643, stack(0x00007000859e1000,0x00007000a4de1000)]
  0x00007fb948000800 JavaThread "C1 CompilerThread3" daemon [_thread_blocked, id=17667, stack(0x00007000858de000,0x00007000859de000)]
  0x00007fb94902a000 JavaThread "C2 CompilerThread2" daemon [_thread_blocked, id=15875, stack(0x00007000857db000,0x00007000858db000)]
  0x00007fb949029800 JavaThread "C2 CompilerThread1" daemon [_thread_blocked, id=18179, stack(0x00007000856d8000,0x00007000857d8000)]
  0x00007fb949028800 JavaThread "C2 CompilerThread0" daemon [_thread_blocked, id=15619, stack(0x00007000855d5000,0x00007000856d5000)]
  0x00007fb94582f800 JavaThread "Signal Dispatcher" daemon [_thread_blocked, id=18691, stack(0x00007000661d2000,0x00007000855d2000)]
  0x00007fb949023000 JavaThread "Finalizer" daemon [_thread_blocked, id=13315, stack(0x0000700046dcf000,0x00007000661cf000)]
  0x00007fb94680a000 JavaThread "Reference Handler" daemon [_thread_blocked, id=12803, stack(0x00007000279cc000,0x0000700046dcc000)]

Other Threads:
  0x00007fb946003800 VMThread [stack: 0x00007000278c9000,0x00007000279c9000] [id=19971]
  0x00007fb949047800 WatcherThread [stack: 0x00007000a4de4000,0x00007000a4ee4000] [id=17155]

VM state:not at safepoint (normal execution)

VM Mutex/Monitor currently owned by a thread: None

Heap:
 PSYoungGen      total 858112K, used 34574K [0x000000076ab00000, 0x00000007b9c00000, 0x00000007c0000000)
  eden space 830464K, 4% used [0x000000076ab00000,0x000000076ccc3b20,0x000000079d600000)
  from space 27648K, 0% used [0x000000079d600000,0x000000079d600000,0x000000079f100000)
  to   space 26112K, 0% used [0x00000007b8280000,0x00000007b8280000,0x00000007b9c00000)
 ParOldGen       total 341504K, used 25443K [0x00000006c0000000, 0x00000006d4d80000, 0x000000076ab00000)
  object space 341504K, 7% used [0x00000006c0000000,0x00000006c18d8c00,0x00000006d4d80000)
 Metaspace       used 34588K, capacity 35440K, committed 35632K, reserved 1079296K
  class space    used 4598K, capacity 4827K, committed 4912K, reserved 1048576K

Card table byte_map: [0x00000001085ae000,0x0000000108daf000] byte_map_base: 0x0000000104fae000

Marking Bits: (ParMarkBitMap*) 0x0000000107af76e0
 Begin Bits: [0x000000011f278000, 0x0000000123278000)
 End Bits:   [0x0000000123278000, 0x0000000127278000)

Polling page: 0x00000001061e7000

CodeCache: size=245760Kb used=20905Kb max_used=20918Kb free=224854Kb
 bounds [0x0000000110278000, 0x0000000111708000, 0x000000011f278000]
 total_blobs=6358 nmethods=5671 adapters=599
 compilation: enabled

Compilation events (10 events):
Event: 2335.960 Thread 0x00007fb94902a000 6845       4       java.awt.Container::processEvent (22 bytes)
Event: 2335.960 Thread 0x00007fb948000800 nmethod 6842 0x00000001116ca990 code [0x00000001116cabc0, 0x00000001116cb5b8]
Event: 2335.960 Thread 0x00007fb948000800 6843  s    3       sun.awt.im.InputContext::removeNotify (148 bytes)
Event: 2335.962 Thread 0x00007fb948000800 nmethod 6843 0x00000001116f9f90 code [0x00000001116fa3e0, 0x00000001116fd288]
Event: 2335.965 Thread 0x00007fb949028800 nmethod 6844 0x00000001116bf990 code [0x00000001116bfb20, 0x00000001116c00d8]
Event: 2335.966 Thread 0x00007fb94902a000 nmethod 6845 0x0000000111700710 code [0x0000000111700960, 0x0000000111701000]
Event: 2336.166 Thread 0x00007fb949029800 6846       4       java.lang.ref.Finalizer::register (10 bytes)
Event: 2336.167 Thread 0x00007fb949029800 nmethod 6846 0x00000001116fec10 code [0x00000001116fed80, 0x00000001116ff0f8]
Event: 2336.442 Thread 0x00007fb949028800 6847   !   4       java.util.regex.Pattern::matcher (44 bytes)
Event: 2336.446 Thread 0x00007fb949028800 nmethod 6847 0x00000001116cd890 code [0x00000001116cda00, 0x00000001116cde98]

GC Heap History (10 events):
Event: 6.836 GC heap before
{Heap before GC invocations=7 (full 1):
 PSYoungGen      total 254464K, used 245269K [0x000000076ab00000, 0x0000000789480000, 0x00000007c0000000)
  eden space 233472K, 100% used [0x000000076ab00000,0x0000000778f00000,0x0000000778f00000)
  from space 20992K, 56% used [0x0000000778f00000,0x0000000779a855e0,0x000000077a380000)
  to   space 28160K, 0% used [0x0000000787900000,0x0000000787900000,0x0000000789480000)
 ParOldGen       total 341504K, used 19769K [0x00000006c0000000, 0x00000006d4d80000, 0x000000076ab00000)
  object space 341504K, 5% used [0x00000006c0000000,0x00000006c134e620,0x00000006d4d80000)
 Metaspace       used 25093K, capacity 25803K, committed 25904K, reserved 1071104K
  class space    used 3644K, capacity 3809K, committed 3888K, reserved 1048576K
Event: 6.841 GC heap after
Heap after GC invocations=7 (full 1):
 PSYoungGen      total 473600K, used 11589K [0x000000076ab00000, 0x0000000789500000, 0x00000007c0000000)
  eden space 445440K, 0% used [0x000000076ab00000,0x000000076ab00000,0x0000000785e00000)
  from space 28160K, 41% used [0x0000000787900000,0x00000007884515d0,0x0000000789480000)
  to   space 27648K, 0% used [0x0000000785e00000,0x0000000785e00000,0x0000000787900000)
 ParOldGen       total 341504K, used 19769K [0x00000006c0000000, 0x00000006d4d80000, 0x000000076ab00000)
  object space 341504K, 5% used [0x00000006c0000000,0x00000006c134e620,0x00000006d4d80000)
 Metaspace       used 25093K, capacity 25803K, committed 25904K, reserved 1071104K
  class space    used 3644K, capacity 3809K, committed 3888K, reserved 1048576K
}
Event: 7.069 GC heap before
{Heap before GC invocations=8 (full 1):
 PSYoungGen      total 473600K, used 457029K [0x000000076ab00000, 0x0000000789500000, 0x00000007c0000000)
  eden space 445440K, 100% used [0x000000076ab00000,0x0000000785e00000,0x0000000785e00000)
  from space 28160K, 41% used [0x0000000787900000,0x00000007884515d0,0x0000000789480000)
  to   space 27648K, 0% used [0x0000000785e00000,0x0000000785e00000,0x0000000787900000)
 ParOldGen       total 341504K, used 19769K [0x00000006c0000000, 0x00000006d4d80000, 0x000000076ab00000)
  object space 341504K, 5% used [0x00000006c0000000,0x00000006c134e620,0x00000006d4d80000)
 Metaspace       used 25360K, capacity 26072K, committed 26160K, reserved 1071104K
  class space    used 3646K, capacity 3841K, committed 3888K, reserved 1048576K
Event: 7.075 GC heap after
Heap after GC invocations=8 (full 1):
 PSYoungGen      total 473088K, used 768K [0x000000076ab00000, 0x00000007a1c80000, 0x00000007c0000000)
  eden space 445440K, 0% used [0x000000076ab00000,0x000000076ab00000,0x0000000785e00000)
  from space 27648K, 2% used [0x0000000785e00000,0x0000000785ec0000,0x0000000787900000)
  to   space 29184K, 0% used [0x00000007a0000000,0x00000007a0000000,0x00000007a1c80000)
 ParOldGen       total 341504K, used 30812K [0x00000006c0000000, 0x00000006d4d80000, 0x000000076ab00000)
  object space 341504K, 9% used [0x00000006c0000000,0x00000006c1e17098,0x00000006d4d80000)
 Metaspace       used 25360K, capacity 26072K, committed 26160K, reserved 1071104K
  class space    used 3646K, capacity 3841K, committed 3888K, reserved 1048576K
}
Event: 2007.608 GC heap before
{Heap before GC invocations=9 (full 1):
 PSYoungGen      total 473088K, used 446208K [0x000000076ab00000, 0x00000007a1c80000, 0x00000007c0000000)
  eden space 445440K, 100% used [0x000000076ab00000,0x0000000785e00000,0x0000000785e00000)
  from space 27648K, 2% used [0x0000000785e00000,0x0000000785ec0000,0x0000000787900000)
  to   space 29184K, 0% used [0x00000007a0000000,0x00000007a0000000,0x00000007a1c80000)
 ParOldGen       total 341504K, used 30812K [0x00000006c0000000, 0x00000006d4d80000, 0x000000076ab00000)
  object space 341504K, 9% used [0x00000006c0000000,0x00000006c1e17098,0x00000006d4d80000)
 Metaspace       used 33635K, capacity 34394K, committed 34736K, reserved 1079296K
  class space    used 4474K, capacity 4688K, committed 4784K, reserved 1048576K
Event: 2007.620 GC heap after
Heap after GC invocations=9 (full 1):
 PSYoungGen      total 842752K, used 11520K [0x000000076ab00000, 0x00000007a0c00000, 0x00000007c0000000)
  eden space 830464K, 0% used [0x000000076ab00000,0x000000076ab00000,0x000000079d600000)
  from space 12288K, 93% used [0x00000007a0000000,0x00000007a0b401b0,0x00000007a0c00000)
  to   space 27648K, 0% used [0x000000079d600000,0x000000079d600000,0x000000079f100000)
 ParOldGen       total 341504K, used 30836K [0x00000006c0000000, 0x00000006d4d80000, 0x000000076ab00000)
  object space 341504K, 9% used [0x00000006c0000000,0x00000006c1e1d098,0x00000006d4d80000)
 Metaspace       used 33635K, capacity 34394K, committed 34736K, reserved 1079296K
  class space    used 4474K, capacity 4688K, committed 4784K, reserved 1048576K
}
Event: 2336.518 GC heap before
{Heap before GC invocations=10 (full 1):
 PSYoungGen      total 842752K, used 212000K [0x000000076ab00000, 0x00000007a0c00000, 0x00000007c0000000)
  eden space 830464K, 24% used [0x000000076ab00000,0x0000000776ec7e50,0x000000079d600000)
  from space 12288K, 93% used [0x00000007a0000000,0x00000007a0b401b0,0x00000007a0c00000)
  to   space 27648K, 0% used [0x000000079d600000,0x000000079d600000,0x000000079f100000)
 ParOldGen       total 341504K, used 30836K [0x00000006c0000000, 0x00000006d4d80000, 0x000000076ab00000)
  object space 341504K, 9% used [0x00000006c0000000,0x00000006c1e1d098,0x00000006d4d80000)
 Metaspace       used 34566K, capacity 35376K, committed 35496K, reserved 1079296K
  class space    used 4595K, capacity 4827K, committed 4912K, reserved 1048576K
Event: 2336.526 GC heap after
Heap after GC invocations=10 (full 1):
 PSYoungGen      total 858112K, used 13361K [0x000000076ab00000, 0x00000007b9c00000, 0x00000007c0000000)
  eden space 830464K, 0% used [0x000000076ab00000,0x000000076ab00000,0x000000079d600000)
  from space 27648K, 48% used [0x000000079d600000,0x000000079e30c438,0x000000079f100000)
  to   space 26112K, 0% used [0x00000007b8280000,0x00000007b8280000,0x00000007b9c00000)
 ParOldGen       total 341504K, used 30852K [0x00000006c0000000, 0x00000006d4d80000, 0x000000076ab00000)
  object space 341504K, 9% used [0x00000006c0000000,0x00000006c1e21098,0x00000006d4d80000)
 Metaspace       used 34566K, capacity 35376K, committed 35496K, reserved 1079296K
  class space    used 4595K, capacity 4827K, committed 4912K, reserved 1048576K
}
Event: 2336.526 GC heap before
{Heap before GC invocations=11 (full 2):
 PSYoungGen      total 858112K, used 13361K [0x000000076ab00000, 0x00000007b9c00000, 0x00000007c0000000)
  eden space 830464K, 0% used [0x000000076ab00000,0x000000076ab00000,0x000000079d600000)
  from space 27648K, 48% used [0x000000079d600000,0x000000079e30c438,0x000000079f100000)
  to   space 26112K, 0% used [0x00000007b8280000,0x00000007b8280000,0x00000007b9c00000)
 ParOldGen       total 341504K, used 30852K [0x00000006c0000000, 0x00000006d4d80000, 0x000000076ab00000)
  object space 341504K, 9% used [0x00000006c0000000,0x00000006c1e21098,0x00000006d4d80000)
 Metaspace       used 34566K, capacity 35376K, committed 35496K, reserved 1079296K
  class space    used 4595K, capacity 4827K, committed 4912K, reserved 1048576K
Event: 2336.569 GC heap after
Heap after GC invocations=11 (full 2):
 PSYoungGen      total 858112K, used 0K [0x000000076ab00000, 0x00000007b9c00000, 0x00000007c0000000)
  eden space 830464K, 0% used [0x000000076ab00000,0x000000076ab00000,0x000000079d600000)
  from space 27648K, 0% used [0x000000079d600000,0x000000079d600000,0x000000079f100000)
  to   space 26112K, 0% used [0x00000007b8280000,0x00000007b8280000,0x00000007b9c00000)
 ParOldGen       total 341504K, used 25443K [0x00000006c0000000, 0x00000006d4d80000, 0x000000076ab00000)
  object space 341504K, 7% used [0x00000006c0000000,0x00000006c18d8c00,0x00000006d4d80000)
 Metaspace       used 34566K, capacity 35376K, committed 35496K, reserved 1079296K
  class space    used 4595K, capacity 4827K, committed 4912K, reserved 1048576K
}

Deoptimization events (10 events):
Event: 2334.490 Thread 0x00007fb94623c800 Uncommon trap: reason=speculate_class_check action=maybe_recompile pc=0x0000000110b383a8 method=java.awt.LightweightDispatcher.retargetMouseEvent(Ljava/awt/Component;ILjava/awt/event/MouseEvent;)V @ 70
Event: 2334.498 Thread 0x00007fb94623c800 Uncommon trap: reason=class_check action=maybe_recompile pc=0x0000000110cd0080 method=java.awt.EventQueue.coalesceEvent(Ljava/awt/AWTEvent;I)Z @ 77
Event: 2334.498 Thread 0x00007fb94623c800 Uncommon trap: reason=class_check action=maybe_recompile pc=0x0000000111618478 method=java.awt.LightweightDispatcher.dispatchEvent(Ljava/awt/AWTEvent;)Z @ 44
Event: 2334.498 Thread 0x00007fb94623c800 Uncommon trap: reason=speculate_class_check action=maybe_recompile pc=0x0000000110b383a8 method=java.awt.LightweightDispatcher.retargetMouseEvent(Ljava/awt/Component;ILjava/awt/event/MouseEvent;)V @ 70
Event: 2334.506 Thread 0x00007fb94623c800 Uncommon trap: reason=class_check action=maybe_recompile pc=0x0000000110cd0080 method=java.awt.EventQueue.coalesceEvent(Ljava/awt/AWTEvent;I)Z @ 77
Event: 2334.506 Thread 0x00007fb94623c800 Uncommon trap: reason=class_check action=maybe_recompile pc=0x0000000111618478 method=java.awt.LightweightDispatcher.dispatchEvent(Ljava/awt/AWTEvent;)Z @ 44
Event: 2334.506 Thread 0x00007fb94623c800 Uncommon trap: reason=speculate_class_check action=maybe_recompile pc=0x0000000110b383a8 method=java.awt.LightweightDispatcher.retargetMouseEvent(Ljava/awt/Component;ILjava/awt/event/MouseEvent;)V @ 70
Event: 2334.506 Thread 0x00007fb94623c800 Uncommon trap: reason=class_check action=maybe_recompile pc=0x0000000110a6e6ac method=java.awt.LightweightDispatcher.dispatchEvent(Ljava/awt/AWTEvent;)Z @ 44
Event: 2335.958 Thread 0x00007fb94623c800 Uncommon trap: reason=unstable_if action=reinterpret pc=0x00000001116787b4 method=java.awt.Container.findComponentAt(IIZ)Ljava/awt/Component; @ 12
Event: 2335.959 Thread 0x00007fb94623c800 Uncommon trap: reason=unstable_if action=reinterpret pc=0x00000001116122fc method=javax.swing.ArrayTable.size()I @ 4

Classes redefined (0 events):
No events

Internal exceptions (10 events):
Event: 6.596 Thread 0x00007fb949023000 Exception <a 'java/lang/NullPointerException'> (0x000000076acd8420) thrown at [/Users/java_re/workspace/8-2-build-macosx-x86_64/jdk8u171/10807/hotspot/src/share/vm/interpreter/linkResolver.cpp, line 1185]
Event: 6.597 Thread 0x00007fb949023000 Exception <a 'java/lang/NullPointerException'> (0x000000076acd8628) thrown at [/Users/java_re/workspace/8-2-build-macosx-x86_64/jdk8u171/10807/hotspot/src/share/vm/interpreter/linkResolver.cpp, line 1185]
Event: 6.597 Thread 0x00007fb949023000 Exception <a 'java/lang/NullPointerException'> (0x000000076acd8830) thrown at [/Users/java_re/workspace/8-2-build-macosx-x86_64/jdk8u171/10807/hotspot/src/share/vm/interpreter/linkResolver.cpp, line 1185]
Event: 6.597 Thread 0x00007fb949023000 Exception <a 'java/lang/NullPointerException'> (0x000000076acd8a38) thrown at [/Users/java_re/workspace/8-2-build-macosx-x86_64/jdk8u171/10807/hotspot/src/share/vm/interpreter/linkResolver.cpp, line 1185]
Event: 7.109 Thread 0x00007fb94623c800 Exception <a 'java/lang/ClassNotFoundException': com/sun/tools/javac/api/JavacTool> (0x000000076dcb52d0) thrown at [/Users/java_re/workspace/8-2-build-macosx-x86_64/jdk8u171/10807/hotspot/src/share/vm/classfile/systemDictionary.cpp, line 210]
Event: 7.415 Thread 0x00007fb94623c800 Exception <a 'java/io/FileNotFoundException'> (0x0000000770b17328) thrown at [/Users/java_re/workspace/8-2-build-macosx-x86_64/jdk8u171/10807/hotspot/src/share/vm/prims/jni.cpp, line 709]
Event: 7.417 Thread 0x00007fb94623c800 Exception <a 'java/io/FileNotFoundException'> (0x0000000770b55e00) thrown at [/Users/java_re/workspace/8-2-build-macosx-x86_64/jdk8u171/10807/hotspot/src/share/vm/prims/jni.cpp, line 709]
Event: 1705.908 Thread 0x00007fb94623c800 Implicit null exception at 0x00000001103e99ad to 0x00000001103ea955
Event: 2333.800 Thread 0x00007fb94623c800 Implicit null exception at 0x00000001115ece09 to 0x00000001115ed059
Event: 2335.959 Thread 0x00007fb94623c800 Implicit null exception at 0x00000001116120d0 to 0x00000001116122e9

Events (10 events):
Event: 2336.572 Executing VM operation: BulkRevokeBias
Event: 2336.572 Executing VM operation: BulkRevokeBias done
Event: 2336.572 Executing VM operation: RevokeBias
Event: 2336.572 Executing VM operation: RevokeBias done
Event: 2336.572 Executing VM operation: RevokeBias
Event: 2336.572 Executing VM operation: RevokeBias done
Event: 2336.572 Executing VM operation: RevokeBias
Event: 2336.573 Executing VM operation: RevokeBias done
Event: 2336.573 Executing VM operation: RevokeBias
Event: 2336.573 Executing VM operation: RevokeBias done


Dynamic libraries:
0x0000000014b8e000 	/System/Library/Frameworks/Cocoa.framework/Versions/A/Cocoa
0x0000000014b8e000 	/System/Library/Frameworks/Security.framework/Versions/A/Security
0x0000000014b8e000 	/System/Library/Frameworks/ApplicationServices.framework/Versions/A/ApplicationServices
0x0000000014b8e000 	/usr/lib/libz.1.dylib
0x0000000014b8e000 	/usr/lib/libSystem.B.dylib
0x0000000014b8e000 	/usr/lib/libobjc.A.dylib
0x0000000014b8e000 	/System/Library/Frameworks/CoreFoundation.framework/Versions/A/CoreFoundation
0x0000000014b8e000 	/System/Library/Frameworks/Foundation.framework/Versions/C/Foundation
0x0000000014b8e000 	/System/Library/Frameworks/AppKit.framework/Versions/C/AppKit
0x0000000014b8e000 	/System/Library/Frameworks/CoreData.framework/Versions/A/CoreData
0x0000000014b8e000 	/System/Library/PrivateFrameworks/RemoteViewServices.framework/Versions/A/RemoteViewServices
0x0000000014b8e000 	/System/Library/PrivateFrameworks/UIFoundation.framework/Versions/A/UIFoundation
0x0000000014b8e000 	/System/Library/PrivateFrameworks/XCTTargetBootstrap.framework/Versions/A/XCTTargetBootstrap
0x0000000014b8e000 	/System/Library/PrivateFrameworks/IconServices.framework/Versions/A/IconServices
0x0000000014b8e000 	/System/Library/Frameworks/Metal.framework/Versions/A/Metal
0x0000000014b8e000 	/System/Library/PrivateFrameworks/DesktopServicesPriv.framework/Versions/A/DesktopServicesPriv
0x0000000014b8e000 	/usr/lib/libenergytrace.dylib
0x0000000014b8e000 	/System/Library/PrivateFrameworks/SkyLight.framework/Versions/A/SkyLight
0x0000000014b8e000 	/System/Library/Frameworks/CoreGraphics.framework/Versions/A/CoreGraphics
0x0000000014b8e000 	/System/Library/Frameworks/Accelerate.framework/Versions/A/Accelerate
0x0000000014b8e000 	/System/Library/Frameworks/IOSurface.framework/Versions/A/IOSurface
0x0000000014b8e000 	/System/Library/PrivateFrameworks/DFRFoundation.framework/Versions/A/DFRFoundation
0x0000000014b8e000 	/System/Library/Frameworks/AudioToolbox.framework/Versions/A/AudioToolbox
0x0000000014b8e000 	/System/Library/Frameworks/AudioUnit.framework/Versions/A/AudioUnit
0x0000000014b8e000 	/System/Library/PrivateFrameworks/DataDetectorsCore.framework/Versions/A/DataDetectorsCore
0x0000000014b8e000 	/System/Library/Frameworks/Carbon.framework/Versions/A/Frameworks/HIToolbox.framework/Versions/A/HIToolbox
0x0000000014b8e000 	/usr/lib/libicucore.A.dylib
0x0000000014b8e000 	/System/Library/Frameworks/QuartzCore.framework/Versions/A/QuartzCore
0x0000000014b8e000 	/System/Library/Frameworks/Carbon.framework/Versions/A/Frameworks/SpeechRecognition.framework/Versions/A/SpeechRecognition
0x0000000014b8e000 	/usr/lib/libauto.dylib
0x0000000014b8e000 	/usr/lib/libxml2.2.dylib
0x0000000014b8e000 	/System/Library/PrivateFrameworks/CoreUI.framework/Versions/A/CoreUI
0x0000000014b8e000 	/System/Library/Frameworks/CoreAudio.framework/Versions/A/CoreAudio
0x0000000014b8e000 	/System/Library/Frameworks/DiskArbitration.framework/Versions/A/DiskArbitration
0x0000000014b8e000 	/usr/lib/liblangid.dylib
0x0000000014b8e000 	/System/Library/PrivateFrameworks/MultitouchSupport.framework/Versions/A/MultitouchSupport
0x0000000014b8e000 	/System/Library/Frameworks/IOKit.framework/Versions/A/IOKit
0x0000000014b8e000 	/usr/lib/libDiagnosticMessagesClient.dylib
0x0000000014b8e000 	/System/Library/Frameworks/CoreServices.framework/Versions/A/CoreServices
0x0000000014b8e000 	/System/Library/PrivateFrameworks/PerformanceAnalysis.framework/Versions/A/PerformanceAnalysis
0x0000000014b8e000 	/System/Library/Frameworks/OpenGL.framework/Versions/A/OpenGL
0x0000000014b8e000 	/System/Library/Frameworks/ColorSync.framework/Versions/A/ColorSync
0x0000000014b8e000 	/System/Library/Frameworks/CoreImage.framework/Versions/A/CoreImage
0x0000000014b8e000 	/System/Library/Frameworks/CoreText.framework/Versions/A/CoreText
0x0000000014b8e000 	/System/Library/Frameworks/ImageIO.framework/Versions/A/ImageIO
0x0000000014b8e000 	/System/Library/PrivateFrameworks/Backup.framework/Versions/A/Backup
0x0000000014b8e000 	/usr/lib/libarchive.2.dylib
0x0000000014b8e000 	/System/Library/Frameworks/CFNetwork.framework/Versions/A/CFNetwork
0x0000000014b8e000 	/System/Library/Frameworks/SystemConfiguration.framework/Versions/A/SystemConfiguration
0x0000000014b8e000 	/usr/lib/libCRFSuite.dylib
0x0000000014b8e000 	/usr/lib/libc++.1.dylib
0x0000000014b8e000 	/usr/lib/libc++abi.dylib
0x0000000014b8e000 	/usr/lib/system/libcache.dylib
0x0000000014b8e000 	/usr/lib/system/libcommonCrypto.dylib
0x0000000014b8e000 	/usr/lib/system/libcompiler_rt.dylib
0x0000000014b8e000 	/usr/lib/system/libcopyfile.dylib
0x0000000014b8e000 	/usr/lib/system/libcorecrypto.dylib
0x0000000014b8e000 	/usr/lib/system/libdispatch.dylib
0x0000000014b8e000 	/usr/lib/system/libdyld.dylib
0x0000000014b8e000 	/usr/lib/system/libkeymgr.dylib
0x0000000014b8e000 	/usr/lib/system/liblaunch.dylib
0x0000000014b8e000 	/usr/lib/system/libmacho.dylib
0x0000000014b8e000 	/usr/lib/system/libquarantine.dylib
0x0000000014b8e000 	/usr/lib/system/libremovefile.dylib
0x0000000014b8e000 	/usr/lib/system/libsystem_asl.dylib
0x0000000014b8e000 	/usr/lib/system/libsystem_blocks.dylib
0x0000000014b8e000 	/usr/lib/system/libsystem_c.dylib
0x0000000014b8e000 	/usr/lib/system/libsystem_configuration.dylib
0x0000000014b8e000 	/usr/lib/system/libsystem_coreservices.dylib
0x0000000014b8e000 	/usr/lib/system/libsystem_darwin.dylib
0x0000000014b8e000 	/usr/lib/system/libsystem_dnssd.dylib
0x0000000014b8e000 	/usr/lib/system/libsystem_info.dylib
0x0000000014b8e000 	/usr/lib/system/libsystem_m.dylib
0x0000000014b8e000 	/usr/lib/system/libsystem_malloc.dylib
0x0000000014b8e000 	/usr/lib/system/libsystem_networkextension.dylib
0x0000000014b8e000 	/usr/lib/system/libsystem_notify.dylib
0x0000000014b8e000 	/usr/lib/system/libsystem_sandbox.dylib
0x0000000014b8e000 	/usr/lib/system/libsystem_secinit.dylib
0x0000000014b8e000 	/usr/lib/system/libsystem_kernel.dylib
0x0000000014b8e000 	/usr/lib/system/libsystem_platform.dylib
0x0000000014b8e000 	/usr/lib/system/libsystem_pthread.dylib
0x0000000014b8e000 	/usr/lib/system/libsystem_symptoms.dylib
0x0000000014b8e000 	/usr/lib/system/libsystem_trace.dylib
0x0000000014b8e000 	/usr/lib/system/libunwind.dylib
0x0000000014b8e000 	/usr/lib/system/libxpc.dylib
0x0000000014b8e000 	/usr/lib/libbsm.0.dylib
0x0000000014b8e000 	/usr/lib/system/libkxld.dylib
0x0000000014b8e000 	/System/Library/PrivateFrameworks/AppleFSCompression.framework/Versions/A/AppleFSCompression
0x0000000014b8e000 	/usr/lib/libOpenScriptingUtil.dylib
0x0000000014b8e000 	/usr/lib/libcoretls.dylib
0x0000000014b8e000 	/usr/lib/libcoretls_cfhelpers.dylib
0x0000000014b8e000 	/usr/lib/libpam.2.dylib
0x0000000014b8e000 	/usr/lib/libsqlite3.dylib
0x0000000014b8e000 	/usr/lib/libxar.1.dylib
0x0000000014b8e000 	/usr/lib/libbz2.1.0.dylib
0x0000000014b8e000 	/usr/lib/liblzma.5.dylib
0x0000000014b8e000 	/usr/lib/libnetwork.dylib
0x0000000014b8e000 	/usr/lib/libapple_nghttp2.dylib
0x0000000014b8e000 	/usr/lib/libpcap.A.dylib
0x0000000014b8e000 	/System/Library/Frameworks/CoreServices.framework/Versions/A/Frameworks/FSEvents.framework/Versions/A/FSEvents
0x0000000014b8e000 	/System/Library/Frameworks/CoreServices.framework/Versions/A/Frameworks/CarbonCore.framework/Versions/A/CarbonCore
0x0000000014b8e000 	/System/Library/Frameworks/CoreServices.framework/Versions/A/Frameworks/Metadata.framework/Versions/A/Metadata
0x0000000014b8e000 	/System/Library/Frameworks/CoreServices.framework/Versions/A/Frameworks/OSServices.framework/Versions/A/OSServices
0x0000000014b8e000 	/System/Library/Frameworks/CoreServices.framework/Versions/A/Frameworks/SearchKit.framework/Versions/A/SearchKit
0x0000000014b8e000 	/System/Library/Frameworks/CoreServices.framework/Versions/A/Frameworks/AE.framework/Versions/A/AE
0x0000000014b8e000 	/System/Library/Frameworks/CoreServices.framework/Versions/A/Frameworks/LaunchServices.framework/Versions/A/LaunchServices
0x0000000014b8e000 	/System/Library/Frameworks/CoreServices.framework/Versions/A/Frameworks/DictionaryServices.framework/Versions/A/DictionaryServices
0x0000000014b8e000 	/System/Library/Frameworks/CoreServices.framework/Versions/A/Frameworks/SharedFileList.framework/Versions/A/SharedFileList
0x0000000014b8e000 	/System/Library/Frameworks/NetFS.framework/Versions/A/NetFS
0x0000000014b8e000 	/System/Library/PrivateFrameworks/NetAuth.framework/Versions/A/NetAuth
0x0000000014b8e000 	/System/Library/PrivateFrameworks/login.framework/Versions/A/Frameworks/loginsupport.framework/Versions/A/loginsupport
0x0000000014b8e000 	/System/Library/PrivateFrameworks/TCC.framework/Versions/A/TCC
0x0000000014b8e000 	/System/Library/PrivateFrameworks/CoreNLP.framework/Versions/A/CoreNLP
0x0000000014b8e000 	/System/Library/PrivateFrameworks/MetadataUtilities.framework/Versions/A/MetadataUtilities
0x0000000014b8e000 	/usr/lib/libmecabra.dylib
0x0000000014b8e000 	/System/Library/Frameworks/ApplicationServices.framework/Versions/A/Frameworks/ATS.framework/Versions/A/ATS
0x0000000014b8e000 	/System/Library/Frameworks/ApplicationServices.framework/Versions/A/Frameworks/ColorSyncLegacy.framework/Versions/A/ColorSyncLegacy
0x0000000014b8e000 	/System/Library/Frameworks/ApplicationServices.framework/Versions/A/Frameworks/HIServices.framework/Versions/A/HIServices
0x0000000014b8e000 	/System/Library/Frameworks/ApplicationServices.framework/Versions/A/Frameworks/LangAnalysis.framework/Versions/A/LangAnalysis
0x0000000014b8e000 	/System/Library/Frameworks/ApplicationServices.framework/Versions/A/Frameworks/PrintCore.framework/Versions/A/PrintCore
0x0000000014b8e000 	/System/Library/Frameworks/ApplicationServices.framework/Versions/A/Frameworks/QD.framework/Versions/A/QD
0x0000000014b8e000 	/System/Library/Frameworks/ApplicationServices.framework/Versions/A/Frameworks/SpeechSynthesis.framework/Versions/A/SpeechSynthesis
0x0000000014b8e000 	/usr/lib/libcompression.dylib
0x0000000014b8e000 	/System/Library/Frameworks/CoreDisplay.framework/Versions/A/CoreDisplay
0x0000000014b8e000 	/System/Library/Frameworks/MetalPerformanceShaders.framework/Versions/A/MetalPerformanceShaders
0x0000000014b8e000 	/System/Library/Frameworks/Accelerate.framework/Versions/A/Frameworks/vImage.framework/Versions/A/vImage
0x0000000014b8e000 	/System/Library/Frameworks/Accelerate.framework/Versions/A/Frameworks/vecLib.framework/Versions/A/vecLib
0x0000000014b8e000 	/System/Library/Frameworks/Accelerate.framework/Versions/A/Frameworks/vecLib.framework/Versions/A/libvMisc.dylib
0x0000000014b8e000 	/System/Library/Frameworks/Accelerate.framework/Versions/A/Frameworks/vecLib.framework/Versions/A/libvDSP.dylib
0x0000000014b8e000 	/System/Library/Frameworks/Accelerate.framework/Versions/A/Frameworks/vecLib.framework/Versions/A/libBLAS.dylib
0x0000000014b8e000 	/System/Library/Frameworks/Accelerate.framework/Versions/A/Frameworks/vecLib.framework/Versions/A/libLAPACK.dylib
0x0000000014b8e000 	/System/Library/Frameworks/Accelerate.framework/Versions/A/Frameworks/vecLib.framework/Versions/A/libLinearAlgebra.dylib
0x0000000014b8e000 	/System/Library/Frameworks/Accelerate.framework/Versions/A/Frameworks/vecLib.framework/Versions/A/libSparseBLAS.dylib
0x0000000014b8e000 	/System/Library/Frameworks/Accelerate.framework/Versions/A/Frameworks/vecLib.framework/Versions/A/libQuadrature.dylib
0x0000000014b8e000 	/System/Library/Frameworks/Accelerate.framework/Versions/A/Frameworks/vecLib.framework/Versions/A/libBNNS.dylib
0x0000000014b8e000 	/System/Library/Frameworks/Accelerate.framework/Versions/A/Frameworks/vecLib.framework/Versions/A/libSparse.dylib
0x0000000014b8e000 	/System/Library/PrivateFrameworks/GPUWrangler.framework/Versions/A/GPUWrangler
0x0000000014b8e000 	/System/Library/PrivateFrameworks/IOAccelerator.framework/Versions/A/IOAccelerator
0x0000000014b8e000 	/System/Library/PrivateFrameworks/IOPresentment.framework/Versions/A/IOPresentment
0x0000000014b8e000 	/System/Library/PrivateFrameworks/DSExternalDisplay.framework/Versions/A/DSExternalDisplay
0x0000000014b8e000 	/System/Library/Frameworks/OpenGL.framework/Versions/A/Libraries/libCoreFSCache.dylib
0x0000000014b8e000 	/System/Library/Frameworks/MetalPerformanceShaders.framework/Frameworks/MPSCore.framework/Versions/A/MPSCore
0x0000000014b8e000 	/System/Library/Frameworks/MetalPerformanceShaders.framework/Frameworks/MPSImage.framework/Versions/A/MPSImage
0x0000000014b8e000 	/System/Library/Frameworks/MetalPerformanceShaders.framework/Frameworks/MPSNeuralNetwork.framework/Versions/A/MPSNeuralNetwork
0x0000000014b8e000 	/System/Library/Frameworks/MetalPerformanceShaders.framework/Frameworks/MPSMatrix.framework/Versions/A/MPSMatrix
0x0000000014b8e000 	/System/Library/Frameworks/MetalPerformanceShaders.framework/Frameworks/MPSRayIntersector.framework/Versions/A/MPSRayIntersector
0x0000000014b8e000 	/System/Library/PrivateFrameworks/MetalTools.framework/Versions/A/MetalTools
0x0000000014b8e000 	/System/Library/PrivateFrameworks/AggregateDictionary.framework/Versions/A/AggregateDictionary
0x0000000014b8e000 	/usr/lib/libMobileGestalt.dylib
0x0000000014b8e000 	/System/Library/Frameworks/CoreVideo.framework/Versions/A/CoreVideo
0x0000000014b8e000 	/System/Library/PrivateFrameworks/GraphVisualizer.framework/Versions/A/GraphVisualizer
0x0000000014b8e000 	/System/Library/PrivateFrameworks/FaceCore.framework/Versions/A/FaceCore
0x0000000014b8e000 	/System/Library/Frameworks/OpenCL.framework/Versions/A/OpenCL
0x0000000014b8e000 	/usr/lib/libFosl_dynamic.dylib
0x0000000014b8e000 	/System/Library/PrivateFrameworks/OTSVG.framework/Versions/A/OTSVG
0x0000000014b8e000 	/System/Library/Frameworks/ApplicationServices.framework/Versions/A/Frameworks/ATS.framework/Versions/A/Resources/libFontParser.dylib
0x0000000014b8e000 	/System/Library/Frameworks/ApplicationServices.framework/Versions/A/Frameworks/ATS.framework/Versions/A/Resources/libFontRegistry.dylib
0x0000000014b8e000 	/System/Library/Frameworks/ImageIO.framework/Versions/A/Resources/libJPEG.dylib
0x0000000014b8e000 	/System/Library/Frameworks/ImageIO.framework/Versions/A/Resources/libTIFF.dylib
0x0000000014b8e000 	/System/Library/Frameworks/ImageIO.framework/Versions/A/Resources/libPng.dylib
0x0000000014b8e000 	/System/Library/Frameworks/ImageIO.framework/Versions/A/Resources/libGIF.dylib
0x0000000014b8e000 	/System/Library/Frameworks/ImageIO.framework/Versions/A/Resources/libJP2.dylib
0x0000000014b8e000 	/System/Library/Frameworks/ImageIO.framework/Versions/A/Resources/libRadiance.dylib
0x0000000014b8e000 	/System/Library/PrivateFrameworks/AppleJPEG.framework/Versions/A/AppleJPEG
0x0000000014b8e000 	/System/Library/Frameworks/OpenGL.framework/Versions/A/Libraries/libGFXShared.dylib
0x0000000014b8e000 	/System/Library/Frameworks/OpenGL.framework/Versions/A/Libraries/libGLU.dylib
0x0000000014b8e000 	/System/Library/Frameworks/OpenGL.framework/Versions/A/Libraries/libGL.dylib
0x0000000014b8e000 	/System/Library/Frameworks/OpenGL.framework/Versions/A/Libraries/libGLImage.dylib
0x0000000014b8e000 	/System/Library/Frameworks/OpenGL.framework/Versions/A/Libraries/libCVMSPluginSupport.dylib
0x0000000014b8e000 	/System/Library/Frameworks/OpenGL.framework/Versions/A/Libraries/libCoreVMClient.dylib
0x0000000014b8e000 	/usr/lib/libcups.2.dylib
0x0000000014b8e000 	/System/Library/Frameworks/Kerberos.framework/Versions/A/Kerberos
0x0000000014b8e000 	/System/Library/Frameworks/GSS.framework/Versions/A/GSS
0x0000000014b8e000 	/usr/lib/libresolv.9.dylib
0x0000000014b8e000 	/usr/lib/libiconv.2.dylib
0x0000000014b8e000 	/System/Library/PrivateFrameworks/Heimdal.framework/Versions/A/Heimdal
0x0000000014b8e000 	/usr/lib/libheimdal-asn1.dylib
0x0000000014b8e000 	/System/Library/Frameworks/OpenDirectory.framework/Versions/A/OpenDirectory
0x0000000014b8e000 	/System/Library/PrivateFrameworks/CommonAuth.framework/Versions/A/CommonAuth
0x0000000014b8e000 	/System/Library/Frameworks/OpenDirectory.framework/Versions/A/Frameworks/CFOpenDirectory.framework/Versions/A/CFOpenDirectory
0x0000000014b8e000 	/System/Library/Frameworks/SecurityFoundation.framework/Versions/A/SecurityFoundation
0x0000000014b8e000 	/System/Library/PrivateFrameworks/APFS.framework/Versions/A/APFS
0x0000000014b8e000 	/usr/lib/libutil.dylib
0x0000000014b8e000 	/usr/lib/libcharset.1.dylib
0x0000000014b8e000 	/System/Library/PrivateFrameworks/AppleSauce.framework/Versions/A/AppleSauce
0x0000000014b8e000 	/System/Library/PrivateFrameworks/AssertionServices.framework/Versions/A/AssertionServices
0x0000000014b8e000 	/System/Library/PrivateFrameworks/BaseBoard.framework/Versions/A/BaseBoard
0x0000000014b8e000 	/usr/lib/libmecab.1.0.0.dylib
0x0000000014b8e000 	/usr/lib/libgermantok.dylib
0x0000000014b8e000 	/usr/lib/libThaiTokenizer.dylib
0x0000000014b8e000 	/usr/lib/libChineseTokenizer.dylib
0x0000000014b8e000 	/System/Library/PrivateFrameworks/LanguageModeling.framework/Versions/A/LanguageModeling
0x0000000014b8e000 	/System/Library/PrivateFrameworks/CoreEmoji.framework/Versions/A/CoreEmoji
0x0000000014b8e000 	/System/Library/PrivateFrameworks/Lexicon.framework/Versions/A/Lexicon
0x0000000014b8e000 	/System/Library/PrivateFrameworks/LinguisticData.framework/Versions/A/LinguisticData
0x0000000014b8e000 	/usr/lib/libcmph.dylib
0x0000000014b8e000 	/System/Library/Frameworks/ServiceManagement.framework/Versions/A/ServiceManagement
0x0000000014b8e000 	/System/Library/PrivateFrameworks/BackgroundTaskManagement.framework/Versions/A/BackgroundTaskManagement
0x0000000014b8e000 	/usr/lib/libxslt.1.dylib
0x0000000014b8e000 	/System/Library/Frameworks/Carbon.framework/Versions/A/Frameworks/Ink.framework/Versions/A/Ink
0x0000000014b8e000 	/System/Library/PrivateFrameworks/TextureIO.framework/Versions/A/TextureIO
0x0000000014b8e000 	/usr/lib/libate.dylib
0x0000000014b8e000 	/System/Library/PrivateFrameworks/CrashReporterSupport.framework/Versions/A/CrashReporterSupport
0x0000000014b8e000 	/System/Library/PrivateFrameworks/Sharing.framework/Versions/A/Sharing
0x0000000014b8e000 	/System/Library/PrivateFrameworks/AuthKit.framework/Versions/A/AuthKit
0x0000000014b8e000 	/System/Library/PrivateFrameworks/Apple80211.framework/Versions/A/Apple80211
0x0000000014b8e000 	/System/Library/PrivateFrameworks/CoreUtils.framework/Versions/A/CoreUtils
0x0000000014b8e000 	/System/Library/Frameworks/CoreWLAN.framework/Versions/A/CoreWLAN
0x0000000014b8e000 	/System/Library/Frameworks/IOBluetooth.framework/Versions/A/IOBluetooth
0x0000000014b8e000 	/System/Library/PrivateFrameworks/ProtocolBuffer.framework/Versions/A/ProtocolBuffer
0x0000000014b8e000 	/System/Library/PrivateFrameworks/MobileKeyBag.framework/Versions/A/MobileKeyBag
0x0000000014b8e000 	/System/Library/PrivateFrameworks/CorePhoneNumbers.framework/Versions/A/CorePhoneNumbers
0x0000000014b8e000 	/System/Library/PrivateFrameworks/AppleIDAuthSupport.framework/Versions/A/AppleIDAuthSupport
0x0000000014b8e000 	/System/Library/PrivateFrameworks/KeychainCircle.framework/Versions/A/KeychainCircle
0x0000000014b8e000 	/System/Library/PrivateFrameworks/ROCKit.framework/Versions/A/ROCKit
0x0000000014b8e000 	/System/Library/PrivateFrameworks/CoreWiFi.framework/Versions/A/CoreWiFi
0x0000000014b8e000 	/System/Library/Frameworks/CoreBluetooth.framework/Versions/A/CoreBluetooth
0x0000000014b8e000 	/System/Library/PrivateFrameworks/DebugSymbols.framework/Versions/A/DebugSymbols
0x0000000014b8e000 	/System/Library/PrivateFrameworks/CoreSymbolication.framework/Versions/A/CoreSymbolication
0x0000000014b8e000 	/System/Library/PrivateFrameworks/Symbolication.framework/Versions/A/Symbolication
0x0000000014b8e000 	/System/Library/PrivateFrameworks/SpeechRecognitionCore.framework/Versions/A/SpeechRecognitionCore
0x0000000107200000 	/Library/Java/JavaVirtualMachines/jdk1.8.0_171.jdk/Contents/Home/jre/lib/server/libjvm.dylib
0x0000000014b8e000 	/usr/lib/libstdc++.6.dylib
0x00000001061a3000 	/Library/Java/JavaVirtualMachines/jdk1.8.0_171.jdk/Contents/Home/jre/lib/libverify.dylib
0x00000001061b1000 	/Library/Java/JavaVirtualMachines/jdk1.8.0_171.jdk/Contents/Home/jre/lib/libjava.dylib
0x00000001061f1000 	/Library/Java/JavaVirtualMachines/jdk1.8.0_171.jdk/Contents/Home/jre/lib/libzip.dylib
0x000000010c5c3000 	/Library/Java/JavaVirtualMachines/jdk1.8.0_171.jdk/Contents/Home/jre/lib/libawt.dylib
0x000000010c66d000 	/Library/Java/JavaVirtualMachines/jdk1.8.0_171.jdk/Contents/Home/jre/lib/./libmlib_image.dylib
0x0000000014b8e000 	/System/Library/Frameworks/JavaVM.framework/Versions/A/Frameworks/JavaNativeFoundation.framework/Versions/A/JavaNativeFoundation
0x0000000014b8e000 	/System/Library/Frameworks/JavaVM.framework/Versions/A/Frameworks/JavaRuntimeSupport.framework/Versions/A/JavaRuntimeSupport
0x0000000014b8e000 	/System/Library/Frameworks/JavaVM.framework/Versions/A/JavaVM
0x0000000014b8e000 	/System/Library/PrivateFrameworks/JavaLaunching.framework/Versions/A/JavaLaunching
0x0000000014b8e000 	/System/Library/Frameworks/Carbon.framework/Versions/A/Carbon
0x0000000014b8e000 	/System/Library/Frameworks/Carbon.framework/Versions/A/Frameworks/CommonPanels.framework/Versions/A/CommonPanels
0x0000000014b8e000 	/System/Library/Frameworks/Carbon.framework/Versions/A/Frameworks/Help.framework/Versions/A/Help
0x0000000014b8e000 	/System/Library/Frameworks/Carbon.framework/Versions/A/Frameworks/ImageCapture.framework/Versions/A/ImageCapture
0x0000000014b8e000 	/System/Library/Frameworks/Carbon.framework/Versions/A/Frameworks/OpenScripting.framework/Versions/A/OpenScripting
0x0000000014b8e000 	/System/Library/Frameworks/Carbon.framework/Versions/A/Frameworks/Print.framework/Versions/A/Print
0x0000000014b8e000 	/System/Library/Frameworks/Carbon.framework/Versions/A/Frameworks/SecurityHI.framework/Versions/A/SecurityHI
0x000000010c739000 	/Library/Java/JavaVirtualMachines/jdk1.8.0_171.jdk/Contents/Home/jre/lib/libawt_lwawt.dylib
0x000000010c7f3000 	/Library/Java/JavaVirtualMachines/jdk1.8.0_171.jdk/Contents/Home/jre/lib/./libosxapp.dylib
0x0000000014b8e000 	/System/Library/Frameworks/ExceptionHandling.framework/Versions/A/ExceptionHandling
0x0000000014b8e000 	/System/Library/PrivateFrameworks/CoreServicesInternal.framework/Versions/A/CoreServicesInternal
0x0000000014b8e000 	/System/Library/CoreServices/RawCamera.bundle/Contents/MacOS/RawCamera
0x0000000014b8e000 	/System/Library/PrivateFrameworks/MobileAsset.framework/Versions/A/MobileAsset
0x0000000014b8e000 	/System/Library/PrivateFrameworks/StreamingZip.framework/Versions/A/StreamingZip
0x0000000014b8e000 	/System/Library/Frameworks/MediaToolbox.framework/Versions/A/MediaToolbox
0x0000000014b8e000 	/System/Library/PrivateFrameworks/CoreAVCHD.framework/Versions/A/CoreAVCHD
0x0000000014b8e000 	/System/Library/Frameworks/MediaAccessibility.framework/Versions/A/MediaAccessibility
0x0000000014b8e000 	/System/Library/PrivateFrameworks/Mangrove.framework/Versions/A/Mangrove
0x0000000014b8e000 	/System/Library/Frameworks/CoreMedia.framework/Versions/A/CoreMedia
0x0000000014b8e000 	/System/Library/Frameworks/VideoToolbox.framework/Versions/A/VideoToolbox
0x0000000014b8e000 	/System/Library/PrivateFrameworks/CoreAUC.framework/Versions/A/CoreAUC
0x0000000014b8e000 	/usr/lib/libspindump.dylib
0x0000000014b8e000 	/System/Library/PrivateFrameworks/AppleVA.framework/Versions/A/AppleVA
0x0000000014b8e000 	/System/Library/Frameworks/Accelerate.framework/Versions/A/Frameworks/vImage.framework/Versions/A/Libraries/libCGInterfaces.dylib
0x0000000014b8e000 	/System/Library/PrivateFrameworks/FamilyControls.framework/Versions/A/FamilyControls
0x0000000014b8e000 	/System/Library/PrivateFrameworks/CommerceKit.framework/Versions/A/Frameworks/CommerceCore.framework/Versions/A/CommerceCore
0x0000000014b8e000 	/System/Library/PrivateFrameworks/SystemAdministration.framework/Versions/A/SystemAdministration
0x0000000014b8e000 	/System/Library/PrivateFrameworks/AppContainer.framework/Versions/A/AppContainer
0x0000000014b8e000 	/System/Library/PrivateFrameworks/AppSandbox.framework/Versions/A/AppSandbox
0x0000000014b8e000 	/System/Library/PrivateFrameworks/SecCodeWrapper.framework/Versions/A/SecCodeWrapper
0x0000000014b8e000 	/usr/lib/libsandbox.1.dylib
0x0000000014b8e000 	/usr/lib/libMatch.1.dylib
0x0000000014b8e000 	/System/Library/PrivateFrameworks/DiskManagement.framework/Versions/A/DiskManagement
0x0000000014b8e000 	/System/Library/Frameworks/DirectoryService.framework/Versions/A/DirectoryService
0x0000000014b8e000 	/System/Library/PrivateFrameworks/DiskImages.framework/Versions/A/DiskImages
0x0000000014b8e000 	/System/Library/PrivateFrameworks/LoginUIKit.framework/Versions/A/Frameworks/LoginUICore.framework/Versions/A/LoginUICore
0x0000000014b8e000 	/usr/lib/libCoreStorage.dylib
0x0000000014b8e000 	/usr/lib/libcsfde.dylib
0x0000000014b8e000 	/usr/lib/libodfde.dylib
0x0000000014b8e000 	/System/Library/PrivateFrameworks/MediaKit.framework/Versions/A/MediaKit
0x0000000014b8e000 	/System/Library/Frameworks/DiscRecording.framework/Versions/A/DiscRecording
0x0000000014b8e000 	/System/Library/PrivateFrameworks/EFILogin.framework/Versions/A/EFILogin
0x0000000014b8e000 	/System/Library/PrivateFrameworks/ProtectedCloudStorage.framework/Versions/A/ProtectedCloudStorage
0x0000000014b8e000 	/usr/lib/libcurl.4.dylib
0x0000000014b8e000 	/usr/lib/libcrypto.42.dylib
0x0000000014b8e000 	/usr/lib/libssl.44.dylib
0x0000000014b8e000 	/System/Library/Frameworks/LDAP.framework/Versions/A/LDAP
0x0000000014b8e000 	/System/Library/PrivateFrameworks/TrustEvaluationAgent.framework/Versions/A/TrustEvaluationAgent
0x0000000014b8e000 	/usr/lib/libsasl2.2.dylib
0x0000000014b8e000 	/System/Library/PrivateFrameworks/CoreDaemon.framework/Versions/B/CoreDaemon
0x0000000014b8e000 	/System/Library/PrivateFrameworks/AppleSRP.framework/Versions/A/AppleSRP
0x0000000014b8e000 	/System/Library/PrivateFrameworks/ViewBridge.framework/Versions/A/ViewBridge
0x0000000014b8e000 	/System/Library/Frameworks/ApplicationServices.framework/Versions/A/Frameworks/ATS.framework/Versions/A/Resources/libTrueTypeScaler.dylib
0x000000010f3b2000 	/Library/Java/JavaVirtualMachines/jdk1.8.0_171.jdk/Contents/Home/jre/lib/libfontmanager.dylib
0x0000000014b8e000 	/System/Library/Extensions/AppleIntelKBLGraphicsMTLDriver.bundle/Contents/MacOS/AppleIntelKBLGraphicsMTLDriver
0x000000011005d000 	/Library/Java/JavaVirtualMachines/jdk1.8.0_171.jdk/Contents/Home/jre/lib/libosxui.dylib
0x0000000014b8e000 	/System/Library/Extensions/AMDMTLBronzeDriver.bundle/Contents/MacOS/AMDMTLBronzeDriver
0x0000000014b8e000 	/System/Library/PrivateFrameworks/IOAccelMemoryInfo.framework/Versions/A/IOAccelMemoryInfo
0x0000000014b8e000 	/System/Library/PrivateFrameworks/GPUCompiler.framework/Versions/3902/Libraries/libmetal_timestamp.dylib
0x0000000014b8e000 	/System/Library/Frameworks/OpenGL.framework/Versions/A/Resources/GLEngine.bundle/GLEngine
0x0000000014b8e000 	/System/Library/Frameworks/OpenGL.framework/Versions/A/Libraries/libGLProgrammability.dylib
0x0000000014b8e000 	/System/Library/Extensions/AppleIntelKBLGraphicsGLDriver.bundle/Contents/MacOS/AppleIntelKBLGraphicsGLDriver
0x0000000014b8e000 	/System/Library/PrivateFrameworks/GPUSupport.framework/Versions/A/Libraries/libGPUSupportMercury.dylib
0x000000012814a000 	/System/Library/Extensions/AMDRadeonX4000GLDriver.bundle/Contents/MacOS/AMDRadeonX4000GLDriver
0x0000000014b8e000 	/System/Library/Extensions/AMDRadeonX4000GLDriver.bundle/Contents/MacOS/ATIRadeonX4000SCLib.dylib
0x0000000014b8e000 	/System/Library/Frameworks/OpenGL.framework/Versions/A/Resources/GLRendererFloat.bundle/GLRendererFloat
0x0000000014b8e000 	/System/Library/Frameworks/OpenCL.framework/Versions/A/Libraries/libcldcpuengine.dylib
0x0000000014b8e000 	/usr/lib/libcrypto.35.dylib
0x000000012881e000 	/Library/Java/JavaVirtualMachines/jdk1.8.0_171.jdk/Contents/Home/jre/lib/libnet.dylib
0x0000000128835000 	/Library/Java/JavaVirtualMachines/jdk1.8.0_171.jdk/Contents/Home/jre/lib/libnio.dylib
0x0000000014b8e000 	/System/Library/PrivateFrameworks/CloudDocs.framework/Versions/A/CloudDocs
0x0000000014b8e000 	/System/Library/PrivateFrameworks/FileProvider.framework/Versions/A/FileProvider
0x0000000014b8e000 	/System/Library/PrivateFrameworks/SpotlightIndex.framework/Versions/A/SpotlightIndex
0x0000000014b8e000 	/System/Library/PrivateFrameworks/SymptomDiagnosticReporter.framework/Versions/A/SymptomDiagnosticReporter
0x0000000014b8e000 	/System/Library/PrivateFrameworks/GenerationalStorage.framework/Versions/A/GenerationalStorage
0x0000000014b8e000 	/System/Library/PrivateFrameworks/ChunkingLibrary.framework/Versions/A/ChunkingLibrary
0x0000000014b8e000 	/System/Library/PrivateFrameworks/PowerLog.framework/Versions/A/PowerLog
0x0000000014b8e000 	/System/Library/PrivateFrameworks/CoreAnalytics.framework/Versions/A/CoreAnalytics
0x0000000157bff000 	/private/var/folders/_z/v8f7cf8s2kx4481c6qgls0pjbzd1rx/T/browsercore-60.0.3112.113.6.19.1/data/Temp/libbrowsercore-common64-b24818e7-dc16-44f5-bd1f-924bec3edf62.dylib
0x0000000157c0f000 	/var/folders/_z/v8f7cf8s2kx4481c6qgls0pjbzd1rx/T/browsercore-60.0.3112.113.6.19.1/browsercore.app/Contents/Frameworks/BrowserCore.framework/Libraries/libbrowsercore.dylib
0x0000000014b8e000 	/System/Library/Frameworks/Quartz.framework/Versions/A/Quartz
0x0000000014b8e000 	/System/Library/Frameworks/AVFoundation.framework/Versions/A/AVFoundation
0x0000000014b8e000 	/System/Library/Frameworks/AddressBook.framework/Versions/A/AddressBook
0x0000000014b8e000 	/System/Library/Frameworks/ImageCaptureCore.framework/Versions/A/ImageCaptureCore
0x0000000014b8e000 	/System/Library/Frameworks/SecurityInterface.framework/Versions/A/SecurityInterface
0x0000000014b8e000 	/System/Library/Frameworks/CoreMIDI.framework/Versions/A/CoreMIDI
0x0000000014b8e000 	/System/Library/Frameworks/GameController.framework/Versions/A/GameController
0x0000000014b8e000 	/System/Library/Frameworks/Quartz.framework/Versions/A/Frameworks/QuartzComposer.framework/Versions/A/QuartzComposer
0x0000000014b8e000 	/System/Library/Frameworks/Quartz.framework/Versions/A/Frameworks/PDFKit.framework/Versions/A/PDFKit
0x0000000014b8e000 	/System/Library/Frameworks/Quartz.framework/Versions/A/Frameworks/QuartzFilters.framework/Versions/A/QuartzFilters
0x0000000014b8e000 	/System/Library/Frameworks/Quartz.framework/Versions/A/Frameworks/ImageKit.framework/Versions/A/ImageKit
0x0000000014b8e000 	/System/Library/Frameworks/Quartz.framework/Versions/A/Frameworks/QuickLookUI.framework/Versions/A/QuickLookUI
0x0000000014b8e000 	/System/Library/Frameworks/JavaScriptCore.framework/Versions/A/JavaScriptCore
0x0000000014b8e000 	/System/Library/Frameworks/QTKit.framework/Versions/A/QTKit
0x0000000014b8e000 	/System/Library/PrivateFrameworks/AppleSystemInfo.framework/Versions/A/AppleSystemInfo
0x0000000014b8e000 	/System/Library/PrivateFrameworks/CoreMediaAuthoring.framework/Versions/A/CoreMediaAuthoring
0x0000000014b8e000 	/System/Library/Frameworks/CoreMediaIO.framework/Versions/A/CoreMediaIO
0x0000000014b8e000 	/System/Library/Frameworks/AVFoundation.framework/Versions/A/Frameworks/AVFAudio.framework/Versions/A/AVFAudio
0x0000000014b8e000 	/System/Library/PrivateFrameworks/InternationalSupport.framework/Versions/A/InternationalSupport
0x0000000014b8e000 	/System/Library/PrivateFrameworks/RemoteServiceDiscovery.framework/Versions/A/RemoteServiceDiscovery
0x0000000014b8e000 	/System/Library/PrivateFrameworks/RemoteXPC.framework/Versions/A/RemoteXPC
0x0000000014b8e000 	/System/Library/PrivateFrameworks/CorePDF.framework/Versions/A/CorePDF
0x0000000014b8e000 	/System/Library/Frameworks/QuickLook.framework/Versions/A/QuickLook
0x0000000014b8e000 	/System/Library/PrivateFrameworks/DisplayServices.framework/Versions/A/DisplayServices
0x0000000014b8e000 	/System/Library/PrivateFrameworks/QuickLookThumbnailing.framework/Versions/A/QuickLookThumbnailing
0x0000000014b8e000 	/System/Library/PrivateFrameworks/CoreBrightness.framework/Versions/A/CoreBrightness
0x0000000014b8e000 	/System/Library/PrivateFrameworks/BezelServices.framework/Versions/A/BezelServices
0x0000000014b8e000 	/System/Library/Frameworks/SafariServices.framework/Versions/A/SafariServices
0x0000000014b8e000 	/System/Library/PrivateFrameworks/QuickLookNonBaseSystem.framework/Versions/A/QuickLookNonBaseSystem
0x0000000014b8e000 	/System/Library/PrivateFrameworks/MarkupUI.framework/Versions/A/MarkupUI
0x0000000014b8e000 	/System/Library/PrivateFrameworks/AnnotationKit.framework/Versions/A/AnnotationKit
0x0000000014b8e000 	/System/Library/PrivateFrameworks/PencilKit.framework/Versions/A/PencilKit
0x0000000014b8e000 	/System/Library/PrivateFrameworks/CoreHandwriting.framework/Versions/A/CoreHandwriting
0x0000000014b8e000 	/System/Library/Frameworks/MetalKit.framework/Versions/A/MetalKit
0x0000000014b8e000 	/System/Library/Frameworks/CoreML.framework/Versions/A/CoreML
0x0000000014b8e000 	/System/Library/PrivateFrameworks/Espresso.framework/Versions/A/Espresso
0x0000000014b8e000 	/System/Library/PrivateFrameworks/Montreal.framework/Versions/A/Montreal
0x0000000014b8e000 	/System/Library/PrivateFrameworks/ContactsPersistence.framework/Versions/A/ContactsPersistence
0x0000000014b8e000 	/System/Library/PrivateFrameworks/AddressBookCore.framework/Versions/A/AddressBookCore
0x0000000014b8e000 	/System/Library/PrivateFrameworks/CalendarAgentLink.framework/Versions/A/CalendarAgentLink
0x0000000014b8e000 	/System/Library/PrivateFrameworks/ContactsFoundation.framework/Versions/A/ContactsFoundation
0x0000000014b8e000 	/System/Library/PrivateFrameworks/IntlPreferences.framework/Versions/A/IntlPreferences
0x0000000014b8e000 	/System/Library/PrivateFrameworks/ToneKit.framework/Versions/A/ToneKit
0x0000000014b8e000 	/System/Library/PrivateFrameworks/ToneLibrary.framework/Versions/A/ToneLibrary
0x0000000014b8e000 	/System/Library/PrivateFrameworks/vCard.framework/Versions/A/vCard
0x0000000014b8e000 	/System/Library/Frameworks/Accounts.framework/Versions/A/Accounts
0x0000000014b8e000 	/System/Library/PrivateFrameworks/PhoneNumbers.framework/Versions/A/PhoneNumbers
0x0000000014b8e000 	/System/Library/PrivateFrameworks/login.framework/Versions/A/login
0x0000000014b8e000 	/System/Library/PrivateFrameworks/ApplePushService.framework/Versions/A/ApplePushService
0x0000000014b8e000 	/System/Library/Frameworks/Contacts.framework/Versions/A/Contacts
0x0000000014b8e000 	/System/Library/PrivateFrameworks/CommonUtilities.framework/Versions/A/CommonUtilities
0x0000000014b8e000 	/System/Library/PrivateFrameworks/Bom.framework/Versions/A/Bom
0x0000000014b8e000 	/System/Library/PrivateFrameworks/AppleLDAP.framework/Versions/A/AppleLDAP
0x0000000014b8e000 	/usr/lib/libexpat.1.dylib
0x000000010fdcc000 	/System/Library/Extensions/AppleHDA.kext/Contents/PlugIns/AppleHDAHALPlugIn.bundle/Contents/MacOS/AppleHDAHALPlugIn
0x000000010fe7a000 	/System/Library/Frameworks/CoreMediaIO.framework/Resources/VDC.plugin/Contents/MacOS/VDC
0x000000010fde0000 	/usr/lib/libobjc-trampolines.dylib
0x0000000169a0d000 	/Library/Java/JavaVirtualMachines/jdk1.8.0_171.jdk/Contents/Home/jre/lib/libdcpr.dylib

VM Arguments:
jvm_args: -Xms500m -Xss500m -Dfile.encoding=UTF-8 
java_command: edb.frame.EDBFrame esl /Users/clarkt1/Dropbox/Aston_Files/Research/ESL
java_class_path (initial): /Library/Java/JavaVirtualMachines/jdk1.8.0_171.jdk/Contents/Home/jre/lib/resources.jar:/Library/Java/JavaVirtualMachines/jdk1.8.0_171.jdk/Contents/Home/jre/lib/rt.jar:/Library/Java/JavaVirtualMachines/jdk1.8.0_171.jdk/Contents/Home/jre/lib/jsse.jar:/Library/Java/JavaVirtualMachines/jdk1.8.0_171.jdk/Contents/Home/jre/lib/jce.jar:/Library/Java/JavaVirtualMachines/jdk1.8.0_171.jdk/Contents/Home/jre/lib/charsets.jar:/Library/Java/JavaVirtualMachines/jdk1.8.0_171.jdk/Contents/Home/jre/lib/jfr.jar:/Library/Java/JavaVirtualMachines/jdk1.8.0_171.jdk/Contents/Home/jre/lib/ext/sunec.jar:/Library/Java/JavaVirtualMachines/jdk1.8.0_171.jdk/Contents/Home/jre/lib/ext/nashorn.jar:/Library/Java/JavaVirtualMachines/jdk1.8.0_171.jdk/Contents/Home/jre/lib/ext/cldrdata.jar:/Library/Java/JavaVirtualMachines/jdk1.8.0_171.jdk/Contents/Home/jre/lib/ext/jfxrt.jar:/Library/Java/JavaVirtualMachines/jdk1.8.0_171.jdk/Contents/Home/jre/lib/ext/dnsns.jar:/Library/Java/JavaVirtualMachines/jdk1.8.0_171.jdk/Contents/Home/jre/lib/ext/localedata.jar:/Library/Java/JavaVirtualMachines/jdk1.8.0_171.jdk/Contents/Home/jre/lib/ext/sunjce_provider.jar:/Library/Java/JavaVirtualMachines/jdk1.8.0_171.jdk/Contents/Home/jre/lib/ext/sunpkcs11.jar:/Library/Java/JavaVirtualMachines/jdk1.8.0_171.jdk/Contents/Home/jre/lib/ext/jaccess.jar:/Library/Java/JavaVirtualMachines/jdk1.8.0_171.jdk/Contents/Home/jre/lib/ext/zipfs.jar:/System/Library/Java/Extensions/MRJToolkit.jar:/Users/clarkt1/Dropbox/Aston_Files/workspace/esl/bin:/Users/clarkt1/Dropbox/Aston_Files/workspace/esl/lib/licence.jar:/Users/clarkt1/Dropbox/Aston_Files/workspace/esl/lib/jfreesvg-3.2.jar:/Users/clarkt1/Dropbox/Aston_Files/workspace/esl/lib/jfreechart-1.0.19/lib/jcommon-1.0.23.jar:/Users/clarkt1/Dropbox/Aston_Files/workspace/esl/lib/jfreechart-1.0.19/lib/jfreesvg-2.0.jar:/Users/clarkt1/Dropbox/Aston_Files/workspace/esl/lib/jfreechart-1.0.19/lib/junit-4.11.jar:/Users/clarkt1/Dropbox/Aston_Files/workspace/esl/lib/jfreechart-1.0
Launcher Type: SUN_STANDARD

Environment Variables:
PATH=/usr/bin:/bin:/usr/sbin:/sbin
SHELL=/bin/bash

Signal Handlers:
SIGSEGV: [libjvm.dylib+0x5b512d], sa_mask[0]=11111111011111110111111111111111, sa_flags=SA_ONSTACK|SA_RESTART|SA_SIGINFO
SIGBUS: [libjvm.dylib+0x5b512d], sa_mask[0]=11111111011111110111111111111111, sa_flags=SA_RESTART|SA_SIGINFO
SIGFPE: [libjvm.dylib+0x48aa90], sa_mask[0]=11111111011111110111111111111111, sa_flags=SA_RESTART|SA_SIGINFO
SIGPIPE: [libjvm.dylib+0x48aa90], sa_mask[0]=11111111011111110111111111111111, sa_flags=SA_RESTART|SA_SIGINFO
SIGXFSZ: [libjvm.dylib+0x48aa90], sa_mask[0]=11111111011111110111111111111111, sa_flags=SA_RESTART|SA_SIGINFO
SIGILL: [libjvm.dylib+0x48aa90], sa_mask[0]=11111111011111110111111111111111, sa_flags=SA_RESTART|SA_SIGINFO
SIGUSR1: SIG_DFL, sa_mask[0]=00000000000000000000000000000000, sa_flags=none
SIGUSR2: [libjvm.dylib+0x48a5ae], sa_mask[0]=00100000000000000000000000000000, sa_flags=SA_RESTART|SA_SIGINFO
SIGHUP: [libjvm.dylib+0x488b79], sa_mask[0]=11111111011111110111111111111111, sa_flags=SA_RESTART|SA_SIGINFO
SIGINT: [libjvm.dylib+0x488b79], sa_mask[0]=11111111011111110111111111111111, sa_flags=SA_RESTART|SA_SIGINFO
SIGTERM: [libjvm.dylib+0x488b79], sa_mask[0]=11111111011111110111111111111111, sa_flags=SA_RESTART|SA_SIGINFO
SIGQUIT: [libjvm.dylib+0x488b79], sa_mask[0]=11111111011111110111111111111111, sa_flags=SA_RESTART|SA_SIGINFO


---------------  S Y S T E M  ---------------

OS:Bsduname:Darwin 18.2.0 Darwin Kernel Version 18.2.0: Fri Oct  5 19:41:49 PDT 2018; root:xnu-4903.221.2~2/RELEASE_X86_64 x86_64
rlimit: STACK 8192k, CORE 0k, NPROC 1418, NOFILE 10240, AS infinity
load average:1.71 1.72 1.70

CPU:total 8 (initial active 8) (4 cores per cpu, 2 threads per core) family 6 model 158 stepping 9, cmov, cx8, fxsr, mmx, sse, sse2, sse3, ssse3, sse4.1, sse4.2, popcnt, avx, avx2, aes, clmul, erms, rtm, 3dnowpref, lzcnt, ht, tsc, tscinvbit, bmi1, bmi2, adx

Memory: 4k page, physical 16777216k(143812k free)

/proc/meminfo:


vm_info: Java HotSpot(TM) 64-Bit Server VM (25.171-b11) for bsd-amd64 JRE (1.8.0_171-b11), built on Mar 28 2018 12:50:57 by "java_re" with gcc 4.2.1 (Based on Apple Inc. build 5658) (LLVM build 2336.11.00)

time: Tue Dec 18 19:48:37 2018
elapsed time: 2336 seconds (0d 0h 38m 56s)

